2019-10-21 00:19:12 INFO  [main] (PurchaseTest.java:50) - system properties are set...
2019-10-21 00:19:21 INFO  [main] (PurchaseTest.java:52) - chrome browser is launched...
2019-10-21 00:19:26 INFO  [main] (PurchaseTest.java:64) - window is maximiesed...
2019-10-21 00:19:54 INFO  [main] (PurchaseTest.java:79) - storepage opened successfully...
2019-10-21 00:19:54 INFO  [main] (PurchaseTest.java:80) - storepage captured successfully....
2019-10-21 00:19:59 INFO  [main] (PurchaseTest.java:84) - category link successfully clicked...
2019-10-21 00:19:59 INFO  [main] (PurchaseTest.java:90) - prodcategory page successfully opened...
2019-10-21 00:19:59 INFO  [main] (PurchaseTest.java:91) - prodcategory page captured successfully...
2019-10-21 00:20:04 INFO  [main] (PurchaseTest.java:97) - productcategory link successfully clicked...
2019-10-21 00:20:05 INFO  [main] (PurchaseTest.java:101) - prodinprodcategory page successfully opened...
2019-10-21 00:20:05 INFO  [main] (PurchaseTest.java:102) - prodinprodcategory page captured successfully...
2019-10-21 00:20:25 ERROR [main] (productPage.java:39) - Exception occurred is:org.openqa.selenium.TimeoutException: Expected condition failed: waiting for element to be clickable: By.xpath: (//div[@class='content']//a[@href='http://localhost/Avactis/product-info.php?Pure_cotton_T-Shirt-pid47.html'])[2] (tried for 10 second(s) with 500 MILLISECONDS interval)
2019-10-21 00:20:25 INFO  [main] (PurchaseTest.java:109) - product link successfully clicked...
2019-10-21 00:20:25 INFO  [main] (PurchaseTest.java:115) - product1 page successfully opened...
2019-10-21 00:20:45 ERROR [main] (PurchaseProductPage.java:90) - Exception occured:org.openqa.selenium.TimeoutException: Expected condition failed: waiting for element to be clickable: By.xpath: //option[@value='386'] (tried for 10 second(s) with 500 MILLISECONDS interval)
2019-10-21 00:21:06 ERROR [main] (PurchaseProductPage.java:99) - Exception occured:org.openqa.selenium.TimeoutException: Expected condition failed: waiting for element to be clickable: By.xpath: //option[@value='390'] (tried for 10 second(s) with 500 MILLISECONDS interval)
2019-10-21 00:21:06 INFO  [main] (PurchaseTest.java:121) - product1 successfully added to cart...
2019-10-21 00:21:11 INFO  [main] (PurchaseTest.java:127) - storepage again opened successfully...
2019-10-21 00:21:11 INFO  [main] (PurchaseTest.java:128) - storepage again captured successfully....
2019-10-21 00:21:11 INFO  [main] (PurchaseTest.java:79) - storepage opened successfully...
2019-10-21 00:21:11 INFO  [main] (PurchaseTest.java:80) - storepage captured successfully....
2019-10-21 00:21:15 INFO  [main] (PurchaseTest.java:84) - category link successfully clicked...
2019-10-21 00:21:15 INFO  [main] (PurchaseTest.java:90) - prodcategory page successfully opened...
2019-10-21 00:21:15 INFO  [main] (PurchaseTest.java:91) - prodcategory page captured successfully...
2019-10-21 00:21:19 INFO  [main] (PurchaseTest.java:97) - productcategory link successfully clicked...
2019-10-21 00:21:19 INFO  [main] (PurchaseTest.java:101) - prodinprodcategory page successfully opened...
2019-10-21 00:21:19 INFO  [main] (PurchaseTest.java:102) - prodinprodcategory page captured successfully...
2019-10-21 00:21:23 INFO  [main] (PurchaseTest.java:109) - product link successfully clicked...
2019-10-21 00:21:24 INFO  [main] (PurchaseTest.java:115) - product1 page successfully opened...
2019-10-21 00:21:24 INFO  [main] (PurchaseTest.java:121) - product1 successfully added to cart...
2019-10-21 00:21:29 INFO  [main] (PurchaseTest.java:127) - storepage again opened successfully...
2019-10-21 00:21:29 INFO  [main] (PurchaseTest.java:128) - storepage again captured successfully....
2019-10-21 00:21:30 INFO  [main] (PurchaseTest.java:79) - storepage opened successfully...
2019-10-21 00:21:30 INFO  [main] (PurchaseTest.java:80) - storepage captured successfully....
2019-10-21 00:21:33 INFO  [main] (PurchaseTest.java:84) - category link successfully clicked...
2019-10-21 00:21:34 INFO  [main] (PurchaseTest.java:90) - prodcategory page successfully opened...
2019-10-21 00:21:34 INFO  [main] (PurchaseTest.java:91) - prodcategory page captured successfully...
2019-10-21 00:21:37 INFO  [main] (PurchaseTest.java:97) - productcategory link successfully clicked...
2019-10-21 00:21:38 INFO  [main] (PurchaseTest.java:101) - prodinprodcategory page successfully opened...
2019-10-21 00:21:38 INFO  [main] (PurchaseTest.java:102) - prodinprodcategory page captured successfully...
2019-10-21 00:21:58 ERROR [main] (productPage.java:39) - Exception occurred is:org.openqa.selenium.TimeoutException: Expected condition failed: waiting for element to be clickable: By.xpath: (//div[@class='content']//a[@href='http://localhost/Avactis/product-info.php?Avactis_Shopping_Cart_Web_Manual_-_Downloadable_products-pid33.html'])[2] (tried for 10 second(s) with 500 MILLISECONDS interval)
2019-10-21 00:21:58 INFO  [main] (PurchaseTest.java:109) - product link successfully clicked...
2019-10-21 00:21:58 INFO  [main] (PurchaseTest.java:115) - product1 page successfully opened...
2019-10-21 00:22:18 ERROR [main] (PurchaseProductPage.java:80) - Exception occured:org.openqa.selenium.TimeoutException: Expected condition failed: waiting for element to be clickable: By.xpath: //option[@value='93'] (tried for 10 second(s) with 500 MILLISECONDS interval)
2019-10-21 00:22:38 ERROR [main] (PurchaseProductPage.java:90) - Exception occured:org.openqa.selenium.TimeoutException: Expected condition failed: waiting for element to be clickable: By.xpath: //option[@value='386'] (tried for 10 second(s) with 500 MILLISECONDS interval)
2019-10-21 00:22:59 ERROR [main] (PurchaseProductPage.java:99) - Exception occured:org.openqa.selenium.TimeoutException: Expected condition failed: waiting for element to be clickable: By.xpath: //option[@value='390'] (tried for 10 second(s) with 500 MILLISECONDS interval)
2019-10-21 00:22:59 INFO  [main] (PurchaseTest.java:121) - product1 successfully added to cart...
2019-10-21 00:23:04 INFO  [main] (PurchaseTest.java:127) - storepage again opened successfully...
2019-10-21 00:23:04 INFO  [main] (PurchaseTest.java:128) - storepage again captured successfully....
2019-10-21 00:29:02 INFO  [main] (PurchaseTest.java:43) - system properties are set...
2019-10-21 00:29:28 INFO  [main] (PurchaseTest.java:45) - firefox browser is launched...
2019-10-21 00:29:28 INFO  [main] (PurchaseTest.java:64) - window is maximiesed...
2019-10-21 00:29:40 INFO  [main] (PurchaseTest.java:79) - storepage opened successfully...
2019-10-21 00:29:40 INFO  [main] (PurchaseTest.java:80) - storepage captured successfully....
2019-10-21 00:29:43 INFO  [main] (PurchaseTest.java:84) - category link successfully clicked...
2019-10-21 00:29:43 INFO  [main] (PurchaseTest.java:90) - prodcategory page successfully opened...
2019-10-21 00:29:43 INFO  [main] (PurchaseTest.java:91) - prodcategory page captured successfully...
2019-10-21 00:29:44 ERROR [main] (productPage.java:39) - Exception occurred is:org.openqa.selenium.ElementNotInteractableException: Element <a href="http://localhost/Avactis/product-info.php?Pure_cotton_T-Shirt-pid47.html"> could not be scrolled into view
Build info: version: '3.6.0', revision: '6fbf3ec767', time: '2017-09-27T15:28:36.4Z'
System info: host: 'DESKTOP-UFF7VOJ', ip: '192.168.1.8', os.name: 'Windows 10', os.arch: 'amd64', os.version: '10.0', java.version: '1.8.0_191'
Driver info: org.openqa.selenium.firefox.FirefoxDriver
Capabilities [{moz:profile=C:\Users\HP\AppData\Local\Temp\rust_mozprofile.67znaXBfUNze, rotatable=false, moz:geckodriverVersion=0.24.0, timeouts={implicit=0, pageLoad=300000, script=30000}, pageLoadStrategy=normal, unhandledPromptBehavior=dismiss and notify, strictFileInteractability=false, moz:headless=false, platform=WINDOWS, moz:accessibilityChecks=false, moz:useNonSpecCompliantPointerOrigin=false, acceptInsecureCerts=true, browserVersion=69.0.1, moz:shutdownTimeout=60000, platformVersion=10.0, moz:processID=11688, browserName=firefox, moz:buildID=20190917135527, javascriptEnabled=true, platformName=WINDOWS, setWindowRect=true, moz:webdriverClick=true}]
Session ID: 64bfbfa4-1791-4e12-ab3d-b372fe96d534
2019-10-21 00:29:44 INFO  [main] (PurchaseTest.java:97) - productcategory link successfully clicked...
2019-10-21 00:29:44 INFO  [main] (PurchaseTest.java:101) - prodinprodcategory page successfully opened...
2019-10-21 00:29:44 INFO  [main] (PurchaseTest.java:102) - prodinprodcategory page captured successfully...
2019-10-21 00:29:44 ERROR [main] (productPage.java:39) - Exception occurred is:org.openqa.selenium.ElementNotInteractableException: Element <a href="http://localhost/Avactis/product-info.php?Pure_cotton_T-Shirt-pid47.html"> could not be scrolled into view
Build info: version: '3.6.0', revision: '6fbf3ec767', time: '2017-09-27T15:28:36.4Z'
System info: host: 'DESKTOP-UFF7VOJ', ip: '192.168.1.8', os.name: 'Windows 10', os.arch: 'amd64', os.version: '10.0', java.version: '1.8.0_191'
Driver info: org.openqa.selenium.firefox.FirefoxDriver
Capabilities [{moz:profile=C:\Users\HP\AppData\Local\Temp\rust_mozprofile.67znaXBfUNze, rotatable=false, moz:geckodriverVersion=0.24.0, timeouts={implicit=0, pageLoad=300000, script=30000}, pageLoadStrategy=normal, unhandledPromptBehavior=dismiss and notify, strictFileInteractability=false, moz:headless=false, platform=WINDOWS, moz:accessibilityChecks=false, moz:useNonSpecCompliantPointerOrigin=false, acceptInsecureCerts=true, browserVersion=69.0.1, moz:shutdownTimeout=60000, platformVersion=10.0, moz:processID=11688, browserName=firefox, moz:buildID=20190917135527, javascriptEnabled=true, platformName=WINDOWS, setWindowRect=true, moz:webdriverClick=true}]
Session ID: 64bfbfa4-1791-4e12-ab3d-b372fe96d534
2019-10-21 00:29:44 INFO  [main] (PurchaseTest.java:109) - product link successfully clicked...
2019-10-21 00:29:44 INFO  [main] (PurchaseTest.java:115) - product1 page successfully opened...
2019-10-21 00:30:05 ERROR [main] (PurchaseProductPage.java:80) - Exception occured:org.openqa.selenium.TimeoutException: Expected condition failed: waiting for element to be clickable: By.xpath: //option[@value='93'] (tried for 10 second(s) with 500 MILLISECONDS interval)
2019-10-21 00:30:25 ERROR [main] (PurchaseProductPage.java:90) - Exception occured:org.openqa.selenium.TimeoutException: Expected condition failed: waiting for element to be clickable: By.xpath: //option[@value='386'] (tried for 10 second(s) with 500 MILLISECONDS interval)
2019-10-21 00:30:45 ERROR [main] (PurchaseProductPage.java:99) - Exception occured:org.openqa.selenium.TimeoutException: Expected condition failed: waiting for element to be clickable: By.xpath: //option[@value='390'] (tried for 10 second(s) with 500 MILLISECONDS interval)
2019-10-21 00:31:05 ERROR [main] (PurchaseProductPage.java:113) - Exception occured:org.openqa.selenium.TimeoutException: Expected condition failed: waiting for element to be clickable: By.xpath: //option[@value='1'] (tried for 10 second(s) with 500 MILLISECONDS interval)
2019-10-21 00:31:28 INFO  [main] (PurchaseTest.java:79) - storepage opened successfully...
2019-10-21 00:31:28 INFO  [main] (PurchaseTest.java:80) - storepage captured successfully....
2019-10-21 00:31:32 INFO  [main] (PurchaseTest.java:84) - category link successfully clicked...
2019-10-21 00:31:32 INFO  [main] (PurchaseTest.java:90) - prodcategory page successfully opened...
2019-10-21 00:31:32 INFO  [main] (PurchaseTest.java:91) - prodcategory page captured successfully...
2019-10-21 00:31:36 INFO  [main] (PurchaseTest.java:97) - productcategory link successfully clicked...
2019-10-21 00:31:36 INFO  [main] (PurchaseTest.java:101) - prodinprodcategory page successfully opened...
2019-10-21 00:31:36 INFO  [main] (PurchaseTest.java:102) - prodinprodcategory page captured successfully...
2019-10-21 00:31:36 ERROR [main] (productPage.java:39) - Exception occurred is:org.openqa.selenium.ElementNotInteractableException: Element <a href="http://localhost/Avactis/product-info.php?Dell_Inspiron_Slim_Desktop-pid18.html"> could not be scrolled into view
Build info: version: '3.6.0', revision: '6fbf3ec767', time: '2017-09-27T15:28:36.4Z'
System info: host: 'DESKTOP-UFF7VOJ', ip: '192.168.1.8', os.name: 'Windows 10', os.arch: 'amd64', os.version: '10.0', java.version: '1.8.0_191'
Driver info: org.openqa.selenium.firefox.FirefoxDriver
Capabilities [{moz:profile=C:\Users\HP\AppData\Local\Temp\rust_mozprofile.67znaXBfUNze, rotatable=false, moz:geckodriverVersion=0.24.0, timeouts={implicit=0, pageLoad=300000, script=30000}, pageLoadStrategy=normal, unhandledPromptBehavior=dismiss and notify, strictFileInteractability=false, moz:headless=false, platform=WINDOWS, moz:accessibilityChecks=false, moz:useNonSpecCompliantPointerOrigin=false, acceptInsecureCerts=true, browserVersion=69.0.1, moz:shutdownTimeout=60000, platformVersion=10.0, moz:processID=11688, browserName=firefox, moz:buildID=20190917135527, javascriptEnabled=true, platformName=WINDOWS, setWindowRect=true, moz:webdriverClick=true}]
Session ID: 64bfbfa4-1791-4e12-ab3d-b372fe96d534
2019-10-21 00:31:36 INFO  [main] (PurchaseTest.java:109) - product link successfully clicked...
2019-10-21 00:31:36 INFO  [main] (PurchaseTest.java:115) - product1 page successfully opened...
2019-10-21 00:31:56 ERROR [main] (PurchaseProductPage.java:80) - Exception occured:org.openqa.selenium.TimeoutException: Expected condition failed: waiting for element to be clickable: By.xpath: //option[@value='383'] (tried for 10 second(s) with 500 MILLISECONDS interval)
2019-10-21 00:32:16 ERROR [main] (PurchaseProductPage.java:90) - Exception occured:org.openqa.selenium.TimeoutException: Expected condition failed: waiting for element to be clickable: By.xpath: //option[@value='387'] (tried for 10 second(s) with 500 MILLISECONDS interval)
2019-10-21 00:32:36 ERROR [main] (PurchaseProductPage.java:99) - Exception occured:org.openqa.selenium.TimeoutException: Expected condition failed: waiting for element to be clickable: By.xpath: //option[@value='391'] (tried for 10 second(s) with 500 MILLISECONDS interval)
2019-10-21 00:32:56 ERROR [main] (PurchaseProductPage.java:113) - Exception occured:org.openqa.selenium.TimeoutException: Expected condition failed: waiting for element to be clickable: By.xpath: //option[@value='1'] (tried for 10 second(s) with 500 MILLISECONDS interval)
2019-10-21 00:32:57 INFO  [main] (PurchaseTest.java:121) - product1 successfully added to cart...
2019-10-21 00:33:01 INFO  [main] (PurchaseTest.java:127) - storepage again opened successfully...
2019-10-21 00:33:01 INFO  [main] (PurchaseTest.java:128) - storepage again captured successfully....
2019-10-21 00:33:02 INFO  [main] (PurchaseTest.java:79) - storepage opened successfully...
2019-10-21 00:33:02 INFO  [main] (PurchaseTest.java:80) - storepage captured successfully....
2019-10-21 00:33:05 INFO  [main] (PurchaseTest.java:84) - category link successfully clicked...
2019-10-21 00:33:05 INFO  [main] (PurchaseTest.java:90) - prodcategory page successfully opened...
2019-10-21 00:33:05 INFO  [main] (PurchaseTest.java:91) - prodcategory page captured successfully...
2019-10-21 00:33:05 ERROR [main] (productPage.java:39) - Exception occurred is:org.openqa.selenium.ElementNotInteractableException: Element <a href="http://localhost/Avactis/product-info.php?Avactis_Shopping_Cart_Web_Manual_-_Downloadable_products-pid33.html"> could not be scrolled into view
Build info: version: '3.6.0', revision: '6fbf3ec767', time: '2017-09-27T15:28:36.4Z'
System info: host: 'DESKTOP-UFF7VOJ', ip: '192.168.1.8', os.name: 'Windows 10', os.arch: 'amd64', os.version: '10.0', java.version: '1.8.0_191'
Driver info: org.openqa.selenium.firefox.FirefoxDriver
Capabilities [{moz:profile=C:\Users\HP\AppData\Local\Temp\rust_mozprofile.67znaXBfUNze, rotatable=false, moz:geckodriverVersion=0.24.0, timeouts={implicit=0, pageLoad=300000, script=30000}, pageLoadStrategy=normal, unhandledPromptBehavior=dismiss and notify, strictFileInteractability=false, moz:headless=false, platform=WINDOWS, moz:accessibilityChecks=false, moz:useNonSpecCompliantPointerOrigin=false, acceptInsecureCerts=true, browserVersion=69.0.1, moz:shutdownTimeout=60000, platformVersion=10.0, moz:processID=11688, browserName=firefox, moz:buildID=20190917135527, javascriptEnabled=true, platformName=WINDOWS, setWindowRect=true, moz:webdriverClick=true}]
Session ID: 64bfbfa4-1791-4e12-ab3d-b372fe96d534
2019-10-21 00:33:05 INFO  [main] (PurchaseTest.java:97) - productcategory link successfully clicked...
2019-10-21 00:33:05 INFO  [main] (PurchaseTest.java:101) - prodinprodcategory page successfully opened...
2019-10-21 00:33:05 INFO  [main] (PurchaseTest.java:102) - prodinprodcategory page captured successfully...
2019-10-21 00:33:05 ERROR [main] (productPage.java:39) - Exception occurred is:org.openqa.selenium.ElementNotInteractableException: Element <a href="http://localhost/Avactis/product-info.php?Avactis_Shopping_Cart_Web_Manual_-_Downloadable_products-pid33.html"> could not be scrolled into view
Build info: version: '3.6.0', revision: '6fbf3ec767', time: '2017-09-27T15:28:36.4Z'
System info: host: 'DESKTOP-UFF7VOJ', ip: '192.168.1.8', os.name: 'Windows 10', os.arch: 'amd64', os.version: '10.0', java.version: '1.8.0_191'
Driver info: org.openqa.selenium.firefox.FirefoxDriver
Capabilities [{moz:profile=C:\Users\HP\AppData\Local\Temp\rust_mozprofile.67znaXBfUNze, rotatable=false, moz:geckodriverVersion=0.24.0, timeouts={implicit=0, pageLoad=300000, script=30000}, pageLoadStrategy=normal, unhandledPromptBehavior=dismiss and notify, strictFileInteractability=false, moz:headless=false, platform=WINDOWS, moz:accessibilityChecks=false, moz:useNonSpecCompliantPointerOrigin=false, acceptInsecureCerts=true, browserVersion=69.0.1, moz:shutdownTimeout=60000, platformVersion=10.0, moz:processID=11688, browserName=firefox, moz:buildID=20190917135527, javascriptEnabled=true, platformName=WINDOWS, setWindowRect=true, moz:webdriverClick=true}]
Session ID: 64bfbfa4-1791-4e12-ab3d-b372fe96d534
2019-10-21 00:33:05 INFO  [main] (PurchaseTest.java:109) - product link successfully clicked...
2019-10-21 00:33:06 INFO  [main] (PurchaseTest.java:115) - product1 page successfully opened...
2019-10-21 00:33:26 ERROR [main] (PurchaseProductPage.java:80) - Exception occured:org.openqa.selenium.TimeoutException: Expected condition failed: waiting for element to be clickable: By.xpath: //option[@value='93'] (tried for 10 second(s) with 500 MILLISECONDS interval)
2019-10-21 00:33:46 ERROR [main] (PurchaseProductPage.java:90) - Exception occured:org.openqa.selenium.TimeoutException: Expected condition failed: waiting for element to be clickable: By.xpath: //option[@value='386'] (tried for 10 second(s) with 500 MILLISECONDS interval)
2019-10-21 00:34:06 ERROR [main] (PurchaseProductPage.java:99) - Exception occured:org.openqa.selenium.TimeoutException: Expected condition failed: waiting for element to be clickable: By.xpath: //option[@value='390'] (tried for 10 second(s) with 500 MILLISECONDS interval)
2019-10-21 00:34:26 ERROR [main] (PurchaseProductPage.java:113) - Exception occured:org.openqa.selenium.TimeoutException: Expected condition failed: waiting for element to be clickable: By.xpath: //option[@value='1'] (tried for 10 second(s) with 500 MILLISECONDS interval)
2019-10-21 00:34:26 INFO  [main] (PurchaseTest.java:121) - product1 successfully added to cart...
2019-10-21 00:34:30 INFO  [main] (PurchaseTest.java:127) - storepage again opened successfully...
2019-10-21 00:34:30 INFO  [main] (PurchaseTest.java:128) - storepage again captured successfully....
2019-10-21 00:42:14 INFO  [main] (PurchaseTest.java:43) - system properties are set...
2019-10-21 00:42:30 INFO  [main] (PurchaseTest.java:45) - firefox browser is launched...
2019-10-21 00:42:30 INFO  [main] (PurchaseTest.java:64) - window is maximiesed...
2019-10-21 00:42:37 INFO  [main] (PurchaseTest.java:79) - storepage opened successfully...
2019-10-21 00:42:37 INFO  [main] (PurchaseTest.java:80) - storepage captured successfully....
2019-10-21 00:42:40 INFO  [main] (PurchaseTest.java:84) - category link successfully clicked...
2019-10-21 00:42:40 INFO  [main] (PurchaseTest.java:90) - prodcategory page successfully opened...
2019-10-21 00:42:40 INFO  [main] (PurchaseTest.java:91) - prodcategory page captured successfully...
2019-10-21 00:42:40 ERROR [main] (productPage.java:39) - Exception occurred is:org.openqa.selenium.ElementNotInteractableException: Element <a href="http://localhost/Avactis/product-info.php?Pure_cotton_T-Shirt-pid47.html"> could not be scrolled into view
Build info: version: '3.6.0', revision: '6fbf3ec767', time: '2017-09-27T15:28:36.4Z'
System info: host: 'DESKTOP-UFF7VOJ', ip: '192.168.1.8', os.name: 'Windows 10', os.arch: 'amd64', os.version: '10.0', java.version: '1.8.0_191'
Driver info: org.openqa.selenium.firefox.FirefoxDriver
Capabilities [{moz:profile=C:\Users\HP\AppData\Local\Temp\rust_mozprofile.8DvxntVjPeFN, rotatable=false, moz:geckodriverVersion=0.24.0, timeouts={implicit=0, pageLoad=300000, script=30000}, pageLoadStrategy=normal, unhandledPromptBehavior=dismiss and notify, strictFileInteractability=false, moz:headless=false, platform=WINDOWS, moz:accessibilityChecks=false, moz:useNonSpecCompliantPointerOrigin=false, acceptInsecureCerts=true, browserVersion=69.0.1, moz:shutdownTimeout=60000, platformVersion=10.0, moz:processID=2156, browserName=firefox, moz:buildID=20190917135527, javascriptEnabled=true, platformName=WINDOWS, setWindowRect=true, moz:webdriverClick=true}]
Session ID: 0c28c3b1-597f-4e4c-8d27-58344b6d5c81
2019-10-21 00:42:40 INFO  [main] (PurchaseTest.java:97) - productcategory link successfully clicked...
2019-10-21 00:42:41 INFO  [main] (PurchaseTest.java:101) - prodinprodcategory page successfully opened...
2019-10-21 00:42:41 INFO  [main] (PurchaseTest.java:102) - prodinprodcategory page captured successfully...
2019-10-21 00:42:41 ERROR [main] (productPage.java:39) - Exception occurred is:org.openqa.selenium.ElementNotInteractableException: Element <a href="http://localhost/Avactis/product-info.php?Pure_cotton_T-Shirt-pid47.html"> could not be scrolled into view
Build info: version: '3.6.0', revision: '6fbf3ec767', time: '2017-09-27T15:28:36.4Z'
System info: host: 'DESKTOP-UFF7VOJ', ip: '192.168.1.8', os.name: 'Windows 10', os.arch: 'amd64', os.version: '10.0', java.version: '1.8.0_191'
Driver info: org.openqa.selenium.firefox.FirefoxDriver
Capabilities [{moz:profile=C:\Users\HP\AppData\Local\Temp\rust_mozprofile.8DvxntVjPeFN, rotatable=false, moz:geckodriverVersion=0.24.0, timeouts={implicit=0, pageLoad=300000, script=30000}, pageLoadStrategy=normal, unhandledPromptBehavior=dismiss and notify, strictFileInteractability=false, moz:headless=false, platform=WINDOWS, moz:accessibilityChecks=false, moz:useNonSpecCompliantPointerOrigin=false, acceptInsecureCerts=true, browserVersion=69.0.1, moz:shutdownTimeout=60000, platformVersion=10.0, moz:processID=2156, browserName=firefox, moz:buildID=20190917135527, javascriptEnabled=true, platformName=WINDOWS, setWindowRect=true, moz:webdriverClick=true}]
Session ID: 0c28c3b1-597f-4e4c-8d27-58344b6d5c81
2019-10-21 00:42:41 INFO  [main] (PurchaseTest.java:109) - product link successfully clicked...
2019-10-21 00:42:41 INFO  [main] (PurchaseTest.java:115) - product1 page successfully opened...
2019-10-21 00:43:01 ERROR [main] (PurchaseProductPage.java:80) - Exception occured:org.openqa.selenium.TimeoutException: Expected condition failed: waiting for element to be clickable: By.xpath: //option[@value='93'] (tried for 10 second(s) with 500 MILLISECONDS interval)
2019-10-21 00:43:21 ERROR [main] (PurchaseProductPage.java:90) - Exception occured:org.openqa.selenium.TimeoutException: Expected condition failed: waiting for element to be clickable: By.xpath: //option[@value='386'] (tried for 10 second(s) with 500 MILLISECONDS interval)
2019-10-21 00:43:41 ERROR [main] (PurchaseProductPage.java:99) - Exception occured:org.openqa.selenium.TimeoutException: Expected condition failed: waiting for element to be clickable: By.xpath: //option[@value='390'] (tried for 10 second(s) with 500 MILLISECONDS interval)
2019-10-21 00:44:01 ERROR [main] (PurchaseProductPage.java:113) - Exception occured:org.openqa.selenium.TimeoutException: Expected condition failed: waiting for element to be clickable: By.xpath: //option[@value='1'] (tried for 10 second(s) with 500 MILLISECONDS interval)
2019-10-21 00:44:25 INFO  [main] (PurchaseTest.java:79) - storepage opened successfully...
2019-10-21 00:44:25 INFO  [main] (PurchaseTest.java:80) - storepage captured successfully....
2019-10-21 00:44:28 INFO  [main] (PurchaseTest.java:84) - category link successfully clicked...
2019-10-21 00:44:28 INFO  [main] (PurchaseTest.java:90) - prodcategory page successfully opened...
2019-10-21 00:44:28 INFO  [main] (PurchaseTest.java:91) - prodcategory page captured successfully...
2019-10-21 00:44:31 INFO  [main] (PurchaseTest.java:97) - productcategory link successfully clicked...
2019-10-21 00:44:32 INFO  [main] (PurchaseTest.java:101) - prodinprodcategory page successfully opened...
2019-10-21 00:44:32 INFO  [main] (PurchaseTest.java:102) - prodinprodcategory page captured successfully...
2019-10-21 00:44:32 ERROR [main] (productPage.java:39) - Exception occurred is:org.openqa.selenium.ElementNotInteractableException: Element <a href="http://localhost/Avactis/product-info.php?Dell_Inspiron_Slim_Desktop-pid18.html"> could not be scrolled into view
Build info: version: '3.6.0', revision: '6fbf3ec767', time: '2017-09-27T15:28:36.4Z'
System info: host: 'DESKTOP-UFF7VOJ', ip: '192.168.1.8', os.name: 'Windows 10', os.arch: 'amd64', os.version: '10.0', java.version: '1.8.0_191'
Driver info: org.openqa.selenium.firefox.FirefoxDriver
Capabilities [{moz:profile=C:\Users\HP\AppData\Local\Temp\rust_mozprofile.8DvxntVjPeFN, rotatable=false, moz:geckodriverVersion=0.24.0, timeouts={implicit=0, pageLoad=300000, script=30000}, pageLoadStrategy=normal, unhandledPromptBehavior=dismiss and notify, strictFileInteractability=false, moz:headless=false, platform=WINDOWS, moz:accessibilityChecks=false, moz:useNonSpecCompliantPointerOrigin=false, acceptInsecureCerts=true, browserVersion=69.0.1, moz:shutdownTimeout=60000, platformVersion=10.0, moz:processID=2156, browserName=firefox, moz:buildID=20190917135527, javascriptEnabled=true, platformName=WINDOWS, setWindowRect=true, moz:webdriverClick=true}]
Session ID: 0c28c3b1-597f-4e4c-8d27-58344b6d5c81
2019-10-21 00:44:32 INFO  [main] (PurchaseTest.java:109) - product link successfully clicked...
2019-10-21 00:44:32 INFO  [main] (PurchaseTest.java:115) - product1 page successfully opened...
2019-10-21 00:44:52 ERROR [main] (PurchaseProductPage.java:80) - Exception occured:org.openqa.selenium.TimeoutException: Expected condition failed: waiting for element to be clickable: By.xpath: //option[@value='383'] (tried for 10 second(s) with 500 MILLISECONDS interval)
2019-10-21 00:45:12 ERROR [main] (PurchaseProductPage.java:90) - Exception occured:org.openqa.selenium.TimeoutException: Expected condition failed: waiting for element to be clickable: By.xpath: //option[@value='387'] (tried for 10 second(s) with 500 MILLISECONDS interval)
2019-10-21 00:45:32 ERROR [main] (PurchaseProductPage.java:99) - Exception occured:org.openqa.selenium.TimeoutException: Expected condition failed: waiting for element to be clickable: By.xpath: //option[@value='391'] (tried for 10 second(s) with 500 MILLISECONDS interval)
2019-10-21 00:45:52 ERROR [main] (PurchaseProductPage.java:113) - Exception occured:org.openqa.selenium.TimeoutException: Expected condition failed: waiting for element to be clickable: By.xpath: //option[@value='1'] (tried for 10 second(s) with 500 MILLISECONDS interval)
2019-10-21 00:45:52 INFO  [main] (PurchaseTest.java:121) - product1 successfully added to cart...
2019-10-21 00:45:56 INFO  [main] (PurchaseTest.java:127) - storepage again opened successfully...
2019-10-21 00:45:56 INFO  [main] (PurchaseTest.java:128) - storepage again captured successfully....
2019-10-21 00:45:57 INFO  [main] (PurchaseTest.java:79) - storepage opened successfully...
2019-10-21 00:45:57 INFO  [main] (PurchaseTest.java:80) - storepage captured successfully....
2019-10-21 00:46:00 INFO  [main] (PurchaseTest.java:84) - category link successfully clicked...
2019-10-21 00:46:00 INFO  [main] (PurchaseTest.java:90) - prodcategory page successfully opened...
2019-10-21 00:46:00 INFO  [main] (PurchaseTest.java:91) - prodcategory page captured successfully...
2019-10-21 00:46:00 ERROR [main] (productPage.java:39) - Exception occurred is:org.openqa.selenium.ElementNotInteractableException: Element <a href="http://localhost/Avactis/product-info.php?Avactis_Shopping_Cart_Web_Manual_-_Downloadable_products-pid33.html"> could not be scrolled into view
Build info: version: '3.6.0', revision: '6fbf3ec767', time: '2017-09-27T15:28:36.4Z'
System info: host: 'DESKTOP-UFF7VOJ', ip: '192.168.1.8', os.name: 'Windows 10', os.arch: 'amd64', os.version: '10.0', java.version: '1.8.0_191'
Driver info: org.openqa.selenium.firefox.FirefoxDriver
Capabilities [{moz:profile=C:\Users\HP\AppData\Local\Temp\rust_mozprofile.8DvxntVjPeFN, rotatable=false, moz:geckodriverVersion=0.24.0, timeouts={implicit=0, pageLoad=300000, script=30000}, pageLoadStrategy=normal, unhandledPromptBehavior=dismiss and notify, strictFileInteractability=false, moz:headless=false, platform=WINDOWS, moz:accessibilityChecks=false, moz:useNonSpecCompliantPointerOrigin=false, acceptInsecureCerts=true, browserVersion=69.0.1, moz:shutdownTimeout=60000, platformVersion=10.0, moz:processID=2156, browserName=firefox, moz:buildID=20190917135527, javascriptEnabled=true, platformName=WINDOWS, setWindowRect=true, moz:webdriverClick=true}]
Session ID: 0c28c3b1-597f-4e4c-8d27-58344b6d5c81
2019-10-21 00:46:00 INFO  [main] (PurchaseTest.java:97) - productcategory link successfully clicked...
2019-10-21 00:46:00 INFO  [main] (PurchaseTest.java:101) - prodinprodcategory page successfully opened...
2019-10-21 00:46:00 INFO  [main] (PurchaseTest.java:102) - prodinprodcategory page captured successfully...
2019-10-21 00:46:00 ERROR [main] (productPage.java:39) - Exception occurred is:org.openqa.selenium.ElementNotInteractableException: Element <a href="http://localhost/Avactis/product-info.php?Avactis_Shopping_Cart_Web_Manual_-_Downloadable_products-pid33.html"> could not be scrolled into view
Build info: version: '3.6.0', revision: '6fbf3ec767', time: '2017-09-27T15:28:36.4Z'
System info: host: 'DESKTOP-UFF7VOJ', ip: '192.168.1.8', os.name: 'Windows 10', os.arch: 'amd64', os.version: '10.0', java.version: '1.8.0_191'
Driver info: org.openqa.selenium.firefox.FirefoxDriver
Capabilities [{moz:profile=C:\Users\HP\AppData\Local\Temp\rust_mozprofile.8DvxntVjPeFN, rotatable=false, moz:geckodriverVersion=0.24.0, timeouts={implicit=0, pageLoad=300000, script=30000}, pageLoadStrategy=normal, unhandledPromptBehavior=dismiss and notify, strictFileInteractability=false, moz:headless=false, platform=WINDOWS, moz:accessibilityChecks=false, moz:useNonSpecCompliantPointerOrigin=false, acceptInsecureCerts=true, browserVersion=69.0.1, moz:shutdownTimeout=60000, platformVersion=10.0, moz:processID=2156, browserName=firefox, moz:buildID=20190917135527, javascriptEnabled=true, platformName=WINDOWS, setWindowRect=true, moz:webdriverClick=true}]
Session ID: 0c28c3b1-597f-4e4c-8d27-58344b6d5c81
2019-10-21 00:46:00 INFO  [main] (PurchaseTest.java:109) - product link successfully clicked...
2019-10-21 00:46:00 INFO  [main] (PurchaseTest.java:115) - product1 page successfully opened...
2019-10-21 00:46:20 ERROR [main] (PurchaseProductPage.java:80) - Exception occured:org.openqa.selenium.TimeoutException: Expected condition failed: waiting for element to be clickable: By.xpath: //option[@value='93'] (tried for 10 second(s) with 500 MILLISECONDS interval)
2019-10-21 00:46:40 ERROR [main] (PurchaseProductPage.java:90) - Exception occured:org.openqa.selenium.TimeoutException: Expected condition failed: waiting for element to be clickable: By.xpath: //option[@value='386'] (tried for 10 second(s) with 500 MILLISECONDS interval)
2019-10-21 00:47:01 ERROR [main] (PurchaseProductPage.java:99) - Exception occured:org.openqa.selenium.TimeoutException: Expected condition failed: waiting for element to be clickable: By.xpath: //option[@value='390'] (tried for 10 second(s) with 500 MILLISECONDS interval)
2019-10-21 00:47:21 ERROR [main] (PurchaseProductPage.java:113) - Exception occured:org.openqa.selenium.TimeoutException: Expected condition failed: waiting for element to be clickable: By.xpath: //option[@value='1'] (tried for 10 second(s) with 500 MILLISECONDS interval)
2019-10-21 00:47:21 INFO  [main] (PurchaseTest.java:121) - product1 successfully added to cart...
2019-10-21 00:47:25 INFO  [main] (PurchaseTest.java:127) - storepage again opened successfully...
2019-10-21 00:47:25 INFO  [main] (PurchaseTest.java:128) - storepage again captured successfully....
2019-10-21 01:29:44 INFO  [main] (PurchaseTest.java:43) - system properties are set...
2019-10-21 01:30:06 INFO  [main] (PurchaseTest.java:45) - firefox browser is launched...
2019-10-21 01:30:06 INFO  [main] (PurchaseTest.java:64) - window is maximiesed...
2019-10-21 01:30:23 INFO  [main] (PurchaseTest.java:79) - storepage opened successfully...
2019-10-21 01:30:23 INFO  [main] (PurchaseTest.java:80) - storepage captured successfully....
2019-10-21 01:30:26 INFO  [main] (PurchaseTest.java:84) - category link successfully clicked...
2019-10-21 01:30:27 INFO  [main] (PurchaseTest.java:90) - prodcategory page successfully opened...
2019-10-21 01:30:27 INFO  [main] (PurchaseTest.java:91) - prodcategory page captured successfully...
2019-10-21 01:30:27 INFO  [main] (productPage.java:42) - product link successfully clicked...
2019-10-21 01:30:31 INFO  [main] (PurchaseTest.java:79) - storepage opened successfully...
2019-10-21 01:30:31 INFO  [main] (PurchaseTest.java:80) - storepage captured successfully....
2019-10-21 01:30:34 INFO  [main] (PurchaseTest.java:84) - category link successfully clicked...
2019-10-21 01:30:34 INFO  [main] (PurchaseTest.java:90) - prodcategory page successfully opened...
2019-10-21 01:30:34 INFO  [main] (PurchaseTest.java:91) - prodcategory page captured successfully...
2019-10-21 01:30:35 INFO  [main] (productPage.java:42) - product link successfully clicked...
2019-10-21 01:30:42 INFO  [main] (PurchaseTest.java:79) - storepage opened successfully...
2019-10-21 01:30:42 INFO  [main] (PurchaseTest.java:80) - storepage captured successfully....
2019-10-21 01:32:16 INFO  [main] (PurchaseTest.java:43) - system properties are set...
2019-10-21 01:32:29 INFO  [main] (PurchaseTest.java:45) - firefox browser is launched...
2019-10-21 01:32:29 INFO  [main] (PurchaseTest.java:64) - window is maximiesed...
2019-10-21 01:33:37 INFO  [main] (PurchaseTest.java:50) - system properties are set...
2019-10-21 01:33:47 INFO  [main] (PurchaseTest.java:52) - chrome browser is launched...
2019-10-21 01:33:51 INFO  [main] (PurchaseTest.java:64) - window is maximiesed...
2019-10-21 01:34:02 INFO  [main] (PurchaseTest.java:79) - storepage opened successfully...
2019-10-21 01:34:02 INFO  [main] (PurchaseTest.java:80) - storepage captured successfully....
2019-10-21 01:34:07 INFO  [main] (PurchaseTest.java:84) - category link successfully clicked...
2019-10-21 01:34:07 INFO  [main] (PurchaseTest.java:90) - prodcategory page successfully opened...
2019-10-21 01:34:08 INFO  [main] (PurchaseTest.java:91) - prodcategory page captured successfully...
2019-10-21 01:34:14 INFO  [main] (productPage.java:42) - product link successfully clicked...
2019-10-21 01:34:14 INFO  [main] (PurchaseTest.java:101) - prodinprodcategory page successfully opened...
2019-10-21 01:34:14 INFO  [main] (PurchaseTest.java:102) - prodinprodcategory page captured successfully...
2019-10-21 01:34:35 ERROR [main] (productPage.java:46) - Exception occurred is:org.openqa.selenium.TimeoutException: Expected condition failed: waiting for element to be clickable: By.xpath: (//div[@class='content']//a[@href='http://localhost/Avactis/product-info.php?Pure_cotton_T-Shirt-pid47.html'])[2] (tried for 10 second(s) with 500 MILLISECONDS interval)
2019-10-21 01:34:55 ERROR [main] (PurchaseProductPage.java:90) - Exception occured:org.openqa.selenium.TimeoutException: Expected condition failed: waiting for element to be clickable: By.xpath: //option[@value='386'] (tried for 10 second(s) with 500 MILLISECONDS interval)
2019-10-21 01:35:16 ERROR [main] (PurchaseProductPage.java:99) - Exception occured:org.openqa.selenium.TimeoutException: Expected condition failed: waiting for element to be clickable: By.xpath: //option[@value='390'] (tried for 10 second(s) with 500 MILLISECONDS interval)
2019-10-21 01:35:16 INFO  [main] (PurchaseProductPage.java:117) - product successfully added to cart...
2019-10-21 01:35:23 INFO  [main] (PurchaseTest.java:126) - storepage again opened successfully...
2019-10-21 01:35:23 INFO  [main] (PurchaseTest.java:127) - storepage again captured successfully....
2019-10-21 01:35:23 INFO  [main] (PurchaseTest.java:79) - storepage opened successfully...
2019-10-21 01:35:23 INFO  [main] (PurchaseTest.java:80) - storepage captured successfully....
2019-10-21 01:35:27 INFO  [main] (PurchaseTest.java:84) - category link successfully clicked...
2019-10-21 01:35:27 INFO  [main] (PurchaseTest.java:90) - prodcategory page successfully opened...
2019-10-21 01:35:27 INFO  [main] (PurchaseTest.java:91) - prodcategory page captured successfully...
2019-10-21 01:35:31 INFO  [main] (productPage.java:42) - product link successfully clicked...
2019-10-21 01:35:31 INFO  [main] (PurchaseTest.java:101) - prodinprodcategory page successfully opened...
2019-10-21 01:35:31 INFO  [main] (PurchaseTest.java:102) - prodinprodcategory page captured successfully...
2019-10-21 01:35:35 INFO  [main] (productPage.java:42) - product link successfully clicked...
2019-10-21 01:35:36 INFO  [main] (PurchaseProductPage.java:117) - product successfully added to cart...
2019-10-21 01:35:41 INFO  [main] (PurchaseTest.java:126) - storepage again opened successfully...
2019-10-21 01:35:41 INFO  [main] (PurchaseTest.java:127) - storepage again captured successfully....
2019-10-21 01:35:42 INFO  [main] (PurchaseTest.java:79) - storepage opened successfully...
2019-10-21 01:35:42 INFO  [main] (PurchaseTest.java:80) - storepage captured successfully....
2019-10-21 01:35:46 INFO  [main] (PurchaseTest.java:84) - category link successfully clicked...
2019-10-21 01:35:47 INFO  [main] (PurchaseTest.java:90) - prodcategory page successfully opened...
2019-10-21 01:35:47 INFO  [main] (PurchaseTest.java:91) - prodcategory page captured successfully...
2019-10-21 01:35:51 INFO  [main] (productPage.java:42) - product link successfully clicked...
2019-10-21 01:35:51 INFO  [main] (PurchaseTest.java:101) - prodinprodcategory page successfully opened...
2019-10-21 01:35:51 INFO  [main] (PurchaseTest.java:102) - prodinprodcategory page captured successfully...
2019-10-21 01:36:11 ERROR [main] (productPage.java:46) - Exception occurred is:org.openqa.selenium.TimeoutException: Expected condition failed: waiting for element to be clickable: By.xpath: (//div[@class='content']//a[@href='http://localhost/Avactis/product-info.php?Avactis_Shopping_Cart_Web_Manual_-_Downloadable_products-pid33.html'])[2] (tried for 10 second(s) with 500 MILLISECONDS interval)
2019-10-21 01:36:32 ERROR [main] (PurchaseProductPage.java:80) - Exception occured:org.openqa.selenium.TimeoutException: Expected condition failed: waiting for element to be clickable: By.xpath: //option[@value='93'] (tried for 10 second(s) with 500 MILLISECONDS interval)
2019-10-21 01:36:52 ERROR [main] (PurchaseProductPage.java:90) - Exception occured:org.openqa.selenium.TimeoutException: Expected condition failed: waiting for element to be clickable: By.xpath: //option[@value='386'] (tried for 10 second(s) with 500 MILLISECONDS interval)
2019-10-21 01:37:12 ERROR [main] (PurchaseProductPage.java:99) - Exception occured:org.openqa.selenium.TimeoutException: Expected condition failed: waiting for element to be clickable: By.xpath: //option[@value='390'] (tried for 10 second(s) with 500 MILLISECONDS interval)
2019-10-21 01:37:12 INFO  [main] (PurchaseProductPage.java:117) - product successfully added to cart...
2019-10-21 01:37:17 INFO  [main] (PurchaseTest.java:126) - storepage again opened successfully...
2019-10-21 01:37:17 INFO  [main] (PurchaseTest.java:127) - storepage again captured successfully....
2019-10-21 01:39:40 INFO  [main] (PurchaseTest.java:57) - system properties are set...
2019-10-21 01:43:59 INFO  [main] (PurchaseTest.java:57) - system properties are set...
2019-10-21 01:44:09 INFO  [main] (PurchaseTest.java:59) - InternetExplorer is launched...
2019-10-21 01:44:09 INFO  [main] (PurchaseTest.java:64) - window is maximiesed...
2019-10-21 01:44:25 INFO  [main] (PurchaseTest.java:79) - storepage opened successfully...
2019-10-21 01:44:25 INFO  [main] (PurchaseTest.java:80) - storepage captured successfully....
2019-10-21 01:44:29 INFO  [main] (PurchaseTest.java:84) - category link successfully clicked...
2019-10-21 01:44:30 INFO  [main] (PurchaseTest.java:90) - prodcategory page successfully opened...
2019-10-21 01:44:30 INFO  [main] (PurchaseTest.java:91) - prodcategory page captured successfully...
2019-10-21 01:44:31 INFO  [main] (productPage.java:42) - product link successfully clicked...
2019-10-21 01:44:37 INFO  [main] (PurchaseTest.java:79) - storepage opened successfully...
2019-10-21 01:44:37 INFO  [main] (PurchaseTest.java:80) - storepage captured successfully....
2019-10-21 01:44:41 INFO  [main] (PurchaseTest.java:84) - category link successfully clicked...
2019-10-21 01:44:42 INFO  [main] (PurchaseTest.java:90) - prodcategory page successfully opened...
2019-10-21 01:44:42 INFO  [main] (PurchaseTest.java:91) - prodcategory page captured successfully...
2019-10-21 01:44:42 INFO  [main] (productPage.java:42) - product link successfully clicked...
2019-10-21 01:44:47 INFO  [main] (PurchaseTest.java:79) - storepage opened successfully...
2019-10-21 01:44:47 INFO  [main] (PurchaseTest.java:80) - storepage captured successfully....
2019-10-21 01:44:51 INFO  [main] (PurchaseTest.java:84) - category link successfully clicked...
2019-10-21 01:44:51 INFO  [main] (PurchaseTest.java:90) - prodcategory page successfully opened...
2019-10-21 01:44:51 INFO  [main] (PurchaseTest.java:91) - prodcategory page captured successfully...
2019-10-21 01:44:52 INFO  [main] (productPage.java:42) - product link successfully clicked...
2019-10-21 01:50:24 INFO  [main] (PurchaseTest.java:57) - system properties are set...
2019-10-21 01:51:45 INFO  [main] (PurchaseTest.java:57) - system properties are set...
2019-10-21 01:51:48 INFO  [main] (PurchaseTest.java:59) - InternetExplorer is launched...
2019-10-21 01:51:48 INFO  [main] (PurchaseTest.java:64) - window is maximiesed...
2019-10-21 01:51:55 INFO  [main] (PurchaseTest.java:79) - storepage opened successfully...
2019-10-21 01:51:55 INFO  [main] (PurchaseTest.java:80) - storepage captured successfully....
2019-10-21 01:51:59 INFO  [main] (PurchaseTest.java:84) - category link successfully clicked...
2019-10-21 01:52:00 INFO  [main] (PurchaseTest.java:90) - prodcategory page successfully opened...
2019-10-21 01:52:00 INFO  [main] (PurchaseTest.java:91) - prodcategory page captured successfully...
2019-10-21 01:52:00 INFO  [main] (productPage.java:42) - product link successfully clicked...
2019-10-21 01:52:05 INFO  [main] (PurchaseTest.java:79) - storepage opened successfully...
2019-10-21 01:52:05 INFO  [main] (PurchaseTest.java:80) - storepage captured successfully....
2019-10-21 01:52:07 INFO  [main] (PurchaseTest.java:79) - storepage opened successfully...
2019-10-21 01:52:07 INFO  [main] (PurchaseTest.java:80) - storepage captured successfully....
2019-10-21 01:52:12 INFO  [main] (PurchaseTest.java:84) - category link successfully clicked...
2019-10-21 01:52:12 INFO  [main] (PurchaseTest.java:90) - prodcategory page successfully opened...
2019-10-21 01:52:12 INFO  [main] (PurchaseTest.java:91) - prodcategory page captured successfully...
2019-10-21 01:52:13 INFO  [main] (productPage.java:42) - product link successfully clicked...
2019-10-21 01:59:55 INFO  [main] (PurchaseTest.java:43) - system properties are set...
2019-10-21 02:00:16 INFO  [main] (PurchaseTest.java:45) - firefox browser is launched...
2019-10-21 02:00:16 INFO  [main] (PurchaseTest.java:64) - window is maximiesed...
2019-10-21 02:00:26 INFO  [main] (PurchaseTest.java:79) - storepage opened successfully...
2019-10-21 02:00:26 INFO  [main] (PurchaseTest.java:80) - storepage captured successfully....
2019-10-21 02:00:31 INFO  [main] (PurchaseTest.java:84) - category link successfully clicked...
2019-10-21 02:00:31 INFO  [main] (PurchaseTest.java:90) - prodcategory page successfully opened...
2019-10-21 02:00:31 INFO  [main] (PurchaseTest.java:91) - prodcategory page captured successfully...
2019-10-21 02:00:33 INFO  [main] (productPage.java:42) - product link successfully clicked...
2019-10-21 02:00:36 INFO  [main] (PurchaseTest.java:79) - storepage opened successfully...
2019-10-21 02:00:36 INFO  [main] (PurchaseTest.java:80) - storepage captured successfully....
2019-10-21 02:00:40 INFO  [main] (PurchaseTest.java:84) - category link successfully clicked...
2019-10-21 02:00:40 INFO  [main] (PurchaseTest.java:90) - prodcategory page successfully opened...
2019-10-21 02:00:40 INFO  [main] (PurchaseTest.java:91) - prodcategory page captured successfully...
2019-10-21 02:00:40 INFO  [main] (productPage.java:42) - product link successfully clicked...
2019-10-21 02:00:45 INFO  [main] (PurchaseTest.java:79) - storepage opened successfully...
2019-10-21 02:00:45 INFO  [main] (PurchaseTest.java:80) - storepage captured successfully....
2019-10-21 02:00:48 INFO  [main] (PurchaseTest.java:84) - category link successfully clicked...
2019-10-21 02:00:48 INFO  [main] (PurchaseTest.java:90) - prodcategory page successfully opened...
2019-10-21 02:00:48 INFO  [main] (PurchaseTest.java:91) - prodcategory page captured successfully...
2019-10-21 02:00:49 INFO  [main] (productPage.java:42) - product link successfully clicked...
2019-10-22 00:40:33 INFO  [main] (PurchaseTest.java:43) - system properties are set...
2019-10-22 00:40:57 INFO  [main] (PurchaseTest.java:45) - firefox browser is launched...
2019-10-22 00:40:57 INFO  [main] (PurchaseTest.java:64) - window is maximiesed...
2019-10-22 00:41:07 INFO  [main] (PurchaseTest.java:79) - storepage opened successfully...
2019-10-22 00:41:07 INFO  [main] (PurchaseTest.java:80) - storepage captured successfully....
2019-10-22 00:41:11 INFO  [main] (PurchaseTest.java:84) - category link successfully clicked...
2019-10-22 00:41:11 INFO  [main] (PurchaseTest.java:90) - prodcategory page successfully opened...
2019-10-22 00:41:11 INFO  [main] (PurchaseTest.java:91) - prodcategory page captured successfully...
2019-10-22 00:41:11 ERROR [main] (productPage.java:38) - Exception occurred is:org.openqa.selenium.ElementNotInteractableException: Element <a href="http://localhost/Avactis/product-info.php?Pure_cotton_T-Shirt-pid47.html"> could not be scrolled into view
Build info: version: '3.6.0', revision: '6fbf3ec767', time: '2017-09-27T15:28:36.4Z'
System info: host: 'DESKTOP-UFF7VOJ', ip: '192.168.1.8', os.name: 'Windows 10', os.arch: 'amd64', os.version: '10.0', java.version: '1.8.0_191'
Driver info: org.openqa.selenium.firefox.FirefoxDriver
Capabilities [{moz:profile=C:\Users\HP\AppData\Local\Temp\rust_mozprofile.urKfhRVsoSsk, rotatable=false, moz:geckodriverVersion=0.24.0, timeouts={implicit=0, pageLoad=300000, script=30000}, pageLoadStrategy=normal, unhandledPromptBehavior=dismiss and notify, strictFileInteractability=false, moz:headless=false, platform=WINDOWS, moz:accessibilityChecks=false, moz:useNonSpecCompliantPointerOrigin=false, acceptInsecureCerts=true, browserVersion=69.0.1, moz:shutdownTimeout=60000, platformVersion=10.0, moz:processID=14884, browserName=firefox, moz:buildID=20190917135527, javascriptEnabled=true, platformName=WINDOWS, setWindowRect=true, moz:webdriverClick=true}]
Session ID: 899f4ee1-7d95-432d-95ef-2ad738116ba0
2019-10-22 00:41:12 INFO  [main] (PurchaseTest.java:101) - prodinprodcategory page successfully opened...
2019-10-22 00:41:12 INFO  [main] (PurchaseTest.java:102) - prodinprodcategory page captured successfully...
2019-10-22 00:41:12 ERROR [main] (productPage.java:38) - Exception occurred is:org.openqa.selenium.ElementNotInteractableException: Element <a href="http://localhost/Avactis/product-info.php?Pure_cotton_T-Shirt-pid47.html"> could not be scrolled into view
Build info: version: '3.6.0', revision: '6fbf3ec767', time: '2017-09-27T15:28:36.4Z'
System info: host: 'DESKTOP-UFF7VOJ', ip: '192.168.1.8', os.name: 'Windows 10', os.arch: 'amd64', os.version: '10.0', java.version: '1.8.0_191'
Driver info: org.openqa.selenium.firefox.FirefoxDriver
Capabilities [{moz:profile=C:\Users\HP\AppData\Local\Temp\rust_mozprofile.urKfhRVsoSsk, rotatable=false, moz:geckodriverVersion=0.24.0, timeouts={implicit=0, pageLoad=300000, script=30000}, pageLoadStrategy=normal, unhandledPromptBehavior=dismiss and notify, strictFileInteractability=false, moz:headless=false, platform=WINDOWS, moz:accessibilityChecks=false, moz:useNonSpecCompliantPointerOrigin=false, acceptInsecureCerts=true, browserVersion=69.0.1, moz:shutdownTimeout=60000, platformVersion=10.0, moz:processID=14884, browserName=firefox, moz:buildID=20190917135527, javascriptEnabled=true, platformName=WINDOWS, setWindowRect=true, moz:webdriverClick=true}]
Session ID: 899f4ee1-7d95-432d-95ef-2ad738116ba0
2019-10-22 00:41:32 ERROR [main] (PurchaseProductPage.java:80) - Exception occured:org.openqa.selenium.TimeoutException: Expected condition failed: waiting for element to be clickable: By.xpath: //option[@value='93'] (tried for 10 second(s) with 500 MILLISECONDS interval)
2019-10-22 00:41:52 ERROR [main] (PurchaseProductPage.java:90) - Exception occured:org.openqa.selenium.TimeoutException: Expected condition failed: waiting for element to be clickable: By.xpath: //option[@value='386'] (tried for 10 second(s) with 500 MILLISECONDS interval)
2019-10-22 00:42:12 ERROR [main] (PurchaseProductPage.java:99) - Exception occured:org.openqa.selenium.TimeoutException: Expected condition failed: waiting for element to be clickable: By.xpath: //option[@value='390'] (tried for 10 second(s) with 500 MILLISECONDS interval)
2019-10-22 00:42:32 ERROR [main] (PurchaseProductPage.java:113) - Exception occured:org.openqa.selenium.TimeoutException: Expected condition failed: waiting for element to be clickable: By.xpath: //option[@value='1'] (tried for 10 second(s) with 500 MILLISECONDS interval)
2019-10-22 00:42:56 INFO  [main] (PurchaseTest.java:79) - storepage opened successfully...
2019-10-22 00:42:56 INFO  [main] (PurchaseTest.java:80) - storepage captured successfully....
2019-10-22 00:43:00 INFO  [main] (PurchaseTest.java:84) - category link successfully clicked...
2019-10-22 00:43:00 INFO  [main] (PurchaseTest.java:90) - prodcategory page successfully opened...
2019-10-22 00:43:00 INFO  [main] (PurchaseTest.java:91) - prodcategory page captured successfully...
2019-10-22 00:43:04 INFO  [main] (productPage.java:33) - product link successfully clicked...
2019-10-22 00:43:04 INFO  [main] (productPage.java:34) - product1 page successfully opened...
2019-10-22 00:43:04 INFO  [main] (PurchaseTest.java:101) - prodinprodcategory page successfully opened...
2019-10-22 00:43:04 INFO  [main] (PurchaseTest.java:102) - prodinprodcategory page captured successfully...
2019-10-22 00:43:04 ERROR [main] (productPage.java:38) - Exception occurred is:org.openqa.selenium.ElementNotInteractableException: Element <a href="http://localhost/Avactis/product-info.php?Dell_Inspiron_Slim_Desktop-pid18.html"> could not be scrolled into view
Build info: version: '3.6.0', revision: '6fbf3ec767', time: '2017-09-27T15:28:36.4Z'
System info: host: 'DESKTOP-UFF7VOJ', ip: '192.168.1.8', os.name: 'Windows 10', os.arch: 'amd64', os.version: '10.0', java.version: '1.8.0_191'
Driver info: org.openqa.selenium.firefox.FirefoxDriver
Capabilities [{moz:profile=C:\Users\HP\AppData\Local\Temp\rust_mozprofile.urKfhRVsoSsk, rotatable=false, moz:geckodriverVersion=0.24.0, timeouts={implicit=0, pageLoad=300000, script=30000}, pageLoadStrategy=normal, unhandledPromptBehavior=dismiss and notify, strictFileInteractability=false, moz:headless=false, platform=WINDOWS, moz:accessibilityChecks=false, moz:useNonSpecCompliantPointerOrigin=false, acceptInsecureCerts=true, browserVersion=69.0.1, moz:shutdownTimeout=60000, platformVersion=10.0, moz:processID=14884, browserName=firefox, moz:buildID=20190917135527, javascriptEnabled=true, platformName=WINDOWS, setWindowRect=true, moz:webdriverClick=true}]
Session ID: 899f4ee1-7d95-432d-95ef-2ad738116ba0
2019-10-22 00:43:24 ERROR [main] (PurchaseProductPage.java:80) - Exception occured:org.openqa.selenium.TimeoutException: Expected condition failed: waiting for element to be clickable: By.xpath: //option[@value='383'] (tried for 10 second(s) with 500 MILLISECONDS interval)
2019-10-22 00:43:44 ERROR [main] (PurchaseProductPage.java:90) - Exception occured:org.openqa.selenium.TimeoutException: Expected condition failed: waiting for element to be clickable: By.xpath: //option[@value='387'] (tried for 10 second(s) with 500 MILLISECONDS interval)
2019-10-22 00:44:04 ERROR [main] (PurchaseProductPage.java:99) - Exception occured:org.openqa.selenium.TimeoutException: Expected condition failed: waiting for element to be clickable: By.xpath: //option[@value='391'] (tried for 10 second(s) with 500 MILLISECONDS interval)
2019-10-22 00:44:24 ERROR [main] (PurchaseProductPage.java:113) - Exception occured:org.openqa.selenium.TimeoutException: Expected condition failed: waiting for element to be clickable: By.xpath: //option[@value='1'] (tried for 10 second(s) with 500 MILLISECONDS interval)
2019-10-22 00:44:25 INFO  [main] (PurchaseProductPage.java:117) - product successfully added to cart...
2019-10-22 00:44:29 INFO  [main] (PurchaseTest.java:126) - storepage again opened successfully...
2019-10-22 00:44:29 INFO  [main] (PurchaseTest.java:127) - storepage again captured successfully....
2019-10-22 00:44:30 INFO  [main] (PurchaseTest.java:79) - storepage opened successfully...
2019-10-22 00:44:30 INFO  [main] (PurchaseTest.java:80) - storepage captured successfully....
2019-10-22 00:44:33 INFO  [main] (PurchaseTest.java:84) - category link successfully clicked...
2019-10-22 00:44:33 INFO  [main] (PurchaseTest.java:90) - prodcategory page successfully opened...
2019-10-22 00:44:33 INFO  [main] (PurchaseTest.java:91) - prodcategory page captured successfully...
2019-10-22 00:44:33 ERROR [main] (productPage.java:38) - Exception occurred is:org.openqa.selenium.ElementNotInteractableException: Element <a href="http://localhost/Avactis/product-info.php?Avactis_Shopping_Cart_Web_Manual_-_Downloadable_products-pid33.html"> could not be scrolled into view
Build info: version: '3.6.0', revision: '6fbf3ec767', time: '2017-09-27T15:28:36.4Z'
System info: host: 'DESKTOP-UFF7VOJ', ip: '192.168.1.8', os.name: 'Windows 10', os.arch: 'amd64', os.version: '10.0', java.version: '1.8.0_191'
Driver info: org.openqa.selenium.firefox.FirefoxDriver
Capabilities [{moz:profile=C:\Users\HP\AppData\Local\Temp\rust_mozprofile.urKfhRVsoSsk, rotatable=false, moz:geckodriverVersion=0.24.0, timeouts={implicit=0, pageLoad=300000, script=30000}, pageLoadStrategy=normal, unhandledPromptBehavior=dismiss and notify, strictFileInteractability=false, moz:headless=false, platform=WINDOWS, moz:accessibilityChecks=false, moz:useNonSpecCompliantPointerOrigin=false, acceptInsecureCerts=true, browserVersion=69.0.1, moz:shutdownTimeout=60000, platformVersion=10.0, moz:processID=14884, browserName=firefox, moz:buildID=20190917135527, javascriptEnabled=true, platformName=WINDOWS, setWindowRect=true, moz:webdriverClick=true}]
Session ID: 899f4ee1-7d95-432d-95ef-2ad738116ba0
2019-10-22 00:44:33 INFO  [main] (PurchaseTest.java:101) - prodinprodcategory page successfully opened...
2019-10-22 00:44:33 INFO  [main] (PurchaseTest.java:102) - prodinprodcategory page captured successfully...
2019-10-22 00:44:33 ERROR [main] (productPage.java:38) - Exception occurred is:org.openqa.selenium.ElementNotInteractableException: Element <a href="http://localhost/Avactis/product-info.php?Avactis_Shopping_Cart_Web_Manual_-_Downloadable_products-pid33.html"> could not be scrolled into view
Build info: version: '3.6.0', revision: '6fbf3ec767', time: '2017-09-27T15:28:36.4Z'
System info: host: 'DESKTOP-UFF7VOJ', ip: '192.168.1.8', os.name: 'Windows 10', os.arch: 'amd64', os.version: '10.0', java.version: '1.8.0_191'
Driver info: org.openqa.selenium.firefox.FirefoxDriver
Capabilities [{moz:profile=C:\Users\HP\AppData\Local\Temp\rust_mozprofile.urKfhRVsoSsk, rotatable=false, moz:geckodriverVersion=0.24.0, timeouts={implicit=0, pageLoad=300000, script=30000}, pageLoadStrategy=normal, unhandledPromptBehavior=dismiss and notify, strictFileInteractability=false, moz:headless=false, platform=WINDOWS, moz:accessibilityChecks=false, moz:useNonSpecCompliantPointerOrigin=false, acceptInsecureCerts=true, browserVersion=69.0.1, moz:shutdownTimeout=60000, platformVersion=10.0, moz:processID=14884, browserName=firefox, moz:buildID=20190917135527, javascriptEnabled=true, platformName=WINDOWS, setWindowRect=true, moz:webdriverClick=true}]
Session ID: 899f4ee1-7d95-432d-95ef-2ad738116ba0
2019-10-22 00:44:54 ERROR [main] (PurchaseProductPage.java:80) - Exception occured:org.openqa.selenium.TimeoutException: Expected condition failed: waiting for element to be clickable: By.xpath: //option[@value='93'] (tried for 10 second(s) with 500 MILLISECONDS interval)
2019-10-22 00:45:14 ERROR [main] (PurchaseProductPage.java:90) - Exception occured:org.openqa.selenium.TimeoutException: Expected condition failed: waiting for element to be clickable: By.xpath: //option[@value='386'] (tried for 10 second(s) with 500 MILLISECONDS interval)
2019-10-22 00:45:34 ERROR [main] (PurchaseProductPage.java:99) - Exception occured:org.openqa.selenium.TimeoutException: Expected condition failed: waiting for element to be clickable: By.xpath: //option[@value='390'] (tried for 10 second(s) with 500 MILLISECONDS interval)
2019-10-22 00:45:54 ERROR [main] (PurchaseProductPage.java:113) - Exception occured:org.openqa.selenium.TimeoutException: Expected condition failed: waiting for element to be clickable: By.xpath: //option[@value='1'] (tried for 10 second(s) with 500 MILLISECONDS interval)
2019-10-22 00:45:54 INFO  [main] (PurchaseProductPage.java:117) - product successfully added to cart...
2019-10-22 00:45:58 INFO  [main] (PurchaseTest.java:126) - storepage again opened successfully...
2019-10-22 00:45:58 INFO  [main] (PurchaseTest.java:127) - storepage again captured successfully....
2019-10-22 01:00:09 INFO  [main] (PurchaseTest.java:43) - system properties are set...
2019-10-22 01:00:21 INFO  [main] (PurchaseTest.java:45) - firefox browser is launched...
2019-10-22 01:00:21 INFO  [main] (PurchaseTest.java:64) - window is maximiesed...
2019-10-22 01:00:31 INFO  [main] (PurchaseTest.java:79) - storepage opened successfully...
2019-10-22 01:00:31 INFO  [main] (PurchaseTest.java:80) - storepage captured successfully....
2019-10-22 01:00:34 INFO  [main] (PurchaseTest.java:84) - category link successfully clicked...
2019-10-22 01:00:34 INFO  [main] (PurchaseTest.java:90) - prodcategory page successfully opened...
2019-10-22 01:00:34 INFO  [main] (PurchaseTest.java:91) - prodcategory page captured successfully...
2019-10-22 01:00:34 ERROR [main] (productPage.java:43) - Exception occurred is:java.lang.NullPointerException
2019-10-22 01:00:35 INFO  [main] (PurchaseTest.java:101) - prodinprodcategory page successfully opened...
2019-10-22 01:00:35 INFO  [main] (PurchaseTest.java:102) - prodinprodcategory page captured successfully...
2019-10-22 01:00:35 ERROR [main] (productPage.java:43) - Exception occurred is:java.lang.NullPointerException
2019-10-22 01:00:55 ERROR [main] (PurchaseProductPage.java:80) - Exception occured:org.openqa.selenium.TimeoutException: Expected condition failed: waiting for element to be clickable: By.xpath: //option[@value='93'] (tried for 10 second(s) with 500 MILLISECONDS interval)
2019-10-22 01:01:15 ERROR [main] (PurchaseProductPage.java:90) - Exception occured:org.openqa.selenium.TimeoutException: Expected condition failed: waiting for element to be clickable: By.xpath: //option[@value='386'] (tried for 10 second(s) with 500 MILLISECONDS interval)
2019-10-22 01:01:35 ERROR [main] (PurchaseProductPage.java:99) - Exception occured:org.openqa.selenium.TimeoutException: Expected condition failed: waiting for element to be clickable: By.xpath: //option[@value='390'] (tried for 10 second(s) with 500 MILLISECONDS interval)
2019-10-22 01:01:55 ERROR [main] (PurchaseProductPage.java:113) - Exception occured:org.openqa.selenium.TimeoutException: Expected condition failed: waiting for element to be clickable: By.xpath: //option[@value='1'] (tried for 10 second(s) with 500 MILLISECONDS interval)
2019-10-22 01:02:53 INFO  [main] (PurchaseTest.java:50) - system properties are set...
2019-10-22 01:03:04 INFO  [main] (PurchaseTest.java:52) - chrome browser is launched...
2019-10-22 01:03:09 INFO  [main] (PurchaseTest.java:64) - window is maximiesed...
2019-10-22 01:03:16 INFO  [main] (PurchaseTest.java:79) - storepage opened successfully...
2019-10-22 01:03:16 INFO  [main] (PurchaseTest.java:80) - storepage captured successfully....
2019-10-22 01:03:20 INFO  [main] (PurchaseTest.java:84) - category link successfully clicked...
2019-10-22 01:03:21 INFO  [main] (PurchaseTest.java:90) - prodcategory page successfully opened...
2019-10-22 01:03:21 INFO  [main] (PurchaseTest.java:91) - prodcategory page captured successfully...
2019-10-22 01:03:21 ERROR [main] (productPage.java:43) - Exception occurred is:java.lang.NullPointerException
2019-10-22 01:03:21 INFO  [main] (PurchaseTest.java:101) - prodinprodcategory page successfully opened...
2019-10-22 01:03:21 INFO  [main] (PurchaseTest.java:102) - prodinprodcategory page captured successfully...
2019-10-22 01:03:21 ERROR [main] (productPage.java:43) - Exception occurred is:java.lang.NullPointerException
2019-10-22 01:03:42 ERROR [main] (PurchaseProductPage.java:80) - Exception occured:org.openqa.selenium.TimeoutException: Expected condition failed: waiting for element to be clickable: By.xpath: //option[@value='93'] (tried for 10 second(s) with 500 MILLISECONDS interval)
2019-10-22 01:04:02 ERROR [main] (PurchaseProductPage.java:90) - Exception occured:org.openqa.selenium.TimeoutException: Expected condition failed: waiting for element to be clickable: By.xpath: //option[@value='386'] (tried for 10 second(s) with 500 MILLISECONDS interval)
2019-10-22 01:05:11 INFO  [main] (PurchaseTest.java:50) - system properties are set...
2019-10-22 01:05:19 INFO  [main] (PurchaseTest.java:52) - chrome browser is launched...
2019-10-22 01:05:23 INFO  [main] (PurchaseTest.java:64) - window is maximiesed...
2019-10-22 01:05:29 INFO  [main] (PurchaseTest.java:79) - storepage opened successfully...
2019-10-22 01:05:29 INFO  [main] (PurchaseTest.java:80) - storepage captured successfully....
2019-10-22 01:05:33 INFO  [main] (PurchaseTest.java:84) - category link successfully clicked...
2019-10-22 01:05:33 INFO  [main] (PurchaseTest.java:90) - prodcategory page successfully opened...
2019-10-22 01:05:33 INFO  [main] (PurchaseTest.java:91) - prodcategory page captured successfully...
2019-10-22 01:05:38 INFO  [main] (productPage.java:34) - product link successfully clicked...
2019-10-22 01:05:38 INFO  [main] (productPage.java:35) - product1 page successfully opened...
2019-10-22 01:05:39 INFO  [main] (PurchaseTest.java:101) - prodinprodcategory page successfully opened...
2019-10-22 01:05:39 INFO  [main] (PurchaseTest.java:102) - prodinprodcategory page captured successfully...
2019-10-22 01:05:59 ERROR [main] (productPage.java:39) - Exception occurred is:org.openqa.selenium.TimeoutException: Expected condition failed: waiting for element to be clickable: By.xpath: (//div[@class='content']//a[@href='http://localhost/Avactis/product-info.php?Pure_cotton_T-Shirt-pid47.html'])[2] (tried for 10 second(s) with 500 MILLISECONDS interval)
2019-10-22 01:06:19 ERROR [main] (PurchaseProductPage.java:90) - Exception occured:org.openqa.selenium.TimeoutException: Expected condition failed: waiting for element to be clickable: By.xpath: //option[@value='386'] (tried for 10 second(s) with 500 MILLISECONDS interval)
2019-10-22 01:06:40 ERROR [main] (PurchaseProductPage.java:99) - Exception occured:org.openqa.selenium.TimeoutException: Expected condition failed: waiting for element to be clickable: By.xpath: //option[@value='390'] (tried for 10 second(s) with 500 MILLISECONDS interval)
2019-10-22 01:06:40 INFO  [main] (PurchaseProductPage.java:117) - product successfully added to cart...
2019-10-22 01:06:44 INFO  [main] (PurchaseTest.java:126) - storepage again opened successfully...
2019-10-22 01:06:44 INFO  [main] (PurchaseTest.java:127) - storepage again captured successfully....
2019-10-22 01:06:45 INFO  [main] (PurchaseTest.java:79) - storepage opened successfully...
2019-10-22 01:06:45 INFO  [main] (PurchaseTest.java:80) - storepage captured successfully....
2019-10-22 01:06:48 INFO  [main] (PurchaseTest.java:84) - category link successfully clicked...
2019-10-22 01:06:49 INFO  [main] (PurchaseTest.java:90) - prodcategory page successfully opened...
2019-10-22 01:06:49 INFO  [main] (PurchaseTest.java:91) - prodcategory page captured successfully...
2019-10-22 01:06:52 INFO  [main] (productPage.java:34) - product link successfully clicked...
2019-10-22 01:06:52 INFO  [main] (productPage.java:35) - product1 page successfully opened...
2019-10-22 01:06:53 INFO  [main] (PurchaseTest.java:101) - prodinprodcategory page successfully opened...
2019-10-22 01:06:53 INFO  [main] (PurchaseTest.java:102) - prodinprodcategory page captured successfully...
2019-10-22 01:06:57 INFO  [main] (productPage.java:34) - product link successfully clicked...
2019-10-22 01:06:57 INFO  [main] (productPage.java:35) - product1 page successfully opened...
2019-10-22 01:06:58 INFO  [main] (PurchaseProductPage.java:117) - product successfully added to cart...
2019-10-22 01:07:03 INFO  [main] (PurchaseTest.java:126) - storepage again opened successfully...
2019-10-22 01:07:03 INFO  [main] (PurchaseTest.java:127) - storepage again captured successfully....
2019-10-22 01:07:04 INFO  [main] (PurchaseTest.java:79) - storepage opened successfully...
2019-10-22 01:07:04 INFO  [main] (PurchaseTest.java:80) - storepage captured successfully....
2019-10-22 01:07:07 INFO  [main] (PurchaseTest.java:84) - category link successfully clicked...
2019-10-22 01:07:08 INFO  [main] (PurchaseTest.java:90) - prodcategory page successfully opened...
2019-10-22 01:07:08 INFO  [main] (PurchaseTest.java:91) - prodcategory page captured successfully...
2019-10-22 01:07:11 INFO  [main] (productPage.java:34) - product link successfully clicked...
2019-10-22 01:07:11 INFO  [main] (productPage.java:35) - product1 page successfully opened...
2019-10-22 01:07:12 INFO  [main] (PurchaseTest.java:101) - prodinprodcategory page successfully opened...
2019-10-22 01:07:12 INFO  [main] (PurchaseTest.java:102) - prodinprodcategory page captured successfully...
2019-10-22 01:07:32 ERROR [main] (productPage.java:39) - Exception occurred is:org.openqa.selenium.TimeoutException: Expected condition failed: waiting for element to be clickable: By.xpath: (//div[@class='content']//a[@href='http://localhost/Avactis/product-info.php?Avactis_Shopping_Cart_Web_Manual_-_Downloadable_products-pid33.html'])[2] (tried for 10 second(s) with 500 MILLISECONDS interval)
2019-10-22 01:07:52 ERROR [main] (PurchaseProductPage.java:80) - Exception occured:org.openqa.selenium.TimeoutException: Expected condition failed: waiting for element to be clickable: By.xpath: //option[@value='93'] (tried for 10 second(s) with 500 MILLISECONDS interval)
2019-10-22 01:08:12 ERROR [main] (PurchaseProductPage.java:90) - Exception occured:org.openqa.selenium.TimeoutException: Expected condition failed: waiting for element to be clickable: By.xpath: //option[@value='386'] (tried for 10 second(s) with 500 MILLISECONDS interval)
2019-10-22 01:08:33 ERROR [main] (PurchaseProductPage.java:99) - Exception occured:org.openqa.selenium.TimeoutException: Expected condition failed: waiting for element to be clickable: By.xpath: //option[@value='390'] (tried for 10 second(s) with 500 MILLISECONDS interval)
2019-10-22 01:08:33 INFO  [main] (PurchaseProductPage.java:117) - product successfully added to cart...
2019-10-22 01:08:38 INFO  [main] (PurchaseTest.java:126) - storepage again opened successfully...
2019-10-22 01:08:38 INFO  [main] (PurchaseTest.java:127) - storepage again captured successfully....
2019-10-22 01:29:53 INFO  [main] (PurchaseTest.java:50) - system properties are set...
2019-10-22 01:30:02 INFO  [main] (PurchaseTest.java:52) - chrome browser is launched...
2019-10-22 01:30:07 INFO  [main] (PurchaseTest.java:64) - window is maximiesed...
2019-10-22 01:30:27 INFO  [main] (PurchaseTest.java:79) - storepage opened successfully...
2019-10-22 01:30:27 INFO  [main] (PurchaseTest.java:80) - storepage captured successfully....
2019-10-22 01:30:31 INFO  [main] (PurchaseTest.java:84) - category link successfully clicked...
2019-10-22 01:30:36 INFO  [main] (PurchaseTest.java:79) - storepage opened successfully...
2019-10-22 01:30:36 INFO  [main] (PurchaseTest.java:80) - storepage captured successfully....
2019-10-22 01:30:40 INFO  [main] (PurchaseTest.java:84) - category link successfully clicked...
2019-10-22 01:30:45 INFO  [main] (PurchaseTest.java:79) - storepage opened successfully...
2019-10-22 01:30:45 INFO  [main] (PurchaseTest.java:80) - storepage captured successfully....
2019-10-22 01:30:50 INFO  [main] (PurchaseTest.java:84) - category link successfully clicked...
2019-10-22 01:33:22 INFO  [main] (PurchaseTest.java:50) - system properties are set...
2019-10-22 01:33:30 INFO  [main] (PurchaseTest.java:52) - chrome browser is launched...
2019-10-22 01:33:34 INFO  [main] (PurchaseTest.java:64) - window is maximiesed...
2019-10-22 01:33:40 INFO  [main] (PurchaseTest.java:79) - storepage opened successfully...
2019-10-22 01:33:40 INFO  [main] (PurchaseTest.java:80) - storepage captured successfully....
2019-10-22 01:33:43 INFO  [main] (PurchaseTest.java:84) - category link successfully clicked...
2019-10-22 01:33:44 INFO  [main] (PurchaseTest.java:90) - prodcategory page successfully opened...
2019-10-22 01:33:44 INFO  [main] (PurchaseTest.java:91) - prodcategory page captured successfully...
2019-10-22 01:33:48 INFO  [main] (productPage.java:38) - product link successfully clicked...
2019-10-22 01:33:48 INFO  [main] (productPage.java:39) - product1 page successfully opened...
2019-10-22 01:33:48 INFO  [main] (PurchaseTest.java:101) - prodinprodcategory page successfully opened...
2019-10-22 01:33:48 INFO  [main] (PurchaseTest.java:102) - prodinprodcategory page captured successfully...
2019-10-22 01:34:08 ERROR [main] (productPage.java:43) - Exception occurred is:org.openqa.selenium.TimeoutException: Expected condition failed: waiting for element to be clickable: By.xpath: (//div[@class='content']//a[@href='http://localhost/Avactis/product-info.php?Pure_cotton_T-Shirt-pid47.html'])[2] (tried for 10 second(s) with 500 MILLISECONDS interval)
2019-10-22 01:34:29 ERROR [main] (PurchaseProductPage.java:90) - Exception occured:org.openqa.selenium.TimeoutException: Expected condition failed: waiting for element to be clickable: By.xpath: //option[@value='386'] (tried for 10 second(s) with 500 MILLISECONDS interval)
2019-10-22 01:34:49 ERROR [main] (PurchaseProductPage.java:99) - Exception occured:org.openqa.selenium.TimeoutException: Expected condition failed: waiting for element to be clickable: By.xpath: //option[@value='390'] (tried for 10 second(s) with 500 MILLISECONDS interval)
2019-10-22 01:34:50 INFO  [main] (PurchaseProductPage.java:117) - product successfully added to cart...
2019-10-22 01:34:54 INFO  [main] (PurchaseTest.java:126) - storepage again opened successfully...
2019-10-22 01:34:54 INFO  [main] (PurchaseTest.java:127) - storepage again captured successfully....
2019-10-22 01:34:55 INFO  [main] (PurchaseTest.java:79) - storepage opened successfully...
2019-10-22 01:34:55 INFO  [main] (PurchaseTest.java:80) - storepage captured successfully....
2019-10-22 01:34:58 INFO  [main] (PurchaseTest.java:84) - category link successfully clicked...
2019-10-22 01:34:58 INFO  [main] (PurchaseTest.java:90) - prodcategory page successfully opened...
2019-10-22 01:34:58 INFO  [main] (PurchaseTest.java:91) - prodcategory page captured successfully...
2019-10-22 01:35:02 INFO  [main] (productPage.java:38) - product link successfully clicked...
2019-10-22 01:35:02 INFO  [main] (productPage.java:39) - product1 page successfully opened...
2019-10-22 01:35:03 INFO  [main] (PurchaseTest.java:101) - prodinprodcategory page successfully opened...
2019-10-22 01:35:03 INFO  [main] (PurchaseTest.java:102) - prodinprodcategory page captured successfully...
2019-10-22 01:35:07 INFO  [main] (productPage.java:38) - product link successfully clicked...
2019-10-22 01:35:07 INFO  [main] (productPage.java:39) - product1 page successfully opened...
2019-10-22 01:35:08 INFO  [main] (PurchaseProductPage.java:117) - product successfully added to cart...
2019-10-22 01:35:14 INFO  [main] (PurchaseTest.java:126) - storepage again opened successfully...
2019-10-22 01:35:14 INFO  [main] (PurchaseTest.java:127) - storepage again captured successfully....
2019-10-22 01:35:14 INFO  [main] (PurchaseTest.java:79) - storepage opened successfully...
2019-10-22 01:35:14 INFO  [main] (PurchaseTest.java:80) - storepage captured successfully....
2019-10-22 01:35:18 INFO  [main] (PurchaseTest.java:84) - category link successfully clicked...
2019-10-22 01:35:18 INFO  [main] (PurchaseTest.java:90) - prodcategory page successfully opened...
2019-10-22 01:35:18 INFO  [main] (PurchaseTest.java:91) - prodcategory page captured successfully...
2019-10-22 01:35:22 INFO  [main] (productPage.java:38) - product link successfully clicked...
2019-10-22 01:35:22 INFO  [main] (productPage.java:39) - product1 page successfully opened...
2019-10-22 01:35:23 INFO  [main] (PurchaseTest.java:101) - prodinprodcategory page successfully opened...
2019-10-22 01:35:23 INFO  [main] (PurchaseTest.java:102) - prodinprodcategory page captured successfully...
2019-10-22 01:35:43 ERROR [main] (productPage.java:43) - Exception occurred is:org.openqa.selenium.TimeoutException: Expected condition failed: waiting for element to be clickable: By.xpath: (//div[@class='content']//a[@href='http://localhost/Avactis/product-info.php?Avactis_Shopping_Cart_Web_Manual_-_Downloadable_products-pid33.html'])[2] (tried for 10 second(s) with 500 MILLISECONDS interval)
2019-10-22 01:36:03 ERROR [main] (PurchaseProductPage.java:80) - Exception occured:org.openqa.selenium.TimeoutException: Expected condition failed: waiting for element to be clickable: By.xpath: //option[@value='93'] (tried for 10 second(s) with 500 MILLISECONDS interval)
2019-10-22 01:36:23 ERROR [main] (PurchaseProductPage.java:90) - Exception occured:org.openqa.selenium.TimeoutException: Expected condition failed: waiting for element to be clickable: By.xpath: //option[@value='386'] (tried for 10 second(s) with 500 MILLISECONDS interval)
2019-10-22 01:36:44 ERROR [main] (PurchaseProductPage.java:99) - Exception occured:org.openqa.selenium.TimeoutException: Expected condition failed: waiting for element to be clickable: By.xpath: //option[@value='390'] (tried for 10 second(s) with 500 MILLISECONDS interval)
2019-10-22 01:36:44 INFO  [main] (PurchaseProductPage.java:117) - product successfully added to cart...
2019-10-22 01:36:48 INFO  [main] (PurchaseTest.java:126) - storepage again opened successfully...
2019-10-22 01:36:48 INFO  [main] (PurchaseTest.java:127) - storepage again captured successfully....
2019-10-22 01:38:11 INFO  [main] (PurchaseTest.java:43) - system properties are set...
2019-10-22 01:38:30 INFO  [main] (PurchaseTest.java:45) - firefox browser is launched...
2019-10-22 01:38:30 INFO  [main] (PurchaseTest.java:64) - window is maximiesed...
2019-10-22 01:38:36 INFO  [main] (PurchaseTest.java:79) - storepage opened successfully...
2019-10-22 01:38:36 INFO  [main] (PurchaseTest.java:80) - storepage captured successfully....
2019-10-22 01:38:39 INFO  [main] (PurchaseTest.java:84) - category link successfully clicked...
2019-10-22 01:38:39 INFO  [main] (PurchaseTest.java:90) - prodcategory page successfully opened...
2019-10-22 01:38:39 INFO  [main] (PurchaseTest.java:91) - prodcategory page captured successfully...
2019-10-22 01:38:40 INFO  [main] (productPage.java:38) - product link successfully clicked...
2019-10-22 01:38:40 INFO  [main] (productPage.java:39) - product1 page successfully opened...
2019-10-22 01:38:43 INFO  [main] (PurchaseTest.java:79) - storepage opened successfully...
2019-10-22 01:38:43 INFO  [main] (PurchaseTest.java:80) - storepage captured successfully....
2019-10-22 01:38:46 INFO  [main] (PurchaseTest.java:84) - category link successfully clicked...
2019-10-22 01:38:47 INFO  [main] (PurchaseTest.java:90) - prodcategory page successfully opened...
2019-10-22 01:38:47 INFO  [main] (PurchaseTest.java:91) - prodcategory page captured successfully...
2019-10-22 01:38:47 INFO  [main] (productPage.java:38) - product link successfully clicked...
2019-10-22 01:38:47 INFO  [main] (productPage.java:39) - product1 page successfully opened...
2019-10-22 01:38:52 INFO  [main] (PurchaseTest.java:79) - storepage opened successfully...
2019-10-22 01:38:52 INFO  [main] (PurchaseTest.java:80) - storepage captured successfully....
2019-10-22 01:38:55 INFO  [main] (PurchaseTest.java:84) - category link successfully clicked...
2019-10-22 01:38:55 INFO  [main] (PurchaseTest.java:90) - prodcategory page successfully opened...
2019-10-22 01:38:55 INFO  [main] (PurchaseTest.java:91) - prodcategory page captured successfully...
2019-10-22 01:38:56 INFO  [main] (productPage.java:38) - product link successfully clicked...
2019-10-22 01:38:56 INFO  [main] (productPage.java:39) - product1 page successfully opened...
2019-10-22 01:40:29 INFO  [main] (PurchaseTest.java:57) - system properties are set...
2019-10-22 01:40:40 INFO  [main] (PurchaseTest.java:59) - InternetExplorer is launched...
2019-10-22 01:40:40 INFO  [main] (PurchaseTest.java:64) - window is maximiesed...
2019-10-22 01:40:56 INFO  [main] (PurchaseTest.java:79) - storepage opened successfully...
2019-10-22 01:40:56 INFO  [main] (PurchaseTest.java:80) - storepage captured successfully....
2019-10-22 01:41:00 INFO  [main] (PurchaseTest.java:84) - category link successfully clicked...
2019-10-22 01:41:01 INFO  [main] (PurchaseTest.java:90) - prodcategory page successfully opened...
2019-10-22 01:41:01 INFO  [main] (PurchaseTest.java:91) - prodcategory page captured successfully...
2019-10-22 01:41:02 INFO  [main] (productPage.java:38) - product link successfully clicked...
2019-10-22 01:41:02 INFO  [main] (productPage.java:39) - product1 page successfully opened...
2019-10-22 01:41:07 INFO  [main] (PurchaseTest.java:79) - storepage opened successfully...
2019-10-22 01:41:07 INFO  [main] (PurchaseTest.java:80) - storepage captured successfully....
2019-10-22 01:41:11 INFO  [main] (PurchaseTest.java:84) - category link successfully clicked...
2019-10-22 01:41:11 INFO  [main] (PurchaseTest.java:90) - prodcategory page successfully opened...
2019-10-22 01:41:11 INFO  [main] (PurchaseTest.java:91) - prodcategory page captured successfully...
2019-10-22 01:41:12 INFO  [main] (productPage.java:38) - product link successfully clicked...
2019-10-22 01:41:12 INFO  [main] (productPage.java:39) - product1 page successfully opened...
2019-10-22 01:41:18 INFO  [main] (PurchaseTest.java:79) - storepage opened successfully...
2019-10-22 01:41:18 INFO  [main] (PurchaseTest.java:80) - storepage captured successfully....
2019-10-22 01:41:22 INFO  [main] (PurchaseTest.java:84) - category link successfully clicked...
2019-10-22 01:41:22 INFO  [main] (PurchaseTest.java:90) - prodcategory page successfully opened...
2019-10-22 01:41:22 INFO  [main] (PurchaseTest.java:91) - prodcategory page captured successfully...
2019-10-22 01:41:23 INFO  [main] (productPage.java:38) - product link successfully clicked...
2019-10-22 01:41:23 INFO  [main] (productPage.java:39) - product1 page successfully opened...
2019-10-22 01:43:58 INFO  [main] (PurchaseTest.java:57) - system properties are set...
2019-10-22 01:44:01 INFO  [main] (PurchaseTest.java:59) - InternetExplorer is launched...
2019-10-22 01:44:02 INFO  [main] (PurchaseTest.java:64) - window is maximiesed...
2019-10-22 01:44:07 INFO  [main] (PurchaseTest.java:79) - storepage opened successfully...
2019-10-22 01:44:07 INFO  [main] (PurchaseTest.java:80) - storepage captured successfully....
2019-10-22 01:44:11 INFO  [main] (PurchaseTest.java:84) - category link successfully clicked...
2019-10-22 01:44:11 INFO  [main] (PurchaseTest.java:90) - prodcategory page successfully opened...
2019-10-22 01:44:11 INFO  [main] (PurchaseTest.java:91) - prodcategory page captured successfully...
2019-10-22 01:44:18 INFO  [main] (productPage.java:39) - product link successfully clicked...
2019-10-22 01:44:18 INFO  [main] (productPage.java:40) - product1 page successfully opened...
2019-10-22 01:44:18 INFO  [main] (PurchaseTest.java:101) - prodinprodcategory page successfully opened...
2019-10-22 01:44:18 INFO  [main] (PurchaseTest.java:102) - prodinprodcategory page captured successfully...
2019-10-22 01:44:38 ERROR [main] (productPage.java:44) - Exception occurred is:org.openqa.selenium.TimeoutException: Expected condition failed: waiting for element to be clickable: By.xpath: (//div[@class='content']//a[@href='http://localhost/Avactis/product-info.php?Pure_cotton_T-Shirt-pid47.html'])[2] (tried for 10 second(s) with 500 MILLISECONDS interval)
2019-10-22 01:45:00 ERROR [main] (PurchaseProductPage.java:90) - Exception occured:org.openqa.selenium.TimeoutException: Expected condition failed: waiting for element to be clickable: By.xpath: //option[@value='386'] (tried for 10 second(s) with 500 MILLISECONDS interval)
2019-10-22 01:45:20 ERROR [main] (PurchaseProductPage.java:99) - Exception occured:org.openqa.selenium.TimeoutException: Expected condition failed: waiting for element to be clickable: By.xpath: //option[@value='390'] (tried for 10 second(s) with 500 MILLISECONDS interval)
2019-10-22 01:45:21 INFO  [main] (PurchaseProductPage.java:117) - product successfully added to cart...
2019-10-22 01:45:27 INFO  [main] (PurchaseTest.java:126) - storepage again opened successfully...
2019-10-22 01:45:27 INFO  [main] (PurchaseTest.java:127) - storepage again captured successfully....
2019-10-22 01:45:27 INFO  [main] (PurchaseTest.java:79) - storepage opened successfully...
2019-10-22 01:45:27 INFO  [main] (PurchaseTest.java:80) - storepage captured successfully....
2019-10-22 01:45:31 INFO  [main] (PurchaseTest.java:84) - category link successfully clicked...
2019-10-22 01:45:32 INFO  [main] (PurchaseTest.java:90) - prodcategory page successfully opened...
2019-10-22 01:45:32 INFO  [main] (PurchaseTest.java:91) - prodcategory page captured successfully...
2019-10-22 01:45:38 INFO  [main] (productPage.java:39) - product link successfully clicked...
2019-10-22 01:45:38 INFO  [main] (productPage.java:40) - product1 page successfully opened...
2019-10-22 01:45:38 INFO  [main] (PurchaseTest.java:101) - prodinprodcategory page successfully opened...
2019-10-22 01:45:38 INFO  [main] (PurchaseTest.java:102) - prodinprodcategory page captured successfully...
2019-10-22 01:45:44 INFO  [main] (productPage.java:39) - product link successfully clicked...
2019-10-22 01:45:44 INFO  [main] (productPage.java:40) - product1 page successfully opened...
2019-10-22 01:45:47 INFO  [main] (PurchaseProductPage.java:117) - product successfully added to cart...
2019-10-22 01:45:53 INFO  [main] (PurchaseTest.java:126) - storepage again opened successfully...
2019-10-22 01:45:53 INFO  [main] (PurchaseTest.java:127) - storepage again captured successfully....
2019-10-22 01:45:54 INFO  [main] (PurchaseTest.java:79) - storepage opened successfully...
2019-10-22 01:45:54 INFO  [main] (PurchaseTest.java:80) - storepage captured successfully....
2019-10-22 01:45:58 INFO  [main] (PurchaseTest.java:84) - category link successfully clicked...
2019-10-22 01:45:58 INFO  [main] (PurchaseTest.java:90) - prodcategory page successfully opened...
2019-10-22 01:45:58 INFO  [main] (PurchaseTest.java:91) - prodcategory page captured successfully...
2019-10-22 01:46:04 INFO  [main] (productPage.java:39) - product link successfully clicked...
2019-10-22 01:46:04 INFO  [main] (productPage.java:40) - product1 page successfully opened...
2019-10-22 01:46:05 INFO  [main] (PurchaseTest.java:101) - prodinprodcategory page successfully opened...
2019-10-22 01:46:05 INFO  [main] (PurchaseTest.java:102) - prodinprodcategory page captured successfully...
2019-10-22 01:46:25 ERROR [main] (productPage.java:44) - Exception occurred is:org.openqa.selenium.TimeoutException: Expected condition failed: waiting for element to be clickable: By.xpath: (//div[@class='content']//a[@href='http://localhost/Avactis/product-info.php?Avactis_Shopping_Cart_Web_Manual_-_Downloadable_products-pid33.html'])[2] (tried for 10 second(s) with 500 MILLISECONDS interval)
2019-10-22 01:46:46 ERROR [main] (PurchaseProductPage.java:80) - Exception occured:org.openqa.selenium.TimeoutException: Expected condition failed: waiting for element to be clickable: By.xpath: //option[@value='93'] (tried for 10 second(s) with 500 MILLISECONDS interval)
2019-10-22 01:47:06 ERROR [main] (PurchaseProductPage.java:90) - Exception occured:org.openqa.selenium.TimeoutException: Expected condition failed: waiting for element to be clickable: By.xpath: //option[@value='386'] (tried for 10 second(s) with 500 MILLISECONDS interval)
2019-10-22 01:47:26 ERROR [main] (PurchaseProductPage.java:99) - Exception occured:org.openqa.selenium.TimeoutException: Expected condition failed: waiting for element to be clickable: By.xpath: //option[@value='390'] (tried for 10 second(s) with 500 MILLISECONDS interval)
2019-10-22 01:47:27 INFO  [main] (PurchaseProductPage.java:117) - product successfully added to cart...
2019-10-22 01:47:33 INFO  [main] (PurchaseTest.java:126) - storepage again opened successfully...
2019-10-22 01:47:33 INFO  [main] (PurchaseTest.java:127) - storepage again captured successfully....
2019-10-22 02:07:35 INFO  [main] (PurchaseTest.java:57) - system properties are set...
2019-10-22 02:07:40 INFO  [main] (PurchaseTest.java:59) - InternetExplorer is launched...
2019-10-22 02:07:40 INFO  [main] (PurchaseTest.java:64) - window is maximiesed...
2019-10-22 02:07:50 INFO  [main] (PurchaseTest.java:79) - storepage opened successfully...
2019-10-22 02:07:50 INFO  [main] (PurchaseTest.java:80) - storepage captured successfully....
2019-10-22 02:07:55 INFO  [main] (PurchaseTest.java:84) - category link successfully clicked...
2019-10-22 02:07:55 INFO  [main] (PurchaseTest.java:90) - prodcategory page successfully opened...
2019-10-22 02:07:55 INFO  [main] (PurchaseTest.java:91) - prodcategory page captured successfully...
2019-10-22 02:08:26 ERROR [main] (productPage.java:62) - Exception occurred is:org.openqa.selenium.TimeoutException: Expected condition failed: waiting for pageClasses.productPage$1@7f6f61c8 (tried for 30 second(s) with 5 SECONDS interval)
Build info: version: '3.6.0', revision: '6fbf3ec767', time: '2017-09-27T15:28:36.4Z'
System info: host: 'DESKTOP-UFF7VOJ', ip: '192.168.1.8', os.name: 'Windows 10', os.arch: 'amd64', os.version: '10.0', java.version: '1.8.0_191'
Driver info: driver.version: unknown
2019-10-22 02:08:27 INFO  [main] (PurchaseTest.java:101) - prodinprodcategory page successfully opened...
2019-10-22 02:08:27 INFO  [main] (PurchaseTest.java:102) - prodinprodcategory page captured successfully...
2019-10-22 02:08:57 ERROR [main] (productPage.java:62) - Exception occurred is:org.openqa.selenium.TimeoutException: Expected condition failed: waiting for pageClasses.productPage$1@52d645b1 (tried for 30 second(s) with 5 SECONDS interval)
Build info: version: '3.6.0', revision: '6fbf3ec767', time: '2017-09-27T15:28:36.4Z'
System info: host: 'DESKTOP-UFF7VOJ', ip: '192.168.1.8', os.name: 'Windows 10', os.arch: 'amd64', os.version: '10.0', java.version: '1.8.0_191'
Driver info: driver.version: unknown
2019-10-22 02:09:18 ERROR [main] (PurchaseProductPage.java:80) - Exception occured:org.openqa.selenium.TimeoutException: Expected condition failed: waiting for element to be clickable: By.xpath: //option[@value='93'] (tried for 10 second(s) with 500 MILLISECONDS interval)
2019-10-22 02:09:38 ERROR [main] (PurchaseProductPage.java:90) - Exception occured:org.openqa.selenium.TimeoutException: Expected condition failed: waiting for element to be clickable: By.xpath: //option[@value='386'] (tried for 10 second(s) with 500 MILLISECONDS interval)
2019-10-22 02:09:58 ERROR [main] (PurchaseProductPage.java:99) - Exception occured:org.openqa.selenium.TimeoutException: Expected condition failed: waiting for element to be clickable: By.xpath: //option[@value='390'] (tried for 10 second(s) with 500 MILLISECONDS interval)
2019-10-22 02:10:18 ERROR [main] (PurchaseProductPage.java:113) - Exception occured:org.openqa.selenium.TimeoutException: Expected condition failed: waiting for element to be clickable: By.xpath: //option[@value='1'] (tried for 10 second(s) with 500 MILLISECONDS interval)
2019-10-22 02:10:44 INFO  [main] (PurchaseTest.java:79) - storepage opened successfully...
2019-10-22 02:10:44 INFO  [main] (PurchaseTest.java:80) - storepage captured successfully....
2019-10-22 02:10:48 INFO  [main] (PurchaseTest.java:84) - category link successfully clicked...
2019-10-22 02:10:49 INFO  [main] (PurchaseTest.java:90) - prodcategory page successfully opened...
2019-10-22 02:10:49 INFO  [main] (PurchaseTest.java:91) - prodcategory page captured successfully...
2019-10-22 02:11:19 ERROR [main] (productPage.java:62) - Exception occurred is:org.openqa.selenium.TimeoutException: Expected condition failed: waiting for pageClasses.productPage$1@18c5069b (tried for 30 second(s) with 5 SECONDS interval)
Build info: version: '3.6.0', revision: '6fbf3ec767', time: '2017-09-27T15:28:36.4Z'
System info: host: 'DESKTOP-UFF7VOJ', ip: '192.168.1.8', os.name: 'Windows 10', os.arch: 'amd64', os.version: '10.0', java.version: '1.8.0_191'
Driver info: driver.version: unknown
2019-10-22 02:11:19 INFO  [main] (PurchaseTest.java:101) - prodinprodcategory page successfully opened...
2019-10-22 02:11:19 INFO  [main] (PurchaseTest.java:102) - prodinprodcategory page captured successfully...
2019-10-22 02:11:49 ERROR [main] (productPage.java:62) - Exception occurred is:org.openqa.selenium.TimeoutException: Expected condition failed: waiting for pageClasses.productPage$1@781f10f2 (tried for 30 second(s) with 5 SECONDS interval)
Build info: version: '3.6.0', revision: '6fbf3ec767', time: '2017-09-27T15:28:36.4Z'
System info: host: 'DESKTOP-UFF7VOJ', ip: '192.168.1.8', os.name: 'Windows 10', os.arch: 'amd64', os.version: '10.0', java.version: '1.8.0_191'
Driver info: driver.version: unknown
2019-10-22 02:12:10 ERROR [main] (PurchaseProductPage.java:80) - Exception occured:org.openqa.selenium.TimeoutException: Expected condition failed: waiting for element to be clickable: By.xpath: //option[@value='383'] (tried for 10 second(s) with 500 MILLISECONDS interval)
2019-10-22 02:12:30 ERROR [main] (PurchaseProductPage.java:90) - Exception occured:org.openqa.selenium.TimeoutException: Expected condition failed: waiting for element to be clickable: By.xpath: //option[@value='387'] (tried for 10 second(s) with 500 MILLISECONDS interval)
2019-10-22 02:12:50 ERROR [main] (PurchaseProductPage.java:99) - Exception occured:org.openqa.selenium.TimeoutException: Expected condition failed: waiting for element to be clickable: By.xpath: //option[@value='391'] (tried for 10 second(s) with 500 MILLISECONDS interval)
2019-10-22 02:13:10 ERROR [main] (PurchaseProductPage.java:113) - Exception occured:org.openqa.selenium.TimeoutException: Expected condition failed: waiting for element to be clickable: By.xpath: //option[@value='1'] (tried for 10 second(s) with 500 MILLISECONDS interval)
2019-10-22 02:13:35 INFO  [main] (PurchaseTest.java:79) - storepage opened successfully...
2019-10-22 02:13:35 INFO  [main] (PurchaseTest.java:80) - storepage captured successfully....
2019-10-22 02:13:40 INFO  [main] (PurchaseTest.java:84) - category link successfully clicked...
2019-10-22 02:13:40 INFO  [main] (PurchaseTest.java:90) - prodcategory page successfully opened...
2019-10-22 02:13:40 INFO  [main] (PurchaseTest.java:91) - prodcategory page captured successfully...
2019-10-22 02:14:10 ERROR [main] (productPage.java:62) - Exception occurred is:org.openqa.selenium.TimeoutException: Expected condition failed: waiting for pageClasses.productPage$1@6e6d5d29 (tried for 30 second(s) with 5 SECONDS interval)
Build info: version: '3.6.0', revision: '6fbf3ec767', time: '2017-09-27T15:28:36.4Z'
System info: host: 'DESKTOP-UFF7VOJ', ip: '192.168.1.8', os.name: 'Windows 10', os.arch: 'amd64', os.version: '10.0', java.version: '1.8.0_191'
Driver info: driver.version: unknown
2019-10-22 02:14:10 INFO  [main] (PurchaseTest.java:101) - prodinprodcategory page successfully opened...
2019-10-22 02:14:10 INFO  [main] (PurchaseTest.java:102) - prodinprodcategory page captured successfully...
2019-10-22 02:14:41 ERROR [main] (productPage.java:62) - Exception occurred is:org.openqa.selenium.TimeoutException: Expected condition failed: waiting for pageClasses.productPage$1@c5ee75e (tried for 30 second(s) with 5 SECONDS interval)
Build info: version: '3.6.0', revision: '6fbf3ec767', time: '2017-09-27T15:28:36.4Z'
System info: host: 'DESKTOP-UFF7VOJ', ip: '192.168.1.8', os.name: 'Windows 10', os.arch: 'amd64', os.version: '10.0', java.version: '1.8.0_191'
Driver info: driver.version: unknown
2019-10-22 02:15:01 ERROR [main] (PurchaseProductPage.java:80) - Exception occured:org.openqa.selenium.TimeoutException: Expected condition failed: waiting for element to be clickable: By.xpath: //option[@value='93'] (tried for 10 second(s) with 500 MILLISECONDS interval)
2019-10-22 02:15:22 ERROR [main] (PurchaseProductPage.java:90) - Exception occured:org.openqa.selenium.TimeoutException: Expected condition failed: waiting for element to be clickable: By.xpath: //option[@value='386'] (tried for 10 second(s) with 500 MILLISECONDS interval)
2019-10-22 02:15:42 ERROR [main] (PurchaseProductPage.java:99) - Exception occured:org.openqa.selenium.TimeoutException: Expected condition failed: waiting for element to be clickable: By.xpath: //option[@value='390'] (tried for 10 second(s) with 500 MILLISECONDS interval)
2019-10-22 02:16:02 ERROR [main] (PurchaseProductPage.java:113) - Exception occured:org.openqa.selenium.TimeoutException: Expected condition failed: waiting for element to be clickable: By.xpath: //option[@value='1'] (tried for 10 second(s) with 500 MILLISECONDS interval)
2019-10-22 02:16:02 INFO  [main] (PurchaseProductPage.java:117) - product successfully added to cart...
2019-10-22 02:16:08 INFO  [main] (PurchaseTest.java:126) - storepage again opened successfully...
2019-10-22 02:16:08 INFO  [main] (PurchaseTest.java:127) - storepage again captured successfully....
2019-10-22 02:36:01 INFO  [main] (PurchaseTest.java:57) - system properties are set...
2019-10-22 02:36:06 INFO  [main] (PurchaseTest.java:59) - InternetExplorer is launched...
2019-10-22 02:36:06 INFO  [main] (PurchaseTest.java:64) - window is maximiesed...
2019-10-22 02:36:18 INFO  [main] (PurchaseTest.java:79) - storepage opened successfully...
2019-10-22 02:36:18 INFO  [main] (PurchaseTest.java:80) - storepage captured successfully....
2019-10-22 02:36:22 INFO  [main] (PurchaseTest.java:84) - category link successfully clicked...
2019-10-22 02:36:23 INFO  [main] (PurchaseTest.java:90) - prodcategory page successfully opened...
2019-10-22 02:36:23 INFO  [main] (PurchaseTest.java:91) - prodcategory page captured successfully...
2019-10-22 02:36:26 INFO  [main] (productPage.java:45) - product link successfully clicked...
2019-10-22 02:36:26 INFO  [main] (productPage.java:46) - product1 page successfully opened...
2019-10-22 02:36:33 INFO  [main] (PurchaseTest.java:79) - storepage opened successfully...
2019-10-22 02:36:33 INFO  [main] (PurchaseTest.java:80) - storepage captured successfully....
2019-10-22 02:36:35 INFO  [main] (PurchaseTest.java:79) - storepage opened successfully...
2019-10-22 02:36:35 INFO  [main] (PurchaseTest.java:80) - storepage captured successfully....
2019-10-22 02:36:41 INFO  [main] (PurchaseTest.java:84) - category link successfully clicked...
2019-10-22 02:36:41 INFO  [main] (PurchaseTest.java:90) - prodcategory page successfully opened...
2019-10-22 02:36:41 INFO  [main] (PurchaseTest.java:91) - prodcategory page captured successfully...
2019-10-22 02:36:42 INFO  [main] (productPage.java:45) - product link successfully clicked...
2019-10-22 02:36:42 INFO  [main] (productPage.java:46) - product1 page successfully opened...
2019-10-22 02:38:21 INFO  [main] (PurchaseTest.java:43) - system properties are set...
2019-10-22 02:38:43 INFO  [main] (PurchaseTest.java:45) - firefox browser is launched...
2019-10-22 02:38:43 INFO  [main] (PurchaseTest.java:64) - window is maximiesed...
2019-10-22 02:38:52 INFO  [main] (PurchaseTest.java:79) - storepage opened successfully...
2019-10-22 02:38:52 INFO  [main] (PurchaseTest.java:80) - storepage captured successfully....
2019-10-22 02:38:56 INFO  [main] (PurchaseTest.java:84) - category link successfully clicked...
2019-10-22 02:38:56 INFO  [main] (PurchaseTest.java:90) - prodcategory page successfully opened...
2019-10-22 02:38:56 INFO  [main] (PurchaseTest.java:91) - prodcategory page captured successfully...
2019-10-22 02:39:02 INFO  [main] (productPage.java:45) - product link successfully clicked...
2019-10-22 02:39:02 INFO  [main] (productPage.java:46) - product1 page successfully opened...
2019-10-22 02:39:05 INFO  [main] (PurchaseTest.java:79) - storepage opened successfully...
2019-10-22 02:39:05 INFO  [main] (PurchaseTest.java:80) - storepage captured successfully....
2019-10-22 02:39:09 INFO  [main] (PurchaseTest.java:84) - category link successfully clicked...
2019-10-22 02:39:09 INFO  [main] (PurchaseTest.java:90) - prodcategory page successfully opened...
2019-10-22 02:39:09 INFO  [main] (PurchaseTest.java:91) - prodcategory page captured successfully...
2019-10-22 02:39:14 INFO  [main] (productPage.java:45) - product link successfully clicked...
2019-10-22 02:39:14 INFO  [main] (productPage.java:46) - product1 page successfully opened...
2019-10-22 02:39:15 INFO  [main] (PurchaseTest.java:101) - prodinprodcategory page successfully opened...
2019-10-22 02:39:15 INFO  [main] (PurchaseTest.java:102) - prodinprodcategory page captured successfully...
2019-10-22 02:39:20 INFO  [main] (productPage.java:45) - product link successfully clicked...
2019-10-22 02:39:20 INFO  [main] (productPage.java:46) - product1 page successfully opened...
2019-10-22 02:39:24 INFO  [main] (PurchaseTest.java:79) - storepage opened successfully...
2019-10-22 02:39:24 INFO  [main] (PurchaseTest.java:80) - storepage captured successfully....
2019-10-22 02:39:27 INFO  [main] (PurchaseTest.java:84) - category link successfully clicked...
2019-10-22 02:39:27 INFO  [main] (PurchaseTest.java:90) - prodcategory page successfully opened...
2019-10-22 02:39:27 INFO  [main] (PurchaseTest.java:91) - prodcategory page captured successfully...
2019-10-22 02:39:33 INFO  [main] (productPage.java:45) - product link successfully clicked...
2019-10-22 02:39:33 INFO  [main] (productPage.java:46) - product1 page successfully opened...
2019-10-22 02:40:47 INFO  [main] (PurchaseTest.java:57) - system properties are set...
2019-10-22 02:40:52 INFO  [main] (PurchaseTest.java:59) - InternetExplorer is launched...
2019-10-22 02:40:52 INFO  [main] (PurchaseTest.java:64) - window is maximiesed...
2019-10-22 02:41:03 INFO  [main] (PurchaseTest.java:79) - storepage opened successfully...
2019-10-22 02:41:03 INFO  [main] (PurchaseTest.java:80) - storepage captured successfully....
2019-10-22 02:41:07 INFO  [main] (PurchaseTest.java:84) - category link successfully clicked...
2019-10-22 02:41:08 INFO  [main] (PurchaseTest.java:90) - prodcategory page successfully opened...
2019-10-22 02:41:08 INFO  [main] (PurchaseTest.java:91) - prodcategory page captured successfully...
2019-10-22 02:41:14 INFO  [main] (productPage.java:45) - product link successfully clicked...
2019-10-22 02:41:14 INFO  [main] (productPage.java:46) - product1 page successfully opened...
2019-10-22 02:41:15 INFO  [main] (PurchaseTest.java:101) - prodinprodcategory page successfully opened...
2019-10-22 02:41:15 INFO  [main] (PurchaseTest.java:102) - prodinprodcategory page captured successfully...
2019-10-22 02:41:35 ERROR [main] (productPage.java:50) - Exception occurred is:org.openqa.selenium.TimeoutException: Expected condition failed: waiting for element to be clickable: By.xpath: (//div[@class='content']//a[@href='http://localhost/Avactis/product-info.php?Pure_cotton_T-Shirt-pid47.html'])[2] (tried for 20 second(s) with 500 MILLISECONDS interval)
2019-10-23 00:40:21 INFO  [main] (PurchaseTest.java:57) - system properties are set...
2019-10-23 00:40:31 INFO  [main] (PurchaseTest.java:59) - InternetExplorer is launched...
2019-10-23 00:40:31 INFO  [main] (PurchaseTest.java:64) - window is maximiesed...
2019-10-23 00:40:55 INFO  [main] (PurchaseTest.java:79) - storepage opened successfully...
2019-10-23 00:40:55 INFO  [main] (PurchaseTest.java:80) - storepage captured successfully....
2019-10-23 00:41:01 INFO  [main] (PurchaseTest.java:84) - category link successfully clicked...
2019-10-23 00:41:02 INFO  [main] (PurchaseTest.java:90) - prodcategory page successfully opened...
2019-10-23 00:41:02 INFO  [main] (PurchaseTest.java:91) - prodcategory page captured successfully...
2019-10-23 00:41:09 INFO  [main] (productPage.java:45) - product link successfully clicked...
2019-10-23 00:41:09 INFO  [main] (productPage.java:46) - product1 page successfully opened...
2019-10-23 00:41:09 INFO  [main] (PurchaseTest.java:101) - prodinprodcategory page successfully opened...
2019-10-23 00:41:09 INFO  [main] (PurchaseTest.java:102) - prodinprodcategory page captured successfully...
2019-10-23 00:41:29 ERROR [main] (productPage.java:50) - Exception occurred is:org.openqa.selenium.TimeoutException: Expected condition failed: waiting for element to be clickable: By.xpath: (//div[@class='content']//a[@href='http://localhost/Avactis/product-info.php?Pure_cotton_T-Shirt-pid47.html'])[2] (tried for 20 second(s) with 500 MILLISECONDS interval)
2019-10-23 00:41:51 ERROR [main] (PurchaseProductPage.java:90) - Exception occured:org.openqa.selenium.TimeoutException: Expected condition failed: waiting for element to be clickable: By.xpath: //option[@value='386'] (tried for 10 second(s) with 500 MILLISECONDS interval)
2019-10-23 00:42:11 ERROR [main] (PurchaseProductPage.java:99) - Exception occured:org.openqa.selenium.TimeoutException: Expected condition failed: waiting for element to be clickable: By.xpath: //option[@value='390'] (tried for 10 second(s) with 500 MILLISECONDS interval)
2019-10-23 00:42:12 INFO  [main] (PurchaseProductPage.java:117) - product successfully added to cart...
2019-10-23 00:42:18 INFO  [main] (PurchaseTest.java:126) - storepage again opened successfully...
2019-10-23 00:42:18 INFO  [main] (PurchaseTest.java:127) - storepage again captured successfully....
2019-10-23 00:42:19 INFO  [main] (PurchaseTest.java:79) - storepage opened successfully...
2019-10-23 00:42:19 INFO  [main] (PurchaseTest.java:80) - storepage captured successfully....
2019-10-23 00:42:24 INFO  [main] (PurchaseTest.java:84) - category link successfully clicked...
2019-10-23 00:42:24 INFO  [main] (PurchaseTest.java:90) - prodcategory page successfully opened...
2019-10-23 00:42:24 INFO  [main] (PurchaseTest.java:91) - prodcategory page captured successfully...
2019-10-23 00:42:30 INFO  [main] (productPage.java:45) - product link successfully clicked...
2019-10-23 00:42:30 INFO  [main] (productPage.java:46) - product1 page successfully opened...
2019-10-23 00:42:31 INFO  [main] (PurchaseTest.java:101) - prodinprodcategory page successfully opened...
2019-10-23 00:42:31 INFO  [main] (PurchaseTest.java:102) - prodinprodcategory page captured successfully...
2019-10-23 00:42:38 INFO  [main] (productPage.java:45) - product link successfully clicked...
2019-10-23 00:42:38 INFO  [main] (productPage.java:46) - product1 page successfully opened...
2019-10-23 00:42:41 INFO  [main] (PurchaseProductPage.java:117) - product successfully added to cart...
2019-10-23 00:42:46 INFO  [main] (PurchaseTest.java:126) - storepage again opened successfully...
2019-10-23 00:42:46 INFO  [main] (PurchaseTest.java:127) - storepage again captured successfully....
2019-10-23 00:42:47 INFO  [main] (PurchaseTest.java:79) - storepage opened successfully...
2019-10-23 00:42:47 INFO  [main] (PurchaseTest.java:80) - storepage captured successfully....
2019-10-23 00:42:51 INFO  [main] (PurchaseTest.java:84) - category link successfully clicked...
2019-10-23 00:42:51 INFO  [main] (PurchaseTest.java:90) - prodcategory page successfully opened...
2019-10-23 00:42:51 INFO  [main] (PurchaseTest.java:91) - prodcategory page captured successfully...
2019-10-23 00:42:57 INFO  [main] (productPage.java:45) - product link successfully clicked...
2019-10-23 00:42:57 INFO  [main] (productPage.java:46) - product1 page successfully opened...
2019-10-23 00:42:58 INFO  [main] (PurchaseTest.java:101) - prodinprodcategory page successfully opened...
2019-10-23 00:42:58 INFO  [main] (PurchaseTest.java:102) - prodinprodcategory page captured successfully...
2019-10-23 00:43:18 ERROR [main] (productPage.java:50) - Exception occurred is:org.openqa.selenium.TimeoutException: Expected condition failed: waiting for element to be clickable: By.xpath: (//div[@class='content']//a[@href='http://localhost/Avactis/product-info.php?Avactis_Shopping_Cart_Web_Manual_-_Downloadable_products-pid33.html'])[2] (tried for 20 second(s) with 500 MILLISECONDS interval)
2019-10-23 00:43:39 ERROR [main] (PurchaseProductPage.java:80) - Exception occured:org.openqa.selenium.TimeoutException: Expected condition failed: waiting for element to be clickable: By.xpath: //option[@value='93'] (tried for 10 second(s) with 500 MILLISECONDS interval)
2019-10-23 00:43:59 ERROR [main] (PurchaseProductPage.java:90) - Exception occured:org.openqa.selenium.TimeoutException: Expected condition failed: waiting for element to be clickable: By.xpath: //option[@value='386'] (tried for 10 second(s) with 500 MILLISECONDS interval)
2019-10-23 00:44:19 ERROR [main] (PurchaseProductPage.java:99) - Exception occured:org.openqa.selenium.TimeoutException: Expected condition failed: waiting for element to be clickable: By.xpath: //option[@value='390'] (tried for 10 second(s) with 500 MILLISECONDS interval)
2019-10-23 00:44:20 INFO  [main] (PurchaseProductPage.java:117) - product successfully added to cart...
2019-10-23 00:44:26 INFO  [main] (PurchaseTest.java:126) - storepage again opened successfully...
2019-10-23 00:44:26 INFO  [main] (PurchaseTest.java:127) - storepage again captured successfully....
2019-10-23 00:47:15 INFO  [main] (PurchaseTest.java:43) - system properties are set...
2019-10-23 00:47:39 INFO  [main] (PurchaseTest.java:45) - firefox browser is launched...
2019-10-23 00:47:39 INFO  [main] (PurchaseTest.java:64) - window is maximiesed...
2019-10-23 00:47:46 INFO  [main] (PurchaseTest.java:79) - storepage opened successfully...
2019-10-23 00:47:46 INFO  [main] (PurchaseTest.java:80) - storepage captured successfully....
2019-10-23 00:47:50 INFO  [main] (PurchaseTest.java:84) - category link successfully clicked...
2019-10-23 00:47:50 INFO  [main] (PurchaseTest.java:90) - prodcategory page successfully opened...
2019-10-23 00:47:50 INFO  [main] (PurchaseTest.java:91) - prodcategory page captured successfully...
2019-10-23 00:47:55 INFO  [main] (productPage.java:45) - product link successfully clicked...
2019-10-23 00:47:55 INFO  [main] (productPage.java:46) - product1 page successfully opened...
2019-10-23 00:47:59 INFO  [main] (PurchaseTest.java:79) - storepage opened successfully...
2019-10-23 00:47:59 INFO  [main] (PurchaseTest.java:80) - storepage captured successfully....
2019-10-23 00:48:02 INFO  [main] (PurchaseTest.java:84) - category link successfully clicked...
2019-10-23 00:48:02 INFO  [main] (PurchaseTest.java:90) - prodcategory page successfully opened...
2019-10-23 00:48:02 INFO  [main] (PurchaseTest.java:91) - prodcategory page captured successfully...
2019-10-23 00:48:07 INFO  [main] (productPage.java:45) - product link successfully clicked...
2019-10-23 00:48:07 INFO  [main] (productPage.java:46) - product1 page successfully opened...
2019-10-23 00:48:08 INFO  [main] (PurchaseTest.java:101) - prodinprodcategory page successfully opened...
2019-10-23 00:48:08 INFO  [main] (PurchaseTest.java:102) - prodinprodcategory page captured successfully...
2019-10-23 00:48:13 INFO  [main] (productPage.java:45) - product link successfully clicked...
2019-10-23 00:48:13 INFO  [main] (productPage.java:46) - product1 page successfully opened...
2019-10-23 00:48:16 INFO  [main] (PurchaseTest.java:79) - storepage opened successfully...
2019-10-23 00:48:16 INFO  [main] (PurchaseTest.java:80) - storepage captured successfully....
2019-10-23 00:48:19 INFO  [main] (PurchaseTest.java:84) - category link successfully clicked...
2019-10-23 00:48:19 INFO  [main] (PurchaseTest.java:90) - prodcategory page successfully opened...
2019-10-23 00:48:19 INFO  [main] (PurchaseTest.java:91) - prodcategory page captured successfully...
2019-10-23 00:48:25 INFO  [main] (productPage.java:45) - product link successfully clicked...
2019-10-23 00:48:25 INFO  [main] (productPage.java:46) - product1 page successfully opened...
2019-12-15 21:08:30 INFO  [main] (PurchaseTest.java:43) - system properties are set...
2019-12-15 21:32:15 INFO  [main] (PurchaseTest.java:43) - system properties are set...
2019-12-15 21:36:42 INFO  [main] (PurchaseTest.java:50) - system properties are set...
2019-12-15 21:46:03 INFO  [main] (PurchaseTest.java:50) - system properties are set...
2019-12-15 21:46:26 INFO  [main] (PurchaseTest.java:52) - chrome browser is launched...
2019-12-15 21:46:30 INFO  [main] (PurchaseTest.java:64) - window is maximiesed...
2019-12-15 21:48:05 INFO  [main] (PurchaseTest.java:79) - storepage opened successfully...
2019-12-15 21:48:05 INFO  [main] (PurchaseTest.java:80) - storepage captured successfully....
2019-12-15 21:48:24 INFO  [main] (PurchaseTest.java:84) - category link successfully clicked...
2019-12-15 21:48:24 INFO  [main] (PurchaseTest.java:90) - prodcategory page successfully opened...
2019-12-15 21:48:24 INFO  [main] (PurchaseTest.java:91) - prodcategory page captured successfully...
2019-12-15 21:48:36 INFO  [main] (productPage.java:45) - product link successfully clicked...
2019-12-15 21:48:36 INFO  [main] (productPage.java:46) - product1 page successfully opened...
2019-12-15 21:48:36 INFO  [main] (PurchaseTest.java:101) - prodinprodcategory page successfully opened...
2019-12-15 21:48:36 INFO  [main] (PurchaseTest.java:102) - prodinprodcategory page captured successfully...
2019-12-15 21:48:57 ERROR [main] (productPage.java:50) - Exception occurred is:org.openqa.selenium.TimeoutException: Expected condition failed: waiting for element to be clickable: By.xpath: (//div[@class='content']//a[@href='http://localhost/Avactis/product-info.php?Pure_cotton_T-Shirt-pid47.html'])[2] (tried for 20 second(s) with 500 MILLISECONDS interval)
2019-12-15 21:49:17 ERROR [main] (PurchaseProductPage.java:90) - Exception occured:org.openqa.selenium.TimeoutException: Expected condition failed: waiting for element to be clickable: By.xpath: //option[@value='386'] (tried for 10 second(s) with 500 MILLISECONDS interval)
2019-12-15 21:49:37 ERROR [main] (PurchaseProductPage.java:99) - Exception occured:org.openqa.selenium.TimeoutException: Expected condition failed: waiting for element to be clickable: By.xpath: //option[@value='390'] (tried for 10 second(s) with 500 MILLISECONDS interval)
2019-12-15 21:49:38 INFO  [main] (PurchaseProductPage.java:117) - product successfully added to cart...
2019-12-15 21:49:42 INFO  [main] (PurchaseTest.java:126) - storepage again opened successfully...
2019-12-15 21:49:42 INFO  [main] (PurchaseTest.java:127) - storepage again captured successfully....
2019-12-15 21:49:43 INFO  [main] (PurchaseTest.java:79) - storepage opened successfully...
2019-12-15 21:49:43 INFO  [main] (PurchaseTest.java:80) - storepage captured successfully....
2019-12-15 21:49:47 INFO  [main] (PurchaseTest.java:84) - category link successfully clicked...
2019-12-15 21:49:47 INFO  [main] (PurchaseTest.java:90) - prodcategory page successfully opened...
2019-12-15 21:49:47 INFO  [main] (PurchaseTest.java:91) - prodcategory page captured successfully...
2019-12-15 21:49:56 INFO  [main] (productPage.java:45) - product link successfully clicked...
2019-12-15 21:49:56 INFO  [main] (productPage.java:46) - product1 page successfully opened...
2019-12-15 21:49:57 INFO  [main] (PurchaseTest.java:101) - prodinprodcategory page successfully opened...
2019-12-15 21:49:57 INFO  [main] (PurchaseTest.java:102) - prodinprodcategory page captured successfully...
2019-12-15 21:50:06 INFO  [main] (productPage.java:45) - product link successfully clicked...
2019-12-15 21:50:06 INFO  [main] (productPage.java:46) - product1 page successfully opened...
2019-12-15 21:50:07 INFO  [main] (PurchaseProductPage.java:117) - product successfully added to cart...
2019-12-15 21:50:13 INFO  [main] (PurchaseTest.java:126) - storepage again opened successfully...
2019-12-15 21:50:13 INFO  [main] (PurchaseTest.java:127) - storepage again captured successfully....
2019-12-15 21:50:13 INFO  [main] (PurchaseTest.java:79) - storepage opened successfully...
2019-12-15 21:50:13 INFO  [main] (PurchaseTest.java:80) - storepage captured successfully....
2019-12-15 21:50:17 INFO  [main] (PurchaseTest.java:84) - category link successfully clicked...
2019-12-15 21:50:18 INFO  [main] (PurchaseTest.java:90) - prodcategory page successfully opened...
2019-12-15 21:50:18 INFO  [main] (PurchaseTest.java:91) - prodcategory page captured successfully...
2019-12-15 21:50:27 INFO  [main] (productPage.java:45) - product link successfully clicked...
2019-12-15 21:50:27 INFO  [main] (productPage.java:46) - product1 page successfully opened...
2019-12-15 21:50:28 INFO  [main] (PurchaseTest.java:101) - prodinprodcategory page successfully opened...
2019-12-15 21:50:28 INFO  [main] (PurchaseTest.java:102) - prodinprodcategory page captured successfully...
2019-12-15 21:50:48 ERROR [main] (productPage.java:50) - Exception occurred is:org.openqa.selenium.TimeoutException: Expected condition failed: waiting for element to be clickable: By.xpath: (//div[@class='content']//a[@href='http://localhost/Avactis/product-info.php?Avactis_Shopping_Cart_Web_Manual_-_Downloadable_products-pid33.html'])[2] (tried for 20 second(s) with 500 MILLISECONDS interval)
2019-12-15 21:51:08 ERROR [main] (PurchaseProductPage.java:80) - Exception occured:org.openqa.selenium.TimeoutException: Expected condition failed: waiting for element to be clickable: By.xpath: //option[@value='93'] (tried for 10 second(s) with 500 MILLISECONDS interval)
2019-12-15 21:51:28 ERROR [main] (PurchaseProductPage.java:90) - Exception occured:org.openqa.selenium.TimeoutException: Expected condition failed: waiting for element to be clickable: By.xpath: //option[@value='386'] (tried for 10 second(s) with 500 MILLISECONDS interval)
2019-12-15 21:51:49 ERROR [main] (PurchaseProductPage.java:99) - Exception occured:org.openqa.selenium.TimeoutException: Expected condition failed: waiting for element to be clickable: By.xpath: //option[@value='390'] (tried for 10 second(s) with 500 MILLISECONDS interval)
2019-12-15 21:51:49 INFO  [main] (PurchaseProductPage.java:117) - product successfully added to cart...
2019-12-15 21:51:53 INFO  [main] (PurchaseTest.java:126) - storepage again opened successfully...
2019-12-15 21:51:53 INFO  [main] (PurchaseTest.java:127) - storepage again captured successfully....
2020-01-09 10:52:53 INFO  [main] (PurchaseTest.java:50) - system properties are set...
2020-01-09 10:53:18 INFO  [main] (PurchaseTest.java:52) - chrome browser is launched...
2020-01-09 10:53:22 INFO  [main] (PurchaseTest.java:64) - window is maximiesed...
2020-01-09 10:54:41 INFO  [main] (PurchaseTest.java:79) - storepage opened successfully...
2020-01-09 10:54:41 INFO  [main] (PurchaseTest.java:80) - storepage captured successfully....
2020-01-09 10:54:59 INFO  [main] (PurchaseTest.java:84) - category link successfully clicked...
2020-01-09 10:54:59 INFO  [main] (PurchaseTest.java:90) - prodcategory page successfully opened...
2020-01-09 10:54:59 INFO  [main] (PurchaseTest.java:91) - prodcategory page captured successfully...
2020-01-09 10:55:13 INFO  [main] (productPage.java:45) - product link successfully clicked...
2020-01-09 10:55:13 INFO  [main] (productPage.java:46) - product1 page successfully opened...
2020-01-09 10:55:14 INFO  [main] (PurchaseTest.java:101) - prodinprodcategory page successfully opened...
2020-01-09 10:55:14 INFO  [main] (PurchaseTest.java:102) - prodinprodcategory page captured successfully...
2020-01-09 10:55:35 ERROR [main] (productPage.java:50) - Exception occurred is:org.openqa.selenium.TimeoutException: Expected condition failed: waiting for element to be clickable: By.xpath: (//div[@class='content']//a[@href='http://localhost/Avactis/product-info.php?Pure_cotton_T-Shirt-pid47.html'])[2] (tried for 20 second(s) with 500 MILLISECONDS interval)
2020-01-09 10:55:55 ERROR [main] (PurchaseProductPage.java:90) - Exception occured:org.openqa.selenium.TimeoutException: Expected condition failed: waiting for element to be clickable: By.xpath: //option[@value='386'] (tried for 10 second(s) with 500 MILLISECONDS interval)
2020-01-09 10:56:16 ERROR [main] (PurchaseProductPage.java:99) - Exception occured:org.openqa.selenium.TimeoutException: Expected condition failed: waiting for element to be clickable: By.xpath: //option[@value='390'] (tried for 10 second(s) with 500 MILLISECONDS interval)
2020-01-09 10:56:16 INFO  [main] (PurchaseProductPage.java:117) - product successfully added to cart...
2020-01-09 10:56:27 INFO  [main] (PurchaseTest.java:126) - storepage again opened successfully...
2020-01-09 10:56:27 INFO  [main] (PurchaseTest.java:127) - storepage again captured successfully....
2020-01-09 10:56:27 INFO  [main] (PurchaseTest.java:79) - storepage opened successfully...
2020-01-09 10:56:27 INFO  [main] (PurchaseTest.java:80) - storepage captured successfully....
2020-01-09 10:56:31 INFO  [main] (PurchaseTest.java:84) - category link successfully clicked...
2020-01-09 10:56:32 INFO  [main] (PurchaseTest.java:90) - prodcategory page successfully opened...
2020-01-09 10:56:32 INFO  [main] (PurchaseTest.java:91) - prodcategory page captured successfully...
2020-01-09 10:56:41 INFO  [main] (productPage.java:45) - product link successfully clicked...
2020-01-09 10:56:41 INFO  [main] (productPage.java:46) - product1 page successfully opened...
2020-01-09 10:56:42 INFO  [main] (PurchaseTest.java:101) - prodinprodcategory page successfully opened...
2020-01-09 10:56:42 INFO  [main] (PurchaseTest.java:102) - prodinprodcategory page captured successfully...
2020-01-09 10:56:51 INFO  [main] (productPage.java:45) - product link successfully clicked...
2020-01-09 10:56:51 INFO  [main] (productPage.java:46) - product1 page successfully opened...
2020-01-09 10:56:52 INFO  [main] (PurchaseProductPage.java:117) - product successfully added to cart...
2020-01-09 10:56:57 INFO  [main] (PurchaseTest.java:126) - storepage again opened successfully...
2020-01-09 10:56:57 INFO  [main] (PurchaseTest.java:127) - storepage again captured successfully....
2020-01-09 10:56:58 INFO  [main] (PurchaseTest.java:79) - storepage opened successfully...
2020-01-09 10:56:58 INFO  [main] (PurchaseTest.java:80) - storepage captured successfully....
2020-01-09 10:57:03 INFO  [main] (PurchaseTest.java:84) - category link successfully clicked...
2020-01-09 10:57:03 INFO  [main] (PurchaseTest.java:90) - prodcategory page successfully opened...
2020-01-09 10:57:03 INFO  [main] (PurchaseTest.java:91) - prodcategory page captured successfully...
2020-01-09 10:57:13 INFO  [main] (productPage.java:45) - product link successfully clicked...
2020-01-09 10:57:13 INFO  [main] (productPage.java:46) - product1 page successfully opened...
2020-01-09 10:57:13 INFO  [main] (PurchaseTest.java:101) - prodinprodcategory page successfully opened...
2020-01-09 10:57:13 INFO  [main] (PurchaseTest.java:102) - prodinprodcategory page captured successfully...
2020-01-09 10:57:33 ERROR [main] (productPage.java:50) - Exception occurred is:org.openqa.selenium.TimeoutException: Expected condition failed: waiting for element to be clickable: By.xpath: (//div[@class='content']//a[@href='http://localhost/Avactis/product-info.php?Avactis_Shopping_Cart_Web_Manual_-_Downloadable_products-pid33.html'])[2] (tried for 20 second(s) with 500 MILLISECONDS interval)
2020-01-09 10:57:53 ERROR [main] (PurchaseProductPage.java:80) - Exception occured:org.openqa.selenium.TimeoutException: Expected condition failed: waiting for element to be clickable: By.xpath: //option[@value='93'] (tried for 10 second(s) with 500 MILLISECONDS interval)
2020-01-09 10:58:14 ERROR [main] (PurchaseProductPage.java:90) - Exception occured:org.openqa.selenium.TimeoutException: Expected condition failed: waiting for element to be clickable: By.xpath: //option[@value='386'] (tried for 10 second(s) with 500 MILLISECONDS interval)
2020-01-09 10:58:34 ERROR [main] (PurchaseProductPage.java:99) - Exception occured:org.openqa.selenium.TimeoutException: Expected condition failed: waiting for element to be clickable: By.xpath: //option[@value='390'] (tried for 10 second(s) with 500 MILLISECONDS interval)
2020-01-09 10:58:34 INFO  [main] (PurchaseProductPage.java:117) - product successfully added to cart...
2020-01-09 10:58:39 INFO  [main] (PurchaseTest.java:126) - storepage again opened successfully...
2020-01-09 10:58:39 INFO  [main] (PurchaseTest.java:127) - storepage again captured successfully....
2020-01-09 11:07:41 INFO  [main] (PurchaseTest.java:57) - system properties are set...
2020-01-09 11:08:06 INFO  [main] (PurchaseTest.java:59) - InternetExplorer is launched...
2020-01-09 11:08:06 INFO  [main] (PurchaseTest.java:64) - window is maximiesed...
2020-01-09 11:08:31 INFO  [main] (PurchaseTest.java:79) - storepage opened successfully...
2020-01-09 11:08:31 INFO  [main] (PurchaseTest.java:80) - storepage captured successfully....
2020-01-09 11:08:38 INFO  [main] (PurchaseTest.java:84) - category link successfully clicked...
2020-01-09 11:08:39 INFO  [main] (PurchaseTest.java:90) - prodcategory page successfully opened...
2020-01-09 11:08:39 INFO  [main] (PurchaseTest.java:91) - prodcategory page captured successfully...
2020-01-09 11:08:46 INFO  [main] (productPage.java:45) - product link successfully clicked...
2020-01-09 11:08:46 INFO  [main] (productPage.java:46) - product1 page successfully opened...
2020-01-09 11:08:46 INFO  [main] (PurchaseTest.java:101) - prodinprodcategory page successfully opened...
2020-01-09 11:08:46 INFO  [main] (PurchaseTest.java:102) - prodinprodcategory page captured successfully...
2020-01-09 11:09:07 ERROR [main] (productPage.java:50) - Exception occurred is:org.openqa.selenium.TimeoutException: Expected condition failed: waiting for element to be clickable: By.xpath: (//div[@class='content']//a[@href='http://localhost/Avactis/product-info.php?Pure_cotton_T-Shirt-pid47.html'])[2] (tried for 20 second(s) with 500 MILLISECONDS interval)
2020-01-09 11:09:28 ERROR [main] (PurchaseProductPage.java:90) - Exception occured:org.openqa.selenium.TimeoutException: Expected condition failed: waiting for element to be clickable: By.xpath: //option[@value='386'] (tried for 10 second(s) with 500 MILLISECONDS interval)
2020-01-09 11:09:49 ERROR [main] (PurchaseProductPage.java:99) - Exception occured:org.openqa.selenium.TimeoutException: Expected condition failed: waiting for element to be clickable: By.xpath: //option[@value='390'] (tried for 10 second(s) with 500 MILLISECONDS interval)
2020-01-09 11:09:51 INFO  [main] (PurchaseProductPage.java:117) - product successfully added to cart...
2020-01-09 11:09:55 INFO  [main] (PurchaseTest.java:126) - storepage again opened successfully...
2020-01-09 11:09:55 INFO  [main] (PurchaseTest.java:127) - storepage again captured successfully....
2020-01-09 11:09:56 INFO  [main] (PurchaseTest.java:79) - storepage opened successfully...
2020-01-09 11:09:56 INFO  [main] (PurchaseTest.java:80) - storepage captured successfully....
2020-01-09 11:10:00 INFO  [main] (PurchaseTest.java:84) - category link successfully clicked...
2020-01-09 11:10:01 INFO  [main] (PurchaseTest.java:90) - prodcategory page successfully opened...
2020-01-09 11:10:01 INFO  [main] (PurchaseTest.java:91) - prodcategory page captured successfully...
2020-01-09 11:10:07 INFO  [main] (productPage.java:45) - product link successfully clicked...
2020-01-09 11:10:07 INFO  [main] (productPage.java:46) - product1 page successfully opened...
2020-01-09 11:10:08 INFO  [main] (PurchaseTest.java:101) - prodinprodcategory page successfully opened...
2020-01-09 11:10:08 INFO  [main] (PurchaseTest.java:102) - prodinprodcategory page captured successfully...
2020-01-09 11:10:14 INFO  [main] (productPage.java:45) - product link successfully clicked...
2020-01-09 11:10:14 INFO  [main] (productPage.java:46) - product1 page successfully opened...
2020-01-09 11:10:18 INFO  [main] (PurchaseProductPage.java:117) - product successfully added to cart...
2020-01-09 11:10:22 INFO  [main] (PurchaseTest.java:126) - storepage again opened successfully...
2020-01-09 11:10:22 INFO  [main] (PurchaseTest.java:127) - storepage again captured successfully....
2020-01-09 11:10:23 INFO  [main] (PurchaseTest.java:79) - storepage opened successfully...
2020-01-09 11:10:23 INFO  [main] (PurchaseTest.java:80) - storepage captured successfully....
2020-01-09 11:10:27 INFO  [main] (PurchaseTest.java:84) - category link successfully clicked...
2020-01-09 11:10:27 INFO  [main] (PurchaseTest.java:90) - prodcategory page successfully opened...
2020-01-09 11:10:27 INFO  [main] (PurchaseTest.java:91) - prodcategory page captured successfully...
2020-01-09 11:10:34 INFO  [main] (productPage.java:45) - product link successfully clicked...
2020-01-09 11:10:34 INFO  [main] (productPage.java:46) - product1 page successfully opened...
2020-01-09 11:10:34 INFO  [main] (PurchaseTest.java:101) - prodinprodcategory page successfully opened...
2020-01-09 11:10:34 INFO  [main] (PurchaseTest.java:102) - prodinprodcategory page captured successfully...
2020-01-09 11:10:54 ERROR [main] (productPage.java:50) - Exception occurred is:org.openqa.selenium.TimeoutException: Expected condition failed: waiting for element to be clickable: By.xpath: (//div[@class='content']//a[@href='http://localhost/Avactis/product-info.php?Avactis_Shopping_Cart_Web_Manual_-_Downloadable_products-pid33.html'])[2] (tried for 20 second(s) with 500 MILLISECONDS interval)
2020-01-09 11:11:15 ERROR [main] (PurchaseProductPage.java:80) - Exception occured:org.openqa.selenium.TimeoutException: Expected condition failed: waiting for element to be clickable: By.xpath: //option[@value='93'] (tried for 10 second(s) with 500 MILLISECONDS interval)
2020-01-09 11:11:35 ERROR [main] (PurchaseProductPage.java:90) - Exception occured:org.openqa.selenium.TimeoutException: Expected condition failed: waiting for element to be clickable: By.xpath: //option[@value='386'] (tried for 10 second(s) with 500 MILLISECONDS interval)
2020-01-09 11:11:55 ERROR [main] (PurchaseProductPage.java:99) - Exception occured:org.openqa.selenium.TimeoutException: Expected condition failed: waiting for element to be clickable: By.xpath: //option[@value='390'] (tried for 10 second(s) with 500 MILLISECONDS interval)
2020-01-09 11:11:56 INFO  [main] (PurchaseProductPage.java:117) - product successfully added to cart...
2020-01-09 11:12:01 INFO  [main] (PurchaseTest.java:126) - storepage again opened successfully...
2020-01-09 11:12:01 INFO  [main] (PurchaseTest.java:127) - storepage again captured successfully....
2020-01-11 18:03:50 INFO  [main] (PurchaseTest.java:43) - system properties are set...
2020-01-11 18:07:28 INFO  [main] (PurchaseTest.java:43) - system properties are set...
2020-01-11 18:07:48 INFO  [main] (PurchaseTest.java:45) - firefox browser is launched...
2020-01-11 18:07:48 INFO  [main] (PurchaseTest.java:64) - window is maximiesed...
2020-01-11 18:09:08 INFO  [main] (PurchaseTest.java:79) - storepage opened successfully...
2020-01-11 18:09:08 INFO  [main] (PurchaseTest.java:80) - storepage captured successfully....
2020-01-11 18:09:14 INFO  [main] (PurchaseTest.java:79) - storepage opened successfully...
2020-01-11 18:09:14 INFO  [main] (PurchaseTest.java:80) - storepage captured successfully....
2020-01-11 18:09:19 INFO  [main] (PurchaseTest.java:84) - category link successfully clicked...
2020-01-11 18:09:19 INFO  [main] (PurchaseTest.java:90) - prodcategory page successfully opened...
2020-01-11 18:09:19 INFO  [main] (PurchaseTest.java:91) - prodcategory page captured successfully...
2020-01-11 18:09:25 INFO  [main] (productPage.java:45) - product link successfully clicked...
2020-01-11 18:09:25 INFO  [main] (productPage.java:46) - product1 page successfully opened...
2020-01-11 18:09:25 INFO  [main] (PurchaseTest.java:101) - prodinprodcategory page successfully opened...
2020-01-11 18:09:25 INFO  [main] (PurchaseTest.java:102) - prodinprodcategory page captured successfully...
2020-01-11 18:09:31 INFO  [main] (productPage.java:45) - product link successfully clicked...
2020-01-11 18:09:31 INFO  [main] (productPage.java:46) - product1 page successfully opened...
2020-01-11 18:09:35 INFO  [main] (PurchaseTest.java:79) - storepage opened successfully...
2020-01-11 18:09:35 INFO  [main] (PurchaseTest.java:80) - storepage captured successfully....
2020-01-11 18:09:39 INFO  [main] (PurchaseTest.java:84) - category link successfully clicked...
2020-01-11 18:09:40 INFO  [main] (PurchaseTest.java:90) - prodcategory page successfully opened...
2020-01-11 18:09:40 INFO  [main] (PurchaseTest.java:91) - prodcategory page captured successfully...
2020-01-11 18:09:45 INFO  [main] (productPage.java:45) - product link successfully clicked...
2020-01-11 18:09:45 INFO  [main] (productPage.java:46) - product1 page successfully opened...
2020-01-11 18:29:35 INFO  [main] (PurchaseTest.java:43) - system properties are set...
2020-01-11 18:30:08 INFO  [main] (PurchaseTest.java:45) - firefox browser is launched...
2020-01-11 18:30:13 INFO  [main] (PurchaseTest.java:64) - window is maximiesed...
2020-01-11 18:30:35 INFO  [main] (PurchaseTest.java:79) - storepage opened successfully...
2020-01-11 18:30:35 INFO  [main] (PurchaseTest.java:80) - storepage captured successfully....
2020-01-11 18:30:39 INFO  [main] (PurchaseTest.java:84) - category link successfully clicked...
2020-01-11 18:30:40 INFO  [main] (PurchaseTest.java:90) - prodcategory page successfully opened...
2020-01-11 18:30:40 INFO  [main] (PurchaseTest.java:91) - prodcategory page captured successfully...
2020-01-11 18:30:46 INFO  [main] (productPage.java:45) - product link successfully clicked...
2020-01-11 18:30:46 INFO  [main] (productPage.java:46) - product1 page successfully opened...
2020-01-11 18:30:50 INFO  [main] (PurchaseTest.java:79) - storepage opened successfully...
2020-01-11 18:30:50 INFO  [main] (PurchaseTest.java:80) - storepage captured successfully....
2020-01-11 18:30:54 INFO  [main] (PurchaseTest.java:84) - category link successfully clicked...
2020-01-11 18:30:54 INFO  [main] (PurchaseTest.java:90) - prodcategory page successfully opened...
2020-01-11 18:30:54 INFO  [main] (PurchaseTest.java:91) - prodcategory page captured successfully...
2020-01-11 18:30:59 INFO  [main] (productPage.java:45) - product link successfully clicked...
2020-01-11 18:30:59 INFO  [main] (productPage.java:46) - product1 page successfully opened...
2020-01-11 18:31:00 INFO  [main] (PurchaseTest.java:101) - prodinprodcategory page successfully opened...
2020-01-11 18:31:00 INFO  [main] (PurchaseTest.java:102) - prodinprodcategory page captured successfully...
2020-01-11 18:31:05 INFO  [main] (productPage.java:45) - product link successfully clicked...
2020-01-11 18:31:05 INFO  [main] (productPage.java:46) - product1 page successfully opened...
2020-01-11 18:31:09 INFO  [main] (PurchaseTest.java:79) - storepage opened successfully...
2020-01-11 18:31:09 INFO  [main] (PurchaseTest.java:80) - storepage captured successfully....
2020-01-11 18:31:13 INFO  [main] (PurchaseTest.java:84) - category link successfully clicked...
2020-01-11 18:31:13 INFO  [main] (PurchaseTest.java:90) - prodcategory page successfully opened...
2020-01-11 18:31:13 INFO  [main] (PurchaseTest.java:91) - prodcategory page captured successfully...
2020-01-11 18:31:18 INFO  [main] (productPage.java:45) - product link successfully clicked...
2020-01-11 18:31:18 INFO  [main] (productPage.java:46) - product1 page successfully opened...
2020-01-11 20:05:29 INFO  [main] (PurchaseTest.java:50) - system properties are set...
2020-01-11 20:05:47 INFO  [main] (PurchaseTest.java:52) - chrome browser is launched...
2020-01-11 20:05:51 INFO  [main] (PurchaseTest.java:64) - window is maximiesed...
2020-01-11 20:06:36 INFO  [main] (PurchaseTest.java:79) - storepage opened successfully...
2020-01-11 20:06:36 INFO  [main] (PurchaseTest.java:80) - storepage captured successfully....
2020-01-11 20:06:56 INFO  [main] (PurchaseTest.java:79) - storepage opened successfully...
2020-01-11 20:06:56 INFO  [main] (PurchaseTest.java:80) - storepage captured successfully....
2020-01-11 20:07:00 INFO  [main] (PurchaseTest.java:84) - category link successfully clicked...
2020-01-11 20:07:01 INFO  [main] (PurchaseTest.java:90) - prodcategory page successfully opened...
2020-01-11 20:07:01 INFO  [main] (PurchaseTest.java:91) - prodcategory page captured successfully...
2020-01-11 20:07:10 INFO  [main] (productPage.java:45) - product link successfully clicked...
2020-01-11 20:07:10 INFO  [main] (productPage.java:46) - product1 page successfully opened...
2020-01-11 20:07:11 INFO  [main] (PurchaseTest.java:101) - prodinprodcategory page successfully opened...
2020-01-11 20:07:11 INFO  [main] (PurchaseTest.java:102) - prodinprodcategory page captured successfully...
2020-01-11 20:07:21 INFO  [main] (productPage.java:45) - product link successfully clicked...
2020-01-11 20:07:21 INFO  [main] (productPage.java:46) - product1 page successfully opened...
2020-01-11 20:07:22 INFO  [main] (PurchaseProductPage.java:117) - product successfully added to cart...
2020-01-11 20:07:27 INFO  [main] (PurchaseTest.java:126) - storepage again opened successfully...
2020-01-11 20:07:27 INFO  [main] (PurchaseTest.java:127) - storepage again captured successfully....
2020-01-11 20:07:28 INFO  [main] (PurchaseTest.java:79) - storepage opened successfully...
2020-01-11 20:07:28 INFO  [main] (PurchaseTest.java:80) - storepage captured successfully....
2020-01-11 20:07:31 INFO  [main] (PurchaseTest.java:84) - category link successfully clicked...
2020-01-11 20:07:32 INFO  [main] (PurchaseTest.java:90) - prodcategory page successfully opened...
2020-01-11 20:07:32 INFO  [main] (PurchaseTest.java:91) - prodcategory page captured successfully...
2020-01-11 20:07:41 INFO  [main] (productPage.java:45) - product link successfully clicked...
2020-01-11 20:07:41 INFO  [main] (productPage.java:46) - product1 page successfully opened...
2020-01-11 20:07:41 INFO  [main] (PurchaseTest.java:101) - prodinprodcategory page successfully opened...
2020-01-11 20:07:41 INFO  [main] (PurchaseTest.java:102) - prodinprodcategory page captured successfully...
2020-01-11 20:08:02 ERROR [main] (productPage.java:50) - Exception occurred is:org.openqa.selenium.TimeoutException: Expected condition failed: waiting for element to be clickable: By.xpath: (//div[@class='content']//a[@href='http://localhost/Avactis/product-info.php?Avactis_Shopping_Cart_Web_Manual_-_Downloadable_products-pid33.html'])[2] (tried for 20 second(s) with 500 MILLISECONDS interval)
2020-01-11 20:08:22 ERROR [main] (PurchaseProductPage.java:80) - Exception occured:org.openqa.selenium.TimeoutException: Expected condition failed: waiting for element to be clickable: By.xpath: //option[@value='93'] (tried for 10 second(s) with 500 MILLISECONDS interval)
2020-01-11 20:08:42 ERROR [main] (PurchaseProductPage.java:90) - Exception occured:org.openqa.selenium.TimeoutException: Expected condition failed: waiting for element to be clickable: By.xpath: //option[@value='386'] (tried for 10 second(s) with 500 MILLISECONDS interval)
2020-01-11 20:09:02 ERROR [main] (PurchaseProductPage.java:99) - Exception occured:org.openqa.selenium.TimeoutException: Expected condition failed: waiting for element to be clickable: By.xpath: //option[@value='390'] (tried for 10 second(s) with 500 MILLISECONDS interval)
2020-01-11 20:09:02 INFO  [main] (PurchaseProductPage.java:117) - product successfully added to cart...
2020-01-11 20:09:07 INFO  [main] (PurchaseTest.java:126) - storepage again opened successfully...
2020-01-11 20:09:07 INFO  [main] (PurchaseTest.java:127) - storepage again captured successfully....
2020-01-11 20:17:54 INFO  [main] (PurchaseTest.java:50) - system properties are set...
2020-01-11 20:18:02 INFO  [main] (PurchaseTest.java:52) - chrome browser is launched...
2020-01-11 20:18:06 INFO  [main] (PurchaseTest.java:64) - window is maximiesed...
2020-01-11 20:18:26 INFO  [main] (PurchaseTest.java:79) - storepage opened successfully...
2020-01-11 20:18:26 INFO  [main] (PurchaseTest.java:80) - storepage captured successfully....
2020-01-11 20:18:31 INFO  [main] (PurchaseTest.java:84) - category link successfully clicked...
2020-01-11 20:18:32 INFO  [main] (PurchaseTest.java:90) - prodcategory page successfully opened...
2020-01-11 20:18:32 INFO  [main] (PurchaseTest.java:91) - prodcategory page captured successfully...
2020-01-11 20:18:42 INFO  [main] (productPage.java:45) - product link successfully clicked...
2020-01-11 20:18:42 INFO  [main] (productPage.java:46) - product1 page successfully opened...
2020-01-11 20:18:42 INFO  [main] (PurchaseTest.java:101) - prodinprodcategory page successfully opened...
2020-01-11 20:18:42 INFO  [main] (PurchaseTest.java:102) - prodinprodcategory page captured successfully...
2020-01-11 20:19:02 ERROR [main] (productPage.java:50) - Exception occurred is:org.openqa.selenium.TimeoutException: Expected condition failed: waiting for element to be clickable: By.xpath: (//div[@class='content']//a[@href='http://localhost/Avactis/product-info.php?Pure_cotton_T-Shirt-pid47.html'])[2] (tried for 20 second(s) with 500 MILLISECONDS interval)
2020-01-11 20:19:23 ERROR [main] (PurchaseProductPage.java:90) - Exception occured:org.openqa.selenium.TimeoutException: Expected condition failed: waiting for element to be clickable: By.xpath: //option[@value='386'] (tried for 10 second(s) with 500 MILLISECONDS interval)
2020-01-11 20:19:43 ERROR [main] (PurchaseProductPage.java:99) - Exception occured:org.openqa.selenium.TimeoutException: Expected condition failed: waiting for element to be clickable: By.xpath: //option[@value='390'] (tried for 10 second(s) with 500 MILLISECONDS interval)
2020-01-11 20:19:43 INFO  [main] (PurchaseProductPage.java:117) - product successfully added to cart...
2020-01-11 20:19:49 INFO  [main] (PurchaseTest.java:126) - storepage again opened successfully...
2020-01-11 20:19:49 INFO  [main] (PurchaseTest.java:127) - storepage again captured successfully....
2020-01-11 20:19:50 INFO  [main] (PurchaseTest.java:79) - storepage opened successfully...
2020-01-11 20:19:50 INFO  [main] (PurchaseTest.java:80) - storepage captured successfully....
2020-01-11 20:19:53 INFO  [main] (PurchaseTest.java:84) - category link successfully clicked...
2020-01-11 20:19:53 INFO  [main] (PurchaseTest.java:90) - prodcategory page successfully opened...
2020-01-11 20:19:53 INFO  [main] (PurchaseTest.java:91) - prodcategory page captured successfully...
2020-01-11 20:20:02 INFO  [main] (productPage.java:45) - product link successfully clicked...
2020-01-11 20:20:02 INFO  [main] (productPage.java:46) - product1 page successfully opened...
2020-01-11 20:20:03 INFO  [main] (PurchaseTest.java:101) - prodinprodcategory page successfully opened...
2020-01-11 20:20:03 INFO  [main] (PurchaseTest.java:102) - prodinprodcategory page captured successfully...
2020-01-11 20:20:12 INFO  [main] (productPage.java:45) - product link successfully clicked...
2020-01-11 20:20:12 INFO  [main] (productPage.java:46) - product1 page successfully opened...
2020-01-11 20:20:13 INFO  [main] (PurchaseProductPage.java:117) - product successfully added to cart...
2020-01-11 20:20:18 INFO  [main] (PurchaseTest.java:126) - storepage again opened successfully...
2020-01-11 20:20:18 INFO  [main] (PurchaseTest.java:127) - storepage again captured successfully....
2020-01-11 20:20:18 INFO  [main] (PurchaseTest.java:79) - storepage opened successfully...
2020-01-11 20:20:18 INFO  [main] (PurchaseTest.java:80) - storepage captured successfully....
2020-01-11 20:20:22 INFO  [main] (PurchaseTest.java:84) - category link successfully clicked...
2020-01-11 20:20:22 INFO  [main] (PurchaseTest.java:90) - prodcategory page successfully opened...
2020-01-11 20:20:22 INFO  [main] (PurchaseTest.java:91) - prodcategory page captured successfully...
2020-01-11 20:20:32 INFO  [main] (productPage.java:45) - product link successfully clicked...
2020-01-11 20:20:32 INFO  [main] (productPage.java:46) - product1 page successfully opened...
2020-01-11 20:20:32 INFO  [main] (PurchaseTest.java:101) - prodinprodcategory page successfully opened...
2020-01-11 20:20:32 INFO  [main] (PurchaseTest.java:102) - prodinprodcategory page captured successfully...
2020-01-11 20:20:52 ERROR [main] (productPage.java:50) - Exception occurred is:org.openqa.selenium.TimeoutException: Expected condition failed: waiting for element to be clickable: By.xpath: (//div[@class='content']//a[@href='http://localhost/Avactis/product-info.php?Avactis_Shopping_Cart_Web_Manual_-_Downloadable_products-pid33.html'])[2] (tried for 20 second(s) with 500 MILLISECONDS interval)
2020-01-11 20:21:13 ERROR [main] (PurchaseProductPage.java:80) - Exception occured:org.openqa.selenium.TimeoutException: Expected condition failed: waiting for element to be clickable: By.xpath: //option[@value='93'] (tried for 10 second(s) with 500 MILLISECONDS interval)
2020-01-11 20:21:33 ERROR [main] (PurchaseProductPage.java:90) - Exception occured:org.openqa.selenium.TimeoutException: Expected condition failed: waiting for element to be clickable: By.xpath: //option[@value='386'] (tried for 10 second(s) with 500 MILLISECONDS interval)
2020-01-11 20:21:53 ERROR [main] (PurchaseProductPage.java:99) - Exception occured:org.openqa.selenium.TimeoutException: Expected condition failed: waiting for element to be clickable: By.xpath: //option[@value='390'] (tried for 10 second(s) with 500 MILLISECONDS interval)
2020-01-11 20:21:53 INFO  [main] (PurchaseProductPage.java:117) - product successfully added to cart...
2020-01-11 20:21:58 INFO  [main] (PurchaseTest.java:126) - storepage again opened successfully...
2020-01-11 20:21:58 INFO  [main] (PurchaseTest.java:127) - storepage again captured successfully....
2020-01-12 00:44:53 INFO  [main] (PurchaseTest.java:50) - system properties are set...
2020-01-12 00:45:07 INFO  [main] (PurchaseTest.java:52) - chrome browser is launched...
2020-01-12 00:45:11 INFO  [main] (PurchaseTest.java:64) - window is maximiesed...
2020-01-12 00:46:01 INFO  [main] (PurchaseTest.java:79) - storepage opened successfully...
2020-01-12 00:46:01 INFO  [main] (PurchaseTest.java:80) - storepage captured successfully....
2020-01-12 00:46:06 INFO  [main] (PurchaseTest.java:84) - category link successfully clicked...
2020-01-12 00:46:06 INFO  [main] (PurchaseTest.java:90) - prodcategory page successfully opened...
2020-01-12 00:46:06 INFO  [main] (PurchaseTest.java:91) - prodcategory page captured successfully...
2020-01-12 00:46:17 INFO  [main] (productPage.java:45) - product link successfully clicked...
2020-01-12 00:46:17 INFO  [main] (productPage.java:46) - product1 page successfully opened...
2020-01-12 00:46:18 INFO  [main] (PurchaseTest.java:101) - prodinprodcategory page successfully opened...
2020-01-12 00:46:18 INFO  [main] (PurchaseTest.java:102) - prodinprodcategory page captured successfully...
2020-01-12 00:46:38 ERROR [main] (productPage.java:50) - Exception occurred is:org.openqa.selenium.TimeoutException: Expected condition failed: waiting for element to be clickable: By.xpath: (//div[@class='content']//a[@href='http://localhost/Avactis/product-info.php?Pure_cotton_T-Shirt-pid47.html'])[2] (tried for 20 second(s) with 500 MILLISECONDS interval)
2020-01-12 00:46:59 ERROR [main] (PurchaseProductPage.java:90) - Exception occured:org.openqa.selenium.TimeoutException: Expected condition failed: waiting for element to be clickable: By.xpath: //option[@value='386'] (tried for 10 second(s) with 500 MILLISECONDS interval)
2020-01-12 00:47:19 ERROR [main] (PurchaseProductPage.java:99) - Exception occured:org.openqa.selenium.TimeoutException: Expected condition failed: waiting for element to be clickable: By.xpath: //option[@value='390'] (tried for 10 second(s) with 500 MILLISECONDS interval)
2020-01-12 00:47:19 INFO  [main] (PurchaseProductPage.java:117) - product successfully added to cart...
2020-01-12 00:47:27 INFO  [main] (PurchaseTest.java:126) - storepage again opened successfully...
2020-01-12 00:47:27 INFO  [main] (PurchaseTest.java:127) - storepage again captured successfully....
2020-01-12 00:47:48 INFO  [main] (PurchaseTest.java:79) - storepage opened successfully...
2020-01-12 00:47:48 INFO  [main] (PurchaseTest.java:80) - storepage captured successfully....
2020-01-12 00:47:52 INFO  [main] (PurchaseTest.java:84) - category link successfully clicked...
2020-01-12 00:47:52 INFO  [main] (PurchaseTest.java:90) - prodcategory page successfully opened...
2020-01-12 00:47:52 INFO  [main] (PurchaseTest.java:91) - prodcategory page captured successfully...
2020-01-12 00:48:02 INFO  [main] (productPage.java:45) - product link successfully clicked...
2020-01-12 00:48:02 INFO  [main] (productPage.java:46) - product1 page successfully opened...
2020-01-12 00:48:02 INFO  [main] (PurchaseTest.java:101) - prodinprodcategory page successfully opened...
2020-01-12 00:48:02 INFO  [main] (PurchaseTest.java:102) - prodinprodcategory page captured successfully...
2020-01-12 00:48:12 INFO  [main] (productPage.java:45) - product link successfully clicked...
2020-01-12 00:48:12 INFO  [main] (productPage.java:46) - product1 page successfully opened...
2020-01-12 00:48:14 INFO  [main] (PurchaseProductPage.java:117) - product successfully added to cart...
2020-01-12 00:48:20 INFO  [main] (PurchaseTest.java:126) - storepage again opened successfully...
2020-01-12 00:48:20 INFO  [main] (PurchaseTest.java:127) - storepage again captured successfully....
2020-01-12 00:48:21 INFO  [main] (PurchaseTest.java:79) - storepage opened successfully...
2020-01-12 00:48:21 INFO  [main] (PurchaseTest.java:80) - storepage captured successfully....
2020-01-12 00:48:25 INFO  [main] (PurchaseTest.java:84) - category link successfully clicked...
2020-01-12 00:48:26 INFO  [main] (PurchaseTest.java:90) - prodcategory page successfully opened...
2020-01-12 00:48:26 INFO  [main] (PurchaseTest.java:91) - prodcategory page captured successfully...
2020-01-12 00:48:36 INFO  [main] (productPage.java:45) - product link successfully clicked...
2020-01-12 00:48:36 INFO  [main] (productPage.java:46) - product1 page successfully opened...
2020-01-12 00:48:36 INFO  [main] (PurchaseTest.java:101) - prodinprodcategory page successfully opened...
2020-01-12 00:48:36 INFO  [main] (PurchaseTest.java:102) - prodinprodcategory page captured successfully...
2020-01-12 00:48:56 ERROR [main] (productPage.java:50) - Exception occurred is:org.openqa.selenium.TimeoutException: Expected condition failed: waiting for element to be clickable: By.xpath: (//div[@class='content']//a[@href='http://localhost/Avactis/product-info.php?Avactis_Shopping_Cart_Web_Manual_-_Downloadable_products-pid33.html'])[2] (tried for 20 second(s) with 500 MILLISECONDS interval)
2020-01-12 00:49:17 ERROR [main] (PurchaseProductPage.java:80) - Exception occured:org.openqa.selenium.TimeoutException: Expected condition failed: waiting for element to be clickable: By.xpath: //option[@value='93'] (tried for 10 second(s) with 500 MILLISECONDS interval)
2020-01-12 00:49:37 ERROR [main] (PurchaseProductPage.java:90) - Exception occured:org.openqa.selenium.TimeoutException: Expected condition failed: waiting for element to be clickable: By.xpath: //option[@value='386'] (tried for 10 second(s) with 500 MILLISECONDS interval)
2020-01-12 00:49:57 ERROR [main] (PurchaseProductPage.java:99) - Exception occured:org.openqa.selenium.TimeoutException: Expected condition failed: waiting for element to be clickable: By.xpath: //option[@value='390'] (tried for 10 second(s) with 500 MILLISECONDS interval)
2020-01-12 00:49:57 INFO  [main] (PurchaseProductPage.java:117) - product successfully added to cart...
2020-01-12 00:50:03 INFO  [main] (PurchaseTest.java:126) - storepage again opened successfully...
2020-01-12 00:50:03 INFO  [main] (PurchaseTest.java:127) - storepage again captured successfully....
2020-01-12 00:57:36 INFO  [main] (PurchaseTest.java:50) - system properties are set...
2020-01-12 00:57:44 INFO  [main] (PurchaseTest.java:52) - chrome browser is launched...
2020-01-12 00:57:48 INFO  [main] (PurchaseTest.java:64) - window is maximiesed...
2020-01-12 00:57:56 INFO  [main] (PurchaseTest.java:79) - storepage opened successfully...
2020-01-12 00:57:56 INFO  [main] (PurchaseTest.java:80) - storepage captured successfully....
2020-01-12 00:58:01 INFO  [main] (PurchaseTest.java:84) - category link successfully clicked...
2020-01-12 00:58:01 INFO  [main] (PurchaseTest.java:90) - prodcategory page successfully opened...
2020-01-12 00:58:01 INFO  [main] (PurchaseTest.java:91) - prodcategory page captured successfully...
2020-01-12 00:58:13 INFO  [main] (productPage.java:45) - product link successfully clicked...
2020-01-12 00:58:13 INFO  [main] (productPage.java:46) - product1 page successfully opened...
2020-01-12 00:58:13 INFO  [main] (PurchaseTest.java:101) - prodinprodcategory page successfully opened...
2020-01-12 00:58:13 INFO  [main] (PurchaseTest.java:102) - prodinprodcategory page captured successfully...
2020-01-12 00:58:33 ERROR [main] (productPage.java:50) - Exception occurred is:org.openqa.selenium.TimeoutException: Expected condition failed: waiting for element to be clickable: By.xpath: (//div[@class='content']//a[@href='http://localhost/Avactis/product-info.php?Pure_cotton_T-Shirt-pid47.html'])[2] (tried for 20 second(s) with 500 MILLISECONDS interval)
2020-01-12 00:58:54 ERROR [main] (PurchaseProductPage.java:90) - Exception occured:org.openqa.selenium.TimeoutException: Expected condition failed: waiting for element to be clickable: By.xpath: //option[@value='386'] (tried for 10 second(s) with 500 MILLISECONDS interval)
2020-01-12 00:59:14 ERROR [main] (PurchaseProductPage.java:99) - Exception occured:org.openqa.selenium.TimeoutException: Expected condition failed: waiting for element to be clickable: By.xpath: //option[@value='390'] (tried for 10 second(s) with 500 MILLISECONDS interval)
2020-01-12 00:59:15 INFO  [main] (PurchaseProductPage.java:117) - product successfully added to cart...
2020-01-12 00:59:21 INFO  [main] (PurchaseTest.java:126) - storepage again opened successfully...
2020-01-12 00:59:21 INFO  [main] (PurchaseTest.java:127) - storepage again captured successfully....
2020-01-12 00:59:41 INFO  [main] (PurchaseTest.java:79) - storepage opened successfully...
2020-01-12 00:59:41 INFO  [main] (PurchaseTest.java:80) - storepage captured successfully....
2020-01-12 00:59:46 INFO  [main] (PurchaseTest.java:84) - category link successfully clicked...
2020-01-12 00:59:46 INFO  [main] (PurchaseTest.java:90) - prodcategory page successfully opened...
2020-01-12 00:59:46 INFO  [main] (PurchaseTest.java:91) - prodcategory page captured successfully...
2020-01-12 00:59:55 INFO  [main] (productPage.java:45) - product link successfully clicked...
2020-01-12 00:59:55 INFO  [main] (productPage.java:46) - product1 page successfully opened...
2020-01-12 00:59:55 INFO  [main] (PurchaseTest.java:101) - prodinprodcategory page successfully opened...
2020-01-12 00:59:55 INFO  [main] (PurchaseTest.java:102) - prodinprodcategory page captured successfully...
2020-01-12 01:00:05 INFO  [main] (productPage.java:45) - product link successfully clicked...
2020-01-12 01:00:05 INFO  [main] (productPage.java:46) - product1 page successfully opened...
2020-01-12 01:00:06 INFO  [main] (PurchaseProductPage.java:117) - product successfully added to cart...
2020-01-12 01:00:11 INFO  [main] (PurchaseTest.java:126) - storepage again opened successfully...
2020-01-12 01:00:11 INFO  [main] (PurchaseTest.java:127) - storepage again captured successfully....
2020-01-12 01:00:16 INFO  [main] (PurchaseTest.java:79) - storepage opened successfully...
2020-01-12 01:00:16 INFO  [main] (PurchaseTest.java:80) - storepage captured successfully....
2020-01-12 01:00:20 INFO  [main] (PurchaseTest.java:84) - category link successfully clicked...
2020-01-12 01:00:20 INFO  [main] (PurchaseTest.java:90) - prodcategory page successfully opened...
2020-01-12 01:00:20 INFO  [main] (PurchaseTest.java:91) - prodcategory page captured successfully...
2020-01-12 01:00:29 INFO  [main] (productPage.java:45) - product link successfully clicked...
2020-01-12 01:00:29 INFO  [main] (productPage.java:46) - product1 page successfully opened...
2020-01-12 01:00:30 INFO  [main] (PurchaseTest.java:101) - prodinprodcategory page successfully opened...
2020-01-12 01:00:30 INFO  [main] (PurchaseTest.java:102) - prodinprodcategory page captured successfully...
2020-01-12 01:00:50 ERROR [main] (productPage.java:50) - Exception occurred is:org.openqa.selenium.TimeoutException: Expected condition failed: waiting for element to be clickable: By.xpath: (//div[@class='content']//a[@href='http://localhost/Avactis/product-info.php?Avactis_Shopping_Cart_Web_Manual_-_Downloadable_products-pid33.html'])[2] (tried for 20 second(s) with 500 MILLISECONDS interval)
2020-01-12 01:01:10 ERROR [main] (PurchaseProductPage.java:80) - Exception occured:org.openqa.selenium.TimeoutException: Expected condition failed: waiting for element to be clickable: By.xpath: //option[@value='93'] (tried for 10 second(s) with 500 MILLISECONDS interval)
2020-01-12 01:01:30 ERROR [main] (PurchaseProductPage.java:90) - Exception occured:org.openqa.selenium.TimeoutException: Expected condition failed: waiting for element to be clickable: By.xpath: //option[@value='386'] (tried for 10 second(s) with 500 MILLISECONDS interval)
2020-01-12 01:01:50 ERROR [main] (PurchaseProductPage.java:99) - Exception occured:org.openqa.selenium.TimeoutException: Expected condition failed: waiting for element to be clickable: By.xpath: //option[@value='390'] (tried for 10 second(s) with 500 MILLISECONDS interval)
2020-01-12 01:01:51 INFO  [main] (PurchaseProductPage.java:117) - product successfully added to cart...
2020-01-12 01:01:57 INFO  [main] (PurchaseTest.java:126) - storepage again opened successfully...
2020-01-12 01:01:57 INFO  [main] (PurchaseTest.java:127) - storepage again captured successfully....
2020-01-12 11:41:55 INFO  [main] (PurchaseTest.java:50) - system properties are set...
2020-01-12 11:42:06 INFO  [main] (PurchaseTest.java:52) - chrome browser is launched...
2020-01-12 11:42:10 INFO  [main] (PurchaseTest.java:64) - window is maximiesed...
2020-01-12 11:42:46 INFO  [main] (PurchaseTest.java:79) - storepage opened successfully...
2020-01-12 11:42:46 INFO  [main] (PurchaseTest.java:80) - storepage captured successfully....
2020-01-12 11:43:01 INFO  [main] (PurchaseTest.java:84) - category link successfully clicked...
2020-01-12 11:43:02 INFO  [main] (PurchaseTest.java:90) - prodcategory page successfully opened...
2020-01-12 11:43:02 INFO  [main] (PurchaseTest.java:91) - prodcategory page captured successfully...
2020-01-12 11:43:12 INFO  [main] (productPage.java:45) - product link successfully clicked...
2020-01-12 11:43:12 INFO  [main] (productPage.java:46) - product1 page successfully opened...
2020-01-12 11:43:13 INFO  [main] (PurchaseTest.java:101) - prodinprodcategory page successfully opened...
2020-01-12 11:43:13 INFO  [main] (PurchaseTest.java:102) - prodinprodcategory page captured successfully...
2020-01-12 11:43:33 ERROR [main] (productPage.java:50) - Exception occurred is:org.openqa.selenium.TimeoutException: Expected condition failed: waiting for element to be clickable: By.xpath: (//div[@class='content']//a[@href='http://localhost/Avactis/product-info.php?Pure_cotton_T-Shirt-pid47.html'])[2] (tried for 20 second(s) with 500 MILLISECONDS interval)
2020-01-12 11:43:54 ERROR [main] (PurchaseProductPage.java:90) - Exception occured:org.openqa.selenium.TimeoutException: Expected condition failed: waiting for element to be clickable: By.xpath: //option[@value='386'] (tried for 10 second(s) with 500 MILLISECONDS interval)
2020-01-12 11:44:14 ERROR [main] (PurchaseProductPage.java:99) - Exception occured:org.openqa.selenium.TimeoutException: Expected condition failed: waiting for element to be clickable: By.xpath: //option[@value='390'] (tried for 10 second(s) with 500 MILLISECONDS interval)
2020-01-12 11:44:14 INFO  [main] (PurchaseProductPage.java:117) - product successfully added to cart...
2020-01-12 11:44:20 INFO  [main] (PurchaseTest.java:126) - storepage again opened successfully...
2020-01-12 11:44:20 INFO  [main] (PurchaseTest.java:127) - storepage again captured successfully....
2020-01-12 11:44:24 INFO  [main] (PurchaseTest.java:79) - storepage opened successfully...
2020-01-12 11:44:24 INFO  [main] (PurchaseTest.java:80) - storepage captured successfully....
2020-01-12 11:44:28 INFO  [main] (PurchaseTest.java:84) - category link successfully clicked...
2020-01-12 11:44:28 INFO  [main] (PurchaseTest.java:90) - prodcategory page successfully opened...
2020-01-12 11:44:28 INFO  [main] (PurchaseTest.java:91) - prodcategory page captured successfully...
2020-01-12 11:44:37 INFO  [main] (productPage.java:45) - product link successfully clicked...
2020-01-12 11:44:37 INFO  [main] (productPage.java:46) - product1 page successfully opened...
2020-01-12 11:44:37 INFO  [main] (PurchaseTest.java:101) - prodinprodcategory page successfully opened...
2020-01-12 11:44:37 INFO  [main] (PurchaseTest.java:102) - prodinprodcategory page captured successfully...
2020-01-12 11:44:47 INFO  [main] (productPage.java:45) - product link successfully clicked...
2020-01-12 11:44:47 INFO  [main] (productPage.java:46) - product1 page successfully opened...
2020-01-12 11:44:48 INFO  [main] (PurchaseProductPage.java:117) - product successfully added to cart...
2020-01-12 11:44:53 INFO  [main] (PurchaseTest.java:126) - storepage again opened successfully...
2020-01-12 11:44:53 INFO  [main] (PurchaseTest.java:127) - storepage again captured successfully....
2020-01-12 11:44:57 INFO  [main] (PurchaseTest.java:79) - storepage opened successfully...
2020-01-12 11:44:57 INFO  [main] (PurchaseTest.java:80) - storepage captured successfully....
2020-01-12 11:45:00 INFO  [main] (PurchaseTest.java:84) - category link successfully clicked...
2020-01-12 11:45:01 INFO  [main] (PurchaseTest.java:90) - prodcategory page successfully opened...
2020-01-12 11:45:01 INFO  [main] (PurchaseTest.java:91) - prodcategory page captured successfully...
2020-01-12 11:45:10 INFO  [main] (productPage.java:45) - product link successfully clicked...
2020-01-12 11:45:10 INFO  [main] (productPage.java:46) - product1 page successfully opened...
2020-01-12 11:45:11 INFO  [main] (PurchaseTest.java:101) - prodinprodcategory page successfully opened...
2020-01-12 11:45:11 INFO  [main] (PurchaseTest.java:102) - prodinprodcategory page captured successfully...
2020-01-12 11:45:31 ERROR [main] (productPage.java:50) - Exception occurred is:org.openqa.selenium.TimeoutException: Expected condition failed: waiting for element to be clickable: By.xpath: (//div[@class='content']//a[@href='http://localhost/Avactis/product-info.php?Avactis_Shopping_Cart_Web_Manual_-_Downloadable_products-pid33.html'])[2] (tried for 20 second(s) with 500 MILLISECONDS interval)
2020-01-12 11:45:51 ERROR [main] (PurchaseProductPage.java:80) - Exception occured:org.openqa.selenium.TimeoutException: Expected condition failed: waiting for element to be clickable: By.xpath: //option[@value='93'] (tried for 10 second(s) with 500 MILLISECONDS interval)
2020-01-12 11:46:11 ERROR [main] (PurchaseProductPage.java:90) - Exception occured:org.openqa.selenium.TimeoutException: Expected condition failed: waiting for element to be clickable: By.xpath: //option[@value='386'] (tried for 10 second(s) with 500 MILLISECONDS interval)
2020-01-12 11:46:31 ERROR [main] (PurchaseProductPage.java:99) - Exception occured:org.openqa.selenium.TimeoutException: Expected condition failed: waiting for element to be clickable: By.xpath: //option[@value='390'] (tried for 10 second(s) with 500 MILLISECONDS interval)
2020-01-12 11:46:32 INFO  [main] (PurchaseProductPage.java:117) - product successfully added to cart...
2020-01-12 11:46:36 INFO  [main] (PurchaseTest.java:126) - storepage again opened successfully...
2020-01-12 11:46:36 INFO  [main] (PurchaseTest.java:127) - storepage again captured successfully....
2020-01-12 12:59:58 INFO  [main] (PurchaseTest.java:50) - system properties are set...
2020-01-12 13:00:08 INFO  [main] (PurchaseTest.java:52) - chrome browser is launched...
2020-01-12 13:00:12 INFO  [main] (PurchaseTest.java:64) - window is maximiesed...
2020-01-12 13:00:45 INFO  [main] (PurchaseTest.java:79) - storepage opened successfully...
2020-01-12 13:00:45 INFO  [main] (PurchaseTest.java:80) - storepage captured successfully....
2020-01-12 13:00:49 INFO  [main] (PurchaseTest.java:84) - category link successfully clicked...
2020-01-12 13:00:49 INFO  [main] (PurchaseTest.java:90) - prodcategory page successfully opened...
2020-01-12 13:00:49 INFO  [main] (PurchaseTest.java:91) - prodcategory page captured successfully...
2020-01-12 13:01:00 INFO  [main] (productPage.java:45) - product link successfully clicked...
2020-01-12 13:01:00 INFO  [main] (productPage.java:46) - product1 page successfully opened...
2020-01-12 13:01:00 INFO  [main] (PurchaseTest.java:101) - prodinprodcategory page successfully opened...
2020-01-12 13:01:00 INFO  [main] (PurchaseTest.java:102) - prodinprodcategory page captured successfully...
2020-01-12 13:01:20 ERROR [main] (productPage.java:50) - Exception occurred is:org.openqa.selenium.TimeoutException: Expected condition failed: waiting for element to be clickable: By.xpath: (//div[@class='content']//a[@href='http://localhost/Avactis/product-info.php?Pure_cotton_T-Shirt-pid47.html'])[2] (tried for 20 second(s) with 500 MILLISECONDS interval)
2020-01-12 13:01:41 ERROR [main] (PurchaseProductPage.java:90) - Exception occured:org.openqa.selenium.TimeoutException: Expected condition failed: waiting for element to be clickable: By.xpath: //option[@value='386'] (tried for 10 second(s) with 500 MILLISECONDS interval)
2020-01-12 13:02:01 ERROR [main] (PurchaseProductPage.java:99) - Exception occured:org.openqa.selenium.TimeoutException: Expected condition failed: waiting for element to be clickable: By.xpath: //option[@value='390'] (tried for 10 second(s) with 500 MILLISECONDS interval)
2020-01-12 13:02:01 INFO  [main] (PurchaseProductPage.java:117) - product successfully added to cart...
2020-01-12 13:02:06 INFO  [main] (PurchaseTest.java:126) - storepage again opened successfully...
2020-01-12 13:02:06 INFO  [main] (PurchaseTest.java:127) - storepage again captured successfully....
2020-01-12 13:02:27 INFO  [main] (PurchaseTest.java:79) - storepage opened successfully...
2020-01-12 13:02:27 INFO  [main] (PurchaseTest.java:80) - storepage captured successfully....
2020-01-12 13:02:30 INFO  [main] (PurchaseTest.java:84) - category link successfully clicked...
2020-01-12 13:02:31 INFO  [main] (PurchaseTest.java:90) - prodcategory page successfully opened...
2020-01-12 13:02:31 INFO  [main] (PurchaseTest.java:91) - prodcategory page captured successfully...
2020-01-12 13:02:40 INFO  [main] (productPage.java:45) - product link successfully clicked...
2020-01-12 13:02:40 INFO  [main] (productPage.java:46) - product1 page successfully opened...
2020-01-12 13:02:40 INFO  [main] (PurchaseTest.java:101) - prodinprodcategory page successfully opened...
2020-01-12 13:02:40 INFO  [main] (PurchaseTest.java:102) - prodinprodcategory page captured successfully...
2020-01-12 13:02:49 INFO  [main] (productPage.java:45) - product link successfully clicked...
2020-01-12 13:02:49 INFO  [main] (productPage.java:46) - product1 page successfully opened...
2020-01-12 13:02:51 INFO  [main] (PurchaseProductPage.java:117) - product successfully added to cart...
2020-01-12 13:02:56 INFO  [main] (PurchaseTest.java:126) - storepage again opened successfully...
2020-01-12 13:02:56 INFO  [main] (PurchaseTest.java:127) - storepage again captured successfully....
2020-01-12 13:03:08 INFO  [main] (PurchaseTest.java:79) - storepage opened successfully...
2020-01-12 13:03:08 INFO  [main] (PurchaseTest.java:80) - storepage captured successfully....
2020-01-12 13:03:12 INFO  [main] (PurchaseTest.java:84) - category link successfully clicked...
2020-01-12 13:03:12 INFO  [main] (PurchaseTest.java:90) - prodcategory page successfully opened...
2020-01-12 13:03:12 INFO  [main] (PurchaseTest.java:91) - prodcategory page captured successfully...
2020-01-12 13:03:21 INFO  [main] (productPage.java:45) - product link successfully clicked...
2020-01-12 13:03:21 INFO  [main] (productPage.java:46) - product1 page successfully opened...
2020-01-12 13:03:22 INFO  [main] (PurchaseTest.java:101) - prodinprodcategory page successfully opened...
2020-01-12 13:03:22 INFO  [main] (PurchaseTest.java:102) - prodinprodcategory page captured successfully...
2020-01-12 13:03:42 ERROR [main] (productPage.java:50) - Exception occurred is:org.openqa.selenium.TimeoutException: Expected condition failed: waiting for element to be clickable: By.xpath: (//div[@class='content']//a[@href='http://localhost/Avactis/product-info.php?Avactis_Shopping_Cart_Web_Manual_-_Downloadable_products-pid33.html'])[2] (tried for 20 second(s) with 500 MILLISECONDS interval)
2020-01-12 13:04:02 ERROR [main] (PurchaseProductPage.java:80) - Exception occured:org.openqa.selenium.TimeoutException: Expected condition failed: waiting for element to be clickable: By.xpath: //option[@value='93'] (tried for 10 second(s) with 500 MILLISECONDS interval)
2020-01-12 13:04:22 ERROR [main] (PurchaseProductPage.java:90) - Exception occured:org.openqa.selenium.TimeoutException: Expected condition failed: waiting for element to be clickable: By.xpath: //option[@value='386'] (tried for 10 second(s) with 500 MILLISECONDS interval)
2020-01-12 13:04:42 ERROR [main] (PurchaseProductPage.java:99) - Exception occured:org.openqa.selenium.TimeoutException: Expected condition failed: waiting for element to be clickable: By.xpath: //option[@value='390'] (tried for 10 second(s) with 500 MILLISECONDS interval)
2020-01-12 13:04:43 INFO  [main] (PurchaseProductPage.java:117) - product successfully added to cart...
2020-01-12 13:04:48 INFO  [main] (PurchaseTest.java:126) - storepage again opened successfully...
2020-01-12 13:04:48 INFO  [main] (PurchaseTest.java:127) - storepage again captured successfully....
2020-01-12 13:06:49 INFO  [main] (PurchaseTest.java:50) - system properties are set...
2020-01-12 13:06:56 INFO  [main] (PurchaseTest.java:52) - chrome browser is launched...
2020-01-12 13:07:01 INFO  [main] (PurchaseTest.java:64) - window is maximiesed...
2020-01-12 13:07:06 INFO  [main] (PurchaseTest.java:79) - storepage opened successfully...
2020-01-12 13:07:06 INFO  [main] (PurchaseTest.java:80) - storepage captured successfully....
2020-01-12 13:07:10 INFO  [main] (PurchaseTest.java:84) - category link successfully clicked...
2020-01-12 13:07:10 INFO  [main] (PurchaseTest.java:90) - prodcategory page successfully opened...
2020-01-12 13:07:10 INFO  [main] (PurchaseTest.java:91) - prodcategory page captured successfully...
2020-01-12 13:07:20 INFO  [main] (productPage.java:45) - product link successfully clicked...
2020-01-12 13:07:20 INFO  [main] (productPage.java:46) - product1 page successfully opened...
2020-01-12 13:07:20 INFO  [main] (PurchaseTest.java:101) - prodinprodcategory page successfully opened...
2020-01-12 13:07:20 INFO  [main] (PurchaseTest.java:102) - prodinprodcategory page captured successfully...
2020-01-12 13:07:40 ERROR [main] (productPage.java:50) - Exception occurred is:org.openqa.selenium.TimeoutException: Expected condition failed: waiting for element to be clickable: By.xpath: (//div[@class='content']//a[@href='http://localhost/Avactis/product-info.php?Pure_cotton_T-Shirt-pid47.html'])[2] (tried for 20 second(s) with 500 MILLISECONDS interval)
2020-01-12 13:08:01 ERROR [main] (PurchaseProductPage.java:90) - Exception occured:org.openqa.selenium.TimeoutException: Expected condition failed: waiting for element to be clickable: By.xpath: //option[@value='386'] (tried for 10 second(s) with 500 MILLISECONDS interval)
2020-01-12 13:08:21 ERROR [main] (PurchaseProductPage.java:99) - Exception occured:org.openqa.selenium.TimeoutException: Expected condition failed: waiting for element to be clickable: By.xpath: //option[@value='390'] (tried for 10 second(s) with 500 MILLISECONDS interval)
2020-01-12 13:08:21 INFO  [main] (PurchaseProductPage.java:117) - product successfully added to cart...
2020-01-12 13:08:25 INFO  [main] (PurchaseTest.java:126) - storepage again opened successfully...
2020-01-12 13:08:25 INFO  [main] (PurchaseTest.java:127) - storepage again captured successfully....
2020-01-12 13:08:46 INFO  [main] (PurchaseTest.java:79) - storepage opened successfully...
2020-01-12 13:08:46 INFO  [main] (PurchaseTest.java:80) - storepage captured successfully....
2020-01-12 13:08:49 INFO  [main] (PurchaseTest.java:84) - category link successfully clicked...
2020-01-12 13:08:50 INFO  [main] (PurchaseTest.java:90) - prodcategory page successfully opened...
2020-01-12 13:08:50 INFO  [main] (PurchaseTest.java:91) - prodcategory page captured successfully...
2020-01-12 13:08:59 INFO  [main] (productPage.java:45) - product link successfully clicked...
2020-01-12 13:08:59 INFO  [main] (productPage.java:46) - product1 page successfully opened...
2020-01-12 13:08:59 INFO  [main] (PurchaseTest.java:101) - prodinprodcategory page successfully opened...
2020-01-12 13:08:59 INFO  [main] (PurchaseTest.java:102) - prodinprodcategory page captured successfully...
2020-01-12 13:09:08 INFO  [main] (productPage.java:45) - product link successfully clicked...
2020-01-12 13:09:08 INFO  [main] (productPage.java:46) - product1 page successfully opened...
2020-01-12 13:09:09 INFO  [main] (PurchaseProductPage.java:117) - product successfully added to cart...
2020-01-12 13:09:14 INFO  [main] (PurchaseTest.java:126) - storepage again opened successfully...
2020-01-12 13:09:14 INFO  [main] (PurchaseTest.java:127) - storepage again captured successfully....
2020-01-12 13:09:26 INFO  [main] (PurchaseTest.java:79) - storepage opened successfully...
2020-01-12 13:09:26 INFO  [main] (PurchaseTest.java:80) - storepage captured successfully....
2020-01-12 13:09:29 INFO  [main] (PurchaseTest.java:84) - category link successfully clicked...
2020-01-12 13:09:30 INFO  [main] (PurchaseTest.java:90) - prodcategory page successfully opened...
2020-01-12 13:09:30 INFO  [main] (PurchaseTest.java:91) - prodcategory page captured successfully...
2020-01-12 13:09:39 INFO  [main] (productPage.java:45) - product link successfully clicked...
2020-01-12 13:09:39 INFO  [main] (productPage.java:46) - product1 page successfully opened...
2020-01-12 13:09:39 INFO  [main] (PurchaseTest.java:101) - prodinprodcategory page successfully opened...
2020-01-12 13:09:39 INFO  [main] (PurchaseTest.java:102) - prodinprodcategory page captured successfully...
2020-01-12 13:09:59 ERROR [main] (productPage.java:50) - Exception occurred is:org.openqa.selenium.TimeoutException: Expected condition failed: waiting for element to be clickable: By.xpath: (//div[@class='content']//a[@href='http://localhost/Avactis/product-info.php?Avactis_Shopping_Cart_Web_Manual_-_Downloadable_products-pid33.html'])[2] (tried for 20 second(s) with 500 MILLISECONDS interval)
2020-01-12 13:10:20 ERROR [main] (PurchaseProductPage.java:80) - Exception occured:org.openqa.selenium.TimeoutException: Expected condition failed: waiting for element to be clickable: By.xpath: //option[@value='93'] (tried for 10 second(s) with 500 MILLISECONDS interval)
2020-01-12 13:10:40 ERROR [main] (PurchaseProductPage.java:90) - Exception occured:org.openqa.selenium.TimeoutException: Expected condition failed: waiting for element to be clickable: By.xpath: //option[@value='386'] (tried for 10 second(s) with 500 MILLISECONDS interval)
2020-01-12 13:11:00 ERROR [main] (PurchaseProductPage.java:99) - Exception occured:org.openqa.selenium.TimeoutException: Expected condition failed: waiting for element to be clickable: By.xpath: //option[@value='390'] (tried for 10 second(s) with 500 MILLISECONDS interval)
2020-01-12 13:11:00 INFO  [main] (PurchaseProductPage.java:117) - product successfully added to cart...
2020-01-12 13:11:05 INFO  [main] (PurchaseTest.java:126) - storepage again opened successfully...
2020-01-12 13:11:05 INFO  [main] (PurchaseTest.java:127) - storepage again captured successfully....
2020-01-12 13:16:23 INFO  [main] (PurchaseTest.java:50) - system properties are set...
2020-01-12 13:16:30 INFO  [main] (PurchaseTest.java:52) - chrome browser is launched...
2020-01-12 13:16:34 INFO  [main] (PurchaseTest.java:64) - window is maximiesed...
2020-01-12 13:16:42 INFO  [main] (PurchaseTest.java:79) - storepage opened successfully...
2020-01-12 13:16:42 INFO  [main] (PurchaseTest.java:80) - storepage captured successfully....
2020-01-12 13:16:47 INFO  [main] (PurchaseTest.java:84) - category link successfully clicked...
2020-01-12 13:16:47 INFO  [main] (PurchaseTest.java:90) - prodcategory page successfully opened...
2020-01-12 13:16:47 INFO  [main] (PurchaseTest.java:91) - prodcategory page captured successfully...
2020-01-12 13:16:57 INFO  [main] (productPage.java:45) - product link successfully clicked...
2020-01-12 13:16:57 INFO  [main] (productPage.java:46) - product1 page successfully opened...
2020-01-12 13:16:57 INFO  [main] (PurchaseTest.java:101) - prodinprodcategory page successfully opened...
2020-01-12 13:16:57 INFO  [main] (PurchaseTest.java:102) - prodinprodcategory page captured successfully...
2020-01-12 13:17:17 ERROR [main] (productPage.java:50) - Exception occurred is:org.openqa.selenium.TimeoutException: Expected condition failed: waiting for element to be clickable: By.xpath: (//div[@class='content']//a[@href='http://localhost/Avactis/product-info.php?Pure_cotton_T-Shirt-pid47.html'])[2] (tried for 20 second(s) with 500 MILLISECONDS interval)
2020-01-12 13:17:38 ERROR [main] (PurchaseProductPage.java:90) - Exception occured:org.openqa.selenium.TimeoutException: Expected condition failed: waiting for element to be clickable: By.xpath: //option[@value='386'] (tried for 10 second(s) with 500 MILLISECONDS interval)
2020-01-12 13:17:58 ERROR [main] (PurchaseProductPage.java:99) - Exception occured:org.openqa.selenium.TimeoutException: Expected condition failed: waiting for element to be clickable: By.xpath: //option[@value='390'] (tried for 10 second(s) with 500 MILLISECONDS interval)
2020-01-12 13:17:58 INFO  [main] (PurchaseProductPage.java:117) - product successfully added to cart...
2020-01-12 13:18:03 INFO  [main] (PurchaseTest.java:126) - storepage again opened successfully...
2020-01-12 13:18:03 INFO  [main] (PurchaseTest.java:127) - storepage again captured successfully....
2020-01-12 13:18:23 INFO  [main] (PurchaseTest.java:79) - storepage opened successfully...
2020-01-12 13:18:23 INFO  [main] (PurchaseTest.java:80) - storepage captured successfully....
2020-01-12 13:18:27 INFO  [main] (PurchaseTest.java:84) - category link successfully clicked...
2020-01-12 13:18:27 INFO  [main] (PurchaseTest.java:90) - prodcategory page successfully opened...
2020-01-12 13:18:27 INFO  [main] (PurchaseTest.java:91) - prodcategory page captured successfully...
2020-01-12 13:18:36 INFO  [main] (productPage.java:45) - product link successfully clicked...
2020-01-12 13:18:36 INFO  [main] (productPage.java:46) - product1 page successfully opened...
2020-01-12 13:18:36 INFO  [main] (PurchaseTest.java:101) - prodinprodcategory page successfully opened...
2020-01-12 13:18:36 INFO  [main] (PurchaseTest.java:102) - prodinprodcategory page captured successfully...
2020-01-12 13:18:46 INFO  [main] (productPage.java:45) - product link successfully clicked...
2020-01-12 13:18:46 INFO  [main] (productPage.java:46) - product1 page successfully opened...
2020-01-12 13:18:47 INFO  [main] (PurchaseProductPage.java:117) - product successfully added to cart...
2020-01-12 13:18:51 INFO  [main] (PurchaseTest.java:126) - storepage again opened successfully...
2020-01-12 13:18:51 INFO  [main] (PurchaseTest.java:127) - storepage again captured successfully....
2020-01-12 13:18:59 INFO  [main] (PurchaseTest.java:79) - storepage opened successfully...
2020-01-12 13:18:59 INFO  [main] (PurchaseTest.java:80) - storepage captured successfully....
2020-01-12 13:19:02 INFO  [main] (PurchaseTest.java:84) - category link successfully clicked...
2020-01-12 13:19:03 INFO  [main] (PurchaseTest.java:90) - prodcategory page successfully opened...
2020-01-12 13:19:03 INFO  [main] (PurchaseTest.java:91) - prodcategory page captured successfully...
2020-01-12 13:19:11 INFO  [main] (productPage.java:45) - product link successfully clicked...
2020-01-12 13:19:11 INFO  [main] (productPage.java:46) - product1 page successfully opened...
2020-01-12 13:19:12 INFO  [main] (PurchaseTest.java:101) - prodinprodcategory page successfully opened...
2020-01-12 13:19:12 INFO  [main] (PurchaseTest.java:102) - prodinprodcategory page captured successfully...
2020-01-12 13:19:32 ERROR [main] (productPage.java:50) - Exception occurred is:org.openqa.selenium.TimeoutException: Expected condition failed: waiting for element to be clickable: By.xpath: (//div[@class='content']//a[@href='http://localhost/Avactis/product-info.php?Avactis_Shopping_Cart_Web_Manual_-_Downloadable_products-pid33.html'])[2] (tried for 20 second(s) with 500 MILLISECONDS interval)
2020-01-12 13:19:52 ERROR [main] (PurchaseProductPage.java:80) - Exception occured:org.openqa.selenium.TimeoutException: Expected condition failed: waiting for element to be clickable: By.xpath: //option[@value='93'] (tried for 10 second(s) with 500 MILLISECONDS interval)
2020-01-12 13:20:12 ERROR [main] (PurchaseProductPage.java:90) - Exception occured:org.openqa.selenium.TimeoutException: Expected condition failed: waiting for element to be clickable: By.xpath: //option[@value='386'] (tried for 10 second(s) with 500 MILLISECONDS interval)
2020-01-12 13:20:32 ERROR [main] (PurchaseProductPage.java:99) - Exception occured:org.openqa.selenium.TimeoutException: Expected condition failed: waiting for element to be clickable: By.xpath: //option[@value='390'] (tried for 10 second(s) with 500 MILLISECONDS interval)
2020-01-12 13:20:33 INFO  [main] (PurchaseProductPage.java:117) - product successfully added to cart...
2020-01-12 13:20:37 INFO  [main] (PurchaseTest.java:126) - storepage again opened successfully...
2020-01-12 13:20:37 INFO  [main] (PurchaseTest.java:127) - storepage again captured successfully....
2020-01-12 17:46:04 INFO  [main] (PurchaseTest.java:50) - system properties are set...
2020-01-12 17:46:17 INFO  [main] (PurchaseTest.java:52) - chrome browser is launched...
2020-01-12 17:46:21 INFO  [main] (PurchaseTest.java:64) - window is maximiesed...
2020-01-12 17:46:53 INFO  [main] (PurchaseTest.java:79) - storepage opened successfully...
2020-01-12 17:46:53 INFO  [main] (PurchaseTest.java:80) - storepage captured successfully....
2020-01-12 17:46:58 INFO  [main] (PurchaseTest.java:84) - category link successfully clicked...
2020-01-12 17:46:59 INFO  [main] (PurchaseTest.java:90) - prodcategory page successfully opened...
2020-01-12 17:46:59 INFO  [main] (PurchaseTest.java:91) - prodcategory page captured successfully...
2020-01-12 17:47:09 INFO  [main] (productPage.java:45) - product link successfully clicked...
2020-01-12 17:47:09 INFO  [main] (productPage.java:46) - product1 page successfully opened...
2020-01-12 17:47:10 INFO  [main] (PurchaseTest.java:101) - prodinprodcategory page successfully opened...
2020-01-12 17:47:10 INFO  [main] (PurchaseTest.java:102) - prodinprodcategory page captured successfully...
2020-01-12 17:47:30 ERROR [main] (productPage.java:50) - Exception occurred is:org.openqa.selenium.TimeoutException: Expected condition failed: waiting for element to be clickable: By.xpath: (//div[@class='content']//a[@href='http://localhost/Avactis/product-info.php?Pure_cotton_T-Shirt-pid47.html'])[2] (tried for 20 second(s) with 500 MILLISECONDS interval)
2020-01-12 17:47:50 ERROR [main] (PurchaseProductPage.java:90) - Exception occured:org.openqa.selenium.TimeoutException: Expected condition failed: waiting for element to be clickable: By.xpath: //option[@value='386'] (tried for 10 second(s) with 500 MILLISECONDS interval)
2020-01-12 17:48:10 ERROR [main] (PurchaseProductPage.java:99) - Exception occured:org.openqa.selenium.TimeoutException: Expected condition failed: waiting for element to be clickable: By.xpath: //option[@value='390'] (tried for 10 second(s) with 500 MILLISECONDS interval)
2020-01-12 17:48:11 INFO  [main] (PurchaseProductPage.java:117) - product successfully added to cart...
2020-01-12 17:48:16 INFO  [main] (PurchaseTest.java:126) - storepage again opened successfully...
2020-01-12 17:48:16 INFO  [main] (PurchaseTest.java:127) - storepage again captured successfully....
2020-01-12 17:48:37 INFO  [main] (PurchaseTest.java:79) - storepage opened successfully...
2020-01-12 17:48:37 INFO  [main] (PurchaseTest.java:80) - storepage captured successfully....
2020-01-12 17:48:40 INFO  [main] (PurchaseTest.java:84) - category link successfully clicked...
2020-01-12 17:48:41 INFO  [main] (PurchaseTest.java:90) - prodcategory page successfully opened...
2020-01-12 17:48:41 INFO  [main] (PurchaseTest.java:91) - prodcategory page captured successfully...
2020-01-12 17:48:50 INFO  [main] (productPage.java:45) - product link successfully clicked...
2020-01-12 17:48:50 INFO  [main] (productPage.java:46) - product1 page successfully opened...
2020-01-12 17:48:50 INFO  [main] (PurchaseTest.java:101) - prodinprodcategory page successfully opened...
2020-01-12 17:48:50 INFO  [main] (PurchaseTest.java:102) - prodinprodcategory page captured successfully...
2020-01-12 17:49:01 INFO  [main] (productPage.java:45) - product link successfully clicked...
2020-01-12 17:49:01 INFO  [main] (productPage.java:46) - product1 page successfully opened...
2020-01-12 17:49:02 INFO  [main] (PurchaseProductPage.java:117) - product successfully added to cart...
2020-01-12 17:49:07 INFO  [main] (PurchaseTest.java:126) - storepage again opened successfully...
2020-01-12 17:49:07 INFO  [main] (PurchaseTest.java:127) - storepage again captured successfully....
2020-01-12 17:49:15 INFO  [main] (PurchaseTest.java:79) - storepage opened successfully...
2020-01-12 17:49:15 INFO  [main] (PurchaseTest.java:80) - storepage captured successfully....
2020-01-12 17:49:18 INFO  [main] (PurchaseTest.java:84) - category link successfully clicked...
2020-01-12 17:49:19 INFO  [main] (PurchaseTest.java:90) - prodcategory page successfully opened...
2020-01-12 17:49:19 INFO  [main] (PurchaseTest.java:91) - prodcategory page captured successfully...
2020-01-12 17:49:28 INFO  [main] (productPage.java:45) - product link successfully clicked...
2020-01-12 17:49:28 INFO  [main] (productPage.java:46) - product1 page successfully opened...
2020-01-12 17:49:28 INFO  [main] (PurchaseTest.java:101) - prodinprodcategory page successfully opened...
2020-01-12 17:49:28 INFO  [main] (PurchaseTest.java:102) - prodinprodcategory page captured successfully...
2020-01-12 17:49:49 ERROR [main] (productPage.java:50) - Exception occurred is:org.openqa.selenium.TimeoutException: Expected condition failed: waiting for element to be clickable: By.xpath: (//div[@class='content']//a[@href='http://localhost/Avactis/product-info.php?Avactis_Shopping_Cart_Web_Manual_-_Downloadable_products-pid33.html'])[2] (tried for 20 second(s) with 500 MILLISECONDS interval)
2020-01-12 17:50:09 ERROR [main] (PurchaseProductPage.java:80) - Exception occured:org.openqa.selenium.TimeoutException: Expected condition failed: waiting for element to be clickable: By.xpath: //option[@value='93'] (tried for 10 second(s) with 500 MILLISECONDS interval)
2020-01-12 17:50:29 ERROR [main] (PurchaseProductPage.java:90) - Exception occured:org.openqa.selenium.TimeoutException: Expected condition failed: waiting for element to be clickable: By.xpath: //option[@value='386'] (tried for 10 second(s) with 500 MILLISECONDS interval)
2020-01-12 17:50:49 ERROR [main] (PurchaseProductPage.java:99) - Exception occured:org.openqa.selenium.TimeoutException: Expected condition failed: waiting for element to be clickable: By.xpath: //option[@value='390'] (tried for 10 second(s) with 500 MILLISECONDS interval)
2020-01-12 17:50:50 INFO  [main] (PurchaseProductPage.java:117) - product successfully added to cart...
2020-01-12 17:50:54 INFO  [main] (PurchaseTest.java:126) - storepage again opened successfully...
2020-01-12 17:50:54 INFO  [main] (PurchaseTest.java:127) - storepage again captured successfully....
2020-01-12 17:53:06 INFO  [main] (PurchaseTest.java:50) - system properties are set...
2020-01-12 17:53:17 INFO  [main] (PurchaseTest.java:52) - chrome browser is launched...
2020-01-12 17:53:21 INFO  [main] (PurchaseTest.java:64) - window is maximiesed...
2020-01-12 17:53:30 INFO  [main] (PurchaseTest.java:79) - storepage opened successfully...
2020-01-12 17:53:30 INFO  [main] (PurchaseTest.java:80) - storepage captured successfully....
2020-01-12 17:53:35 INFO  [main] (PurchaseTest.java:84) - category link successfully clicked...
2020-01-12 17:53:36 INFO  [main] (PurchaseTest.java:90) - prodcategory page successfully opened...
2020-01-12 17:53:36 INFO  [main] (PurchaseTest.java:91) - prodcategory page captured successfully...
2020-01-12 17:53:45 INFO  [main] (productPage.java:45) - product link successfully clicked...
2020-01-12 17:53:45 INFO  [main] (productPage.java:46) - product1 page successfully opened...
2020-01-12 17:53:46 INFO  [main] (PurchaseTest.java:101) - prodinprodcategory page successfully opened...
2020-01-12 17:53:46 INFO  [main] (PurchaseTest.java:102) - prodinprodcategory page captured successfully...
2020-01-12 17:54:06 ERROR [main] (productPage.java:50) - Exception occurred is:org.openqa.selenium.TimeoutException: Expected condition failed: waiting for element to be clickable: By.xpath: (//div[@class='content']//a[@href='http://localhost/Avactis/product-info.php?Pure_cotton_T-Shirt-pid47.html'])[2] (tried for 20 second(s) with 500 MILLISECONDS interval)
2020-01-12 17:54:27 ERROR [main] (PurchaseProductPage.java:90) - Exception occured:org.openqa.selenium.TimeoutException: Expected condition failed: waiting for element to be clickable: By.xpath: //option[@value='386'] (tried for 10 second(s) with 500 MILLISECONDS interval)
2020-01-12 17:54:47 ERROR [main] (PurchaseProductPage.java:99) - Exception occured:org.openqa.selenium.TimeoutException: Expected condition failed: waiting for element to be clickable: By.xpath: //option[@value='390'] (tried for 10 second(s) with 500 MILLISECONDS interval)
2020-01-12 17:54:47 INFO  [main] (PurchaseProductPage.java:117) - product successfully added to cart...
2020-01-12 17:54:52 INFO  [main] (PurchaseTest.java:126) - storepage again opened successfully...
2020-01-12 17:54:52 INFO  [main] (PurchaseTest.java:127) - storepage again captured successfully....
2020-01-12 17:54:53 INFO  [main] (PurchaseTest.java:79) - storepage opened successfully...
2020-01-12 17:54:53 INFO  [main] (PurchaseTest.java:80) - storepage captured successfully....
2020-01-12 17:54:56 INFO  [main] (PurchaseTest.java:84) - category link successfully clicked...
2020-01-12 17:54:57 INFO  [main] (PurchaseTest.java:90) - prodcategory page successfully opened...
2020-01-12 17:54:57 INFO  [main] (PurchaseTest.java:91) - prodcategory page captured successfully...
2020-01-12 17:55:06 INFO  [main] (productPage.java:45) - product link successfully clicked...
2020-01-12 17:55:06 INFO  [main] (productPage.java:46) - product1 page successfully opened...
2020-01-12 17:55:06 INFO  [main] (PurchaseTest.java:101) - prodinprodcategory page successfully opened...
2020-01-12 17:55:06 INFO  [main] (PurchaseTest.java:102) - prodinprodcategory page captured successfully...
2020-01-12 17:55:16 INFO  [main] (productPage.java:45) - product link successfully clicked...
2020-01-12 17:55:16 INFO  [main] (productPage.java:46) - product1 page successfully opened...
2020-01-12 17:55:17 INFO  [main] (PurchaseProductPage.java:117) - product successfully added to cart...
2020-01-12 17:55:22 INFO  [main] (PurchaseTest.java:126) - storepage again opened successfully...
2020-01-12 17:55:22 INFO  [main] (PurchaseTest.java:127) - storepage again captured successfully....
2020-01-12 17:55:22 INFO  [main] (PurchaseTest.java:79) - storepage opened successfully...
2020-01-12 17:55:22 INFO  [main] (PurchaseTest.java:80) - storepage captured successfully....
2020-01-12 17:55:26 INFO  [main] (PurchaseTest.java:84) - category link successfully clicked...
2020-01-12 17:55:26 INFO  [main] (PurchaseTest.java:90) - prodcategory page successfully opened...
2020-01-12 17:55:26 INFO  [main] (PurchaseTest.java:91) - prodcategory page captured successfully...
2020-01-12 17:55:35 INFO  [main] (productPage.java:45) - product link successfully clicked...
2020-01-12 17:55:35 INFO  [main] (productPage.java:46) - product1 page successfully opened...
2020-01-12 17:55:36 INFO  [main] (PurchaseTest.java:101) - prodinprodcategory page successfully opened...
2020-01-12 17:55:36 INFO  [main] (PurchaseTest.java:102) - prodinprodcategory page captured successfully...
2020-01-12 17:55:56 ERROR [main] (productPage.java:50) - Exception occurred is:org.openqa.selenium.TimeoutException: Expected condition failed: waiting for element to be clickable: By.xpath: (//div[@class='content']//a[@href='http://localhost/Avactis/product-info.php?Avactis_Shopping_Cart_Web_Manual_-_Downloadable_products-pid33.html'])[2] (tried for 20 second(s) with 500 MILLISECONDS interval)
2020-01-12 17:56:16 ERROR [main] (PurchaseProductPage.java:80) - Exception occured:org.openqa.selenium.TimeoutException: Expected condition failed: waiting for element to be clickable: By.xpath: //option[@value='93'] (tried for 10 second(s) with 500 MILLISECONDS interval)
2020-01-12 17:56:36 ERROR [main] (PurchaseProductPage.java:90) - Exception occured:org.openqa.selenium.TimeoutException: Expected condition failed: waiting for element to be clickable: By.xpath: //option[@value='386'] (tried for 10 second(s) with 500 MILLISECONDS interval)
2020-01-12 17:56:56 ERROR [main] (PurchaseProductPage.java:99) - Exception occured:org.openqa.selenium.TimeoutException: Expected condition failed: waiting for element to be clickable: By.xpath: //option[@value='390'] (tried for 10 second(s) with 500 MILLISECONDS interval)
2020-01-12 17:56:57 INFO  [main] (PurchaseProductPage.java:117) - product successfully added to cart...
2020-01-12 17:57:01 INFO  [main] (PurchaseTest.java:126) - storepage again opened successfully...
2020-01-12 17:57:01 INFO  [main] (PurchaseTest.java:127) - storepage again captured successfully....
2020-01-12 18:00:43 INFO  [main] (PurchaseTest.java:50) - system properties are set...
2020-01-12 18:00:51 INFO  [main] (PurchaseTest.java:52) - chrome browser is launched...
2020-01-12 18:00:56 INFO  [main] (PurchaseTest.java:64) - window is maximiesed...
2020-01-12 18:01:06 INFO  [main] (PurchaseTest.java:79) - storepage opened successfully...
2020-01-12 18:01:06 INFO  [main] (PurchaseTest.java:80) - storepage captured successfully....
2020-01-12 18:01:10 INFO  [main] (PurchaseTest.java:84) - category link successfully clicked...
2020-01-12 18:01:11 INFO  [main] (PurchaseTest.java:90) - prodcategory page successfully opened...
2020-01-12 18:01:11 INFO  [main] (PurchaseTest.java:91) - prodcategory page captured successfully...
2020-01-12 18:01:21 INFO  [main] (productPage.java:45) - product link successfully clicked...
2020-01-12 18:01:21 INFO  [main] (productPage.java:46) - product1 page successfully opened...
2020-01-12 18:01:22 INFO  [main] (PurchaseTest.java:101) - prodinprodcategory page successfully opened...
2020-01-12 18:01:22 INFO  [main] (PurchaseTest.java:102) - prodinprodcategory page captured successfully...
2020-01-12 18:01:42 ERROR [main] (productPage.java:50) - Exception occurred is:org.openqa.selenium.TimeoutException: Expected condition failed: waiting for element to be clickable: By.xpath: (//div[@class='content']//a[@href='http://localhost/Avactis/product-info.php?Pure_cotton_T-Shirt-pid47.html'])[2] (tried for 20 second(s) with 500 MILLISECONDS interval)
2020-01-12 18:02:03 ERROR [main] (PurchaseProductPage.java:90) - Exception occured:org.openqa.selenium.TimeoutException: Expected condition failed: waiting for element to be clickable: By.xpath: //option[@value='386'] (tried for 10 second(s) with 500 MILLISECONDS interval)
2020-01-12 18:02:23 ERROR [main] (PurchaseProductPage.java:99) - Exception occured:org.openqa.selenium.TimeoutException: Expected condition failed: waiting for element to be clickable: By.xpath: //option[@value='390'] (tried for 10 second(s) with 500 MILLISECONDS interval)
2020-01-12 18:02:23 INFO  [main] (PurchaseProductPage.java:117) - product successfully added to cart...
2020-01-12 18:02:29 INFO  [main] (PurchaseTest.java:126) - storepage again opened successfully...
2020-01-12 18:02:29 INFO  [main] (PurchaseTest.java:127) - storepage again captured successfully....
2020-01-12 18:02:30 INFO  [main] (PurchaseTest.java:79) - storepage opened successfully...
2020-01-12 18:02:30 INFO  [main] (PurchaseTest.java:80) - storepage captured successfully....
2020-01-12 18:02:34 INFO  [main] (PurchaseTest.java:84) - category link successfully clicked...
2020-01-12 18:02:34 INFO  [main] (PurchaseTest.java:90) - prodcategory page successfully opened...
2020-01-12 18:02:34 INFO  [main] (PurchaseTest.java:91) - prodcategory page captured successfully...
2020-01-12 18:02:43 INFO  [main] (productPage.java:45) - product link successfully clicked...
2020-01-12 18:02:43 INFO  [main] (productPage.java:46) - product1 page successfully opened...
2020-01-12 18:02:43 INFO  [main] (PurchaseTest.java:101) - prodinprodcategory page successfully opened...
2020-01-12 18:02:43 INFO  [main] (PurchaseTest.java:102) - prodinprodcategory page captured successfully...
2020-01-12 18:02:53 INFO  [main] (productPage.java:45) - product link successfully clicked...
2020-01-12 18:02:53 INFO  [main] (productPage.java:46) - product1 page successfully opened...
2020-01-12 18:02:54 INFO  [main] (PurchaseProductPage.java:117) - product successfully added to cart...
2020-01-12 18:02:59 INFO  [main] (PurchaseTest.java:126) - storepage again opened successfully...
2020-01-12 18:02:59 INFO  [main] (PurchaseTest.java:127) - storepage again captured successfully....
2020-01-12 18:03:00 INFO  [main] (PurchaseTest.java:79) - storepage opened successfully...
2020-01-12 18:03:00 INFO  [main] (PurchaseTest.java:80) - storepage captured successfully....
2020-01-12 18:03:03 INFO  [main] (PurchaseTest.java:84) - category link successfully clicked...
2020-01-12 18:03:04 INFO  [main] (PurchaseTest.java:90) - prodcategory page successfully opened...
2020-01-12 18:03:04 INFO  [main] (PurchaseTest.java:91) - prodcategory page captured successfully...
2020-01-12 18:03:13 INFO  [main] (productPage.java:45) - product link successfully clicked...
2020-01-12 18:03:13 INFO  [main] (productPage.java:46) - product1 page successfully opened...
2020-01-12 18:03:14 INFO  [main] (PurchaseTest.java:101) - prodinprodcategory page successfully opened...
2020-01-12 18:03:14 INFO  [main] (PurchaseTest.java:102) - prodinprodcategory page captured successfully...
2020-01-12 18:03:34 ERROR [main] (productPage.java:50) - Exception occurred is:org.openqa.selenium.TimeoutException: Expected condition failed: waiting for element to be clickable: By.xpath: (//div[@class='content']//a[@href='http://localhost/Avactis/product-info.php?Avactis_Shopping_Cart_Web_Manual_-_Downloadable_products-pid33.html'])[2] (tried for 20 second(s) with 500 MILLISECONDS interval)
2020-01-12 18:03:55 ERROR [main] (PurchaseProductPage.java:80) - Exception occured:org.openqa.selenium.TimeoutException: Expected condition failed: waiting for element to be clickable: By.xpath: //option[@value='93'] (tried for 10 second(s) with 500 MILLISECONDS interval)
2020-01-12 18:04:15 ERROR [main] (PurchaseProductPage.java:90) - Exception occured:org.openqa.selenium.TimeoutException: Expected condition failed: waiting for element to be clickable: By.xpath: //option[@value='386'] (tried for 10 second(s) with 500 MILLISECONDS interval)
2020-01-12 18:04:35 ERROR [main] (PurchaseProductPage.java:99) - Exception occured:org.openqa.selenium.TimeoutException: Expected condition failed: waiting for element to be clickable: By.xpath: //option[@value='390'] (tried for 10 second(s) with 500 MILLISECONDS interval)
2020-01-12 18:04:35 INFO  [main] (PurchaseProductPage.java:117) - product successfully added to cart...
2020-01-12 18:04:39 INFO  [main] (PurchaseTest.java:126) - storepage again opened successfully...
2020-01-12 18:04:39 INFO  [main] (PurchaseTest.java:127) - storepage again captured successfully....
2020-01-12 19:48:49 INFO  [main] (PurchaseTest.java:51) - system properties are set...
2020-01-12 19:49:12 INFO  [main] (PurchaseTest.java:53) - chrome browser is launched...
2020-01-12 19:49:16 INFO  [main] (PurchaseTest.java:65) - window is maximiesed...
2020-01-12 19:49:43 INFO  [main] (PurchaseTest.java:80) - storepage opened successfully...
2020-01-12 19:49:43 INFO  [main] (PurchaseTest.java:81) - storepage captured successfully....
2020-01-12 19:49:58 INFO  [main] (PurchaseTest.java:85) - category link successfully clicked...
2020-01-12 19:49:59 INFO  [main] (PurchaseTest.java:91) - prodcategory page successfully opened...
2020-01-12 19:49:59 INFO  [main] (PurchaseTest.java:92) - prodcategory page captured successfully...
2020-01-12 19:50:21 INFO  [main] (productPage.java:45) - product link successfully clicked...
2020-01-12 19:50:21 INFO  [main] (productPage.java:46) - product1 page successfully opened...
2020-01-12 19:50:22 INFO  [main] (PurchaseTest.java:102) - prodinprodcategory page successfully opened...
2020-01-12 19:50:22 INFO  [main] (PurchaseTest.java:103) - prodinprodcategory page captured successfully...
2020-01-12 19:50:43 ERROR [main] (productPage.java:50) - Exception occurred is:org.openqa.selenium.TimeoutException: Expected condition failed: waiting for element to be clickable: By.xpath: (//div[@class='content']//a[@href='http://localhost/Avactis/product-info.php?Pure_cotton_T-Shirt-pid47.html'])[2] (tried for 20 second(s) with 500 MILLISECONDS interval)
2020-01-12 19:51:03 ERROR [main] (PurchaseProductPage.java:90) - Exception occured:org.openqa.selenium.WebDriverException: disconnected: not connected to DevTools
  (Session info: chrome=79.0.3945.117)
Build info: version: '3.6.0', revision: '6fbf3ec767', time: '2017-09-27T15:28:36.4Z'
System info: host: 'DESKTOP-UFF7VOJ', ip: '192.168.1.8', os.name: 'Windows 10', os.arch: 'amd64', os.version: '10.0', java.version: '1.8.0_191'
Driver info: org.openqa.selenium.chrome.ChromeDriver
Capabilities [{networkConnectionEnabled=false, chrome={chromedriverVersion=78.0.3904.105 (60e2d8774a8151efa6a00b1f358371b1e0e07ee2-refs/branch-heads/3904@{#877}), userDataDir=C:\Users\HP\AppData\Local\Temp\scoped_dir23476_2113941499}, timeouts={implicit=0, pageLoad=300000, script=30000}, pageLoadStrategy=normal, unhandledPromptBehavior=dismiss and notify, strictFileInteractability=false, platform=XP, proxy=Proxy(), goog:chromeOptions={debuggerAddress=localhost:58367}, acceptInsecureCerts=false, browserVersion=79.0.3945.117, browserName=chrome, javascriptEnabled=true, platformName=XP, setWindowRect=true}]
Session ID: 7522b8e85c7a83f55d4f8e8905a484c8
*** Element info: {Using=xpath, value=//option[@value='386']}
2020-01-12 19:51:57 ERROR [main] (PurchaseProductPage.java:99) - Exception occured:org.openqa.selenium.TimeoutException: Expected condition failed: waiting for element to be clickable: By.xpath: //option[@value='390'] (tried for 10 second(s) with 500 MILLISECONDS interval)
2020-01-12 19:52:08 INFO  [main] (PurchaseProductPage.java:117) - product successfully added to cart...
2020-01-12 19:52:44 INFO  [main] (PurchaseTest.java:127) - storepage again opened successfully...
2020-01-12 19:52:44 INFO  [main] (PurchaseTest.java:128) - storepage again captured successfully....
2020-01-12 19:52:49 INFO  [main] (PurchaseTest.java:138) - cartpage opened successfully...
2020-01-12 19:52:49 INFO  [main] (PurchaseTest.java:139) - cartpage captured successfully....
2020-01-12 19:52:58 INFO  [main] (PurchaseTest.java:80) - storepage opened successfully...
2020-01-12 19:52:58 INFO  [main] (PurchaseTest.java:81) - storepage captured successfully....
2020-01-12 19:53:02 INFO  [main] (PurchaseTest.java:85) - category link successfully clicked...
2020-01-12 19:53:03 INFO  [main] (PurchaseTest.java:91) - prodcategory page successfully opened...
2020-01-12 19:53:03 INFO  [main] (PurchaseTest.java:92) - prodcategory page captured successfully...
2020-01-12 19:53:13 INFO  [main] (productPage.java:45) - product link successfully clicked...
2020-01-12 19:53:13 INFO  [main] (productPage.java:46) - product1 page successfully opened...
2020-01-12 19:53:13 INFO  [main] (PurchaseTest.java:102) - prodinprodcategory page successfully opened...
2020-01-12 19:53:13 INFO  [main] (PurchaseTest.java:103) - prodinprodcategory page captured successfully...
2020-01-12 19:53:22 INFO  [main] (productPage.java:45) - product link successfully clicked...
2020-01-12 19:53:22 INFO  [main] (productPage.java:46) - product1 page successfully opened...
2020-01-12 19:53:23 INFO  [main] (PurchaseProductPage.java:117) - product successfully added to cart...
2020-01-12 19:53:28 INFO  [main] (PurchaseTest.java:127) - storepage again opened successfully...
2020-01-12 19:53:28 INFO  [main] (PurchaseTest.java:128) - storepage again captured successfully....
2020-01-12 19:53:32 INFO  [main] (PurchaseTest.java:138) - cartpage opened successfully...
2020-01-12 19:53:32 INFO  [main] (PurchaseTest.java:139) - cartpage captured successfully....
2020-01-12 19:53:40 INFO  [main] (PurchaseTest.java:80) - storepage opened successfully...
2020-01-12 19:53:40 INFO  [main] (PurchaseTest.java:81) - storepage captured successfully....
2020-01-12 19:53:44 INFO  [main] (PurchaseTest.java:85) - category link successfully clicked...
2020-01-12 19:53:44 INFO  [main] (PurchaseTest.java:91) - prodcategory page successfully opened...
2020-01-12 19:53:44 INFO  [main] (PurchaseTest.java:92) - prodcategory page captured successfully...
2020-01-12 19:53:53 INFO  [main] (productPage.java:45) - product link successfully clicked...
2020-01-12 19:53:53 INFO  [main] (productPage.java:46) - product1 page successfully opened...
2020-01-12 19:53:54 INFO  [main] (PurchaseTest.java:102) - prodinprodcategory page successfully opened...
2020-01-12 19:53:54 INFO  [main] (PurchaseTest.java:103) - prodinprodcategory page captured successfully...
2020-01-12 19:54:14 ERROR [main] (productPage.java:50) - Exception occurred is:org.openqa.selenium.TimeoutException: Expected condition failed: waiting for element to be clickable: By.xpath: (//div[@class='content']//a[@href='http://localhost/Avactis/product-info.php?Avactis_Shopping_Cart_Web_Manual_-_Downloadable_products-pid33.html'])[2] (tried for 20 second(s) with 500 MILLISECONDS interval)
2020-01-12 19:54:34 ERROR [main] (PurchaseProductPage.java:80) - Exception occured:org.openqa.selenium.TimeoutException: Expected condition failed: waiting for element to be clickable: By.xpath: //option[@value='93'] (tried for 10 second(s) with 500 MILLISECONDS interval)
2020-01-12 19:54:55 ERROR [main] (PurchaseProductPage.java:90) - Exception occured:org.openqa.selenium.TimeoutException: Expected condition failed: waiting for element to be clickable: By.xpath: //option[@value='386'] (tried for 10 second(s) with 500 MILLISECONDS interval)
2020-01-12 19:55:15 ERROR [main] (PurchaseProductPage.java:99) - Exception occured:org.openqa.selenium.TimeoutException: Expected condition failed: waiting for element to be clickable: By.xpath: //option[@value='390'] (tried for 10 second(s) with 500 MILLISECONDS interval)
2020-01-12 19:55:15 INFO  [main] (PurchaseProductPage.java:117) - product successfully added to cart...
2020-01-12 19:55:19 INFO  [main] (PurchaseTest.java:127) - storepage again opened successfully...
2020-01-12 19:55:19 INFO  [main] (PurchaseTest.java:128) - storepage again captured successfully....
2020-01-12 19:55:23 INFO  [main] (PurchaseTest.java:138) - cartpage opened successfully...
2020-01-12 19:55:23 INFO  [main] (PurchaseTest.java:139) - cartpage captured successfully....
2020-01-14 09:22:08 INFO  [main] (PurchaseTest.java:51) - system properties are set...
2020-01-14 09:22:21 INFO  [main] (PurchaseTest.java:53) - chrome browser is launched...
2020-01-14 09:22:25 INFO  [main] (PurchaseTest.java:65) - window is maximiesed...
2020-01-14 09:23:01 INFO  [main] (PurchaseTest.java:80) - storepage opened successfully...
2020-01-14 09:23:01 INFO  [main] (PurchaseTest.java:81) - storepage captured successfully....
2020-01-14 09:23:09 INFO  [main] (PurchaseTest.java:85) - category link successfully clicked...
2020-01-14 09:23:10 INFO  [main] (PurchaseTest.java:91) - prodcategory page successfully opened...
2020-01-14 09:23:10 INFO  [main] (PurchaseTest.java:92) - prodcategory page captured successfully...
2020-01-14 09:23:20 INFO  [main] (productPage.java:45) - product link successfully clicked...
2020-01-14 09:23:20 INFO  [main] (productPage.java:46) - product1 page successfully opened...
2020-01-14 09:23:20 INFO  [main] (PurchaseTest.java:102) - prodinprodcategory page successfully opened...
2020-01-14 09:23:20 INFO  [main] (PurchaseTest.java:103) - prodinprodcategory page captured successfully...
2020-01-14 09:23:41 ERROR [main] (productPage.java:50) - Exception occurred is:org.openqa.selenium.TimeoutException: Expected condition failed: waiting for element to be clickable: By.xpath: (//div[@class='content']//a[@href='http://localhost/Avactis/product-info.php?Pure_cotton_T-Shirt-pid47.html'])[2] (tried for 20 second(s) with 500 MILLISECONDS interval)
2020-01-14 09:24:01 ERROR [main] (PurchaseProductPage.java:90) - Exception occured:org.openqa.selenium.TimeoutException: Expected condition failed: waiting for element to be clickable: By.xpath: //option[@value='386'] (tried for 10 second(s) with 500 MILLISECONDS interval)
2020-01-14 09:24:22 ERROR [main] (PurchaseProductPage.java:99) - Exception occured:org.openqa.selenium.TimeoutException: Expected condition failed: waiting for element to be clickable: By.xpath: //option[@value='390'] (tried for 10 second(s) with 500 MILLISECONDS interval)
2020-01-14 09:24:22 INFO  [main] (PurchaseProductPage.java:117) - product successfully added to cart...
2020-01-14 09:24:26 INFO  [main] (PurchaseTest.java:127) - storepage again opened successfully...
2020-01-14 09:24:26 INFO  [main] (PurchaseTest.java:128) - storepage again captured successfully....
2020-01-14 09:24:47 INFO  [main] (PurchaseTest.java:80) - storepage opened successfully...
2020-01-14 09:24:47 INFO  [main] (PurchaseTest.java:81) - storepage captured successfully....
2020-01-14 09:24:51 INFO  [main] (PurchaseTest.java:85) - category link successfully clicked...
2020-01-14 09:24:51 INFO  [main] (PurchaseTest.java:91) - prodcategory page successfully opened...
2020-01-14 09:24:51 INFO  [main] (PurchaseTest.java:92) - prodcategory page captured successfully...
2020-01-14 09:25:00 INFO  [main] (productPage.java:45) - product link successfully clicked...
2020-01-14 09:25:00 INFO  [main] (productPage.java:46) - product1 page successfully opened...
2020-01-14 09:25:00 INFO  [main] (PurchaseTest.java:102) - prodinprodcategory page successfully opened...
2020-01-14 09:25:00 INFO  [main] (PurchaseTest.java:103) - prodinprodcategory page captured successfully...
2020-01-14 09:25:09 INFO  [main] (productPage.java:45) - product link successfully clicked...
2020-01-14 09:25:09 INFO  [main] (productPage.java:46) - product1 page successfully opened...
2020-01-14 09:25:11 INFO  [main] (PurchaseProductPage.java:117) - product successfully added to cart...
2020-01-14 09:25:15 INFO  [main] (PurchaseTest.java:127) - storepage again opened successfully...
2020-01-14 09:25:15 INFO  [main] (PurchaseTest.java:128) - storepage again captured successfully....
2020-01-14 09:25:19 INFO  [main] (PurchaseTest.java:138) - cartpage opened successfully...
2020-01-14 09:25:19 INFO  [main] (PurchaseTest.java:139) - cartpage captured successfully....
2020-01-14 09:25:27 INFO  [main] (PurchaseTest.java:80) - storepage opened successfully...
2020-01-14 09:25:27 INFO  [main] (PurchaseTest.java:81) - storepage captured successfully....
2020-01-14 09:25:30 INFO  [main] (PurchaseTest.java:85) - category link successfully clicked...
2020-01-14 09:25:31 INFO  [main] (PurchaseTest.java:91) - prodcategory page successfully opened...
2020-01-14 09:25:31 INFO  [main] (PurchaseTest.java:92) - prodcategory page captured successfully...
2020-01-14 09:25:40 INFO  [main] (productPage.java:45) - product link successfully clicked...
2020-01-14 09:25:40 INFO  [main] (productPage.java:46) - product1 page successfully opened...
2020-01-14 09:25:40 INFO  [main] (PurchaseTest.java:102) - prodinprodcategory page successfully opened...
2020-01-14 09:25:40 INFO  [main] (PurchaseTest.java:103) - prodinprodcategory page captured successfully...
2020-01-14 09:26:00 ERROR [main] (productPage.java:50) - Exception occurred is:org.openqa.selenium.TimeoutException: Expected condition failed: waiting for element to be clickable: By.xpath: (//div[@class='content']//a[@href='http://localhost/Avactis/product-info.php?Avactis_Shopping_Cart_Web_Manual_-_Downloadable_products-pid33.html'])[2] (tried for 20 second(s) with 500 MILLISECONDS interval)
2020-01-14 09:26:21 ERROR [main] (PurchaseProductPage.java:80) - Exception occured:org.openqa.selenium.TimeoutException: Expected condition failed: waiting for element to be clickable: By.xpath: //option[@value='93'] (tried for 10 second(s) with 500 MILLISECONDS interval)
2020-01-14 09:26:41 ERROR [main] (PurchaseProductPage.java:90) - Exception occured:org.openqa.selenium.TimeoutException: Expected condition failed: waiting for element to be clickable: By.xpath: //option[@value='386'] (tried for 10 second(s) with 500 MILLISECONDS interval)
2020-01-14 09:27:01 ERROR [main] (PurchaseProductPage.java:99) - Exception occured:org.openqa.selenium.TimeoutException: Expected condition failed: waiting for element to be clickable: By.xpath: //option[@value='390'] (tried for 10 second(s) with 500 MILLISECONDS interval)
2020-01-14 09:27:01 INFO  [main] (PurchaseProductPage.java:117) - product successfully added to cart...
2020-01-14 09:27:06 INFO  [main] (PurchaseTest.java:127) - storepage again opened successfully...
2020-01-14 09:27:06 INFO  [main] (PurchaseTest.java:128) - storepage again captured successfully....
2020-01-14 09:27:10 INFO  [main] (PurchaseTest.java:138) - cartpage opened successfully...
2020-01-14 09:27:10 INFO  [main] (PurchaseTest.java:139) - cartpage captured successfully....
2020-01-14 09:40:30 INFO  [main] (PurchaseTest.java:51) - system properties are set...
2020-01-14 09:40:39 INFO  [main] (PurchaseTest.java:53) - chrome browser is launched...
2020-01-14 09:40:43 INFO  [main] (PurchaseTest.java:65) - window is maximiesed...
2020-01-14 09:40:57 INFO  [main] (PurchaseTest.java:80) - storepage opened successfully...
2020-01-14 09:40:57 INFO  [main] (PurchaseTest.java:81) - storepage captured successfully....
2020-01-14 09:41:01 INFO  [main] (PurchaseTest.java:85) - category link successfully clicked...
2020-01-14 09:41:02 INFO  [main] (PurchaseTest.java:91) - prodcategory page successfully opened...
2020-01-14 09:41:02 INFO  [main] (PurchaseTest.java:92) - prodcategory page captured successfully...
2020-01-14 09:41:13 INFO  [main] (productPage.java:45) - product link successfully clicked...
2020-01-14 09:41:13 INFO  [main] (productPage.java:46) - product1 page successfully opened...
2020-01-14 09:41:13 INFO  [main] (PurchaseTest.java:102) - prodinprodcategory page successfully opened...
2020-01-14 09:41:13 INFO  [main] (PurchaseTest.java:103) - prodinprodcategory page captured successfully...
2020-01-14 09:41:33 ERROR [main] (productPage.java:50) - Exception occurred is:org.openqa.selenium.TimeoutException: Expected condition failed: waiting for element to be clickable: By.xpath: (//div[@class='content']//a[@href='http://localhost/Avactis/product-info.php?Pure_cotton_T-Shirt-pid47.html'])[2] (tried for 20 second(s) with 500 MILLISECONDS interval)
2020-01-14 09:41:54 ERROR [main] (PurchaseProductPage.java:90) - Exception occured:org.openqa.selenium.TimeoutException: Expected condition failed: waiting for element to be clickable: By.xpath: //option[@value='386'] (tried for 10 second(s) with 500 MILLISECONDS interval)
2020-01-14 09:42:14 ERROR [main] (PurchaseProductPage.java:99) - Exception occured:org.openqa.selenium.TimeoutException: Expected condition failed: waiting for element to be clickable: By.xpath: //option[@value='390'] (tried for 10 second(s) with 500 MILLISECONDS interval)
2020-01-14 09:42:15 INFO  [main] (PurchaseProductPage.java:117) - product successfully added to cart...
2020-01-14 09:42:20 INFO  [main] (PurchaseTest.java:127) - storepage again opened successfully...
2020-01-14 09:42:20 INFO  [main] (PurchaseTest.java:128) - storepage again captured successfully....
2020-01-14 09:42:24 INFO  [main] (PurchaseTest.java:138) - cartpage opened successfully...
2020-01-14 09:42:24 INFO  [main] (PurchaseTest.java:139) - cartpage captured successfully....
2020-01-14 09:42:32 INFO  [main] (PurchaseTest.java:80) - storepage opened successfully...
2020-01-14 09:42:32 INFO  [main] (PurchaseTest.java:81) - storepage captured successfully....
2020-01-14 09:42:36 INFO  [main] (PurchaseTest.java:85) - category link successfully clicked...
2020-01-14 09:42:37 INFO  [main] (PurchaseTest.java:91) - prodcategory page successfully opened...
2020-01-14 09:42:37 INFO  [main] (PurchaseTest.java:92) - prodcategory page captured successfully...
2020-01-14 09:42:45 INFO  [main] (productPage.java:45) - product link successfully clicked...
2020-01-14 09:42:45 INFO  [main] (productPage.java:46) - product1 page successfully opened...
2020-01-14 09:42:46 INFO  [main] (PurchaseTest.java:102) - prodinprodcategory page successfully opened...
2020-01-14 09:42:46 INFO  [main] (PurchaseTest.java:103) - prodinprodcategory page captured successfully...
2020-01-14 09:42:55 INFO  [main] (productPage.java:45) - product link successfully clicked...
2020-01-14 09:42:55 INFO  [main] (productPage.java:46) - product1 page successfully opened...
2020-01-14 09:42:56 INFO  [main] (PurchaseProductPage.java:117) - product successfully added to cart...
2020-01-14 09:43:01 INFO  [main] (PurchaseTest.java:127) - storepage again opened successfully...
2020-01-14 09:43:01 INFO  [main] (PurchaseTest.java:128) - storepage again captured successfully....
2020-01-14 09:43:07 INFO  [main] (PurchaseTest.java:138) - cartpage opened successfully...
2020-01-14 09:43:07 INFO  [main] (PurchaseTest.java:139) - cartpage captured successfully....
2020-01-14 09:43:15 INFO  [main] (PurchaseTest.java:80) - storepage opened successfully...
2020-01-14 09:43:15 INFO  [main] (PurchaseTest.java:81) - storepage captured successfully....
2020-01-14 09:43:18 INFO  [main] (PurchaseTest.java:85) - category link successfully clicked...
2020-01-14 09:43:19 INFO  [main] (PurchaseTest.java:91) - prodcategory page successfully opened...
2020-01-14 09:43:19 INFO  [main] (PurchaseTest.java:92) - prodcategory page captured successfully...
2020-01-14 09:43:28 INFO  [main] (productPage.java:45) - product link successfully clicked...
2020-01-14 09:43:28 INFO  [main] (productPage.java:46) - product1 page successfully opened...
2020-01-14 09:43:28 INFO  [main] (PurchaseTest.java:102) - prodinprodcategory page successfully opened...
2020-01-14 09:43:28 INFO  [main] (PurchaseTest.java:103) - prodinprodcategory page captured successfully...
2020-01-14 09:43:48 ERROR [main] (productPage.java:50) - Exception occurred is:org.openqa.selenium.TimeoutException: Expected condition failed: waiting for element to be clickable: By.xpath: (//div[@class='content']//a[@href='http://localhost/Avactis/product-info.php?Avactis_Shopping_Cart_Web_Manual_-_Downloadable_products-pid33.html'])[2] (tried for 20 second(s) with 500 MILLISECONDS interval)
2020-01-14 09:44:09 ERROR [main] (PurchaseProductPage.java:80) - Exception occured:org.openqa.selenium.TimeoutException: Expected condition failed: waiting for element to be clickable: By.xpath: //option[@value='93'] (tried for 10 second(s) with 500 MILLISECONDS interval)
2020-01-14 09:44:29 ERROR [main] (PurchaseProductPage.java:90) - Exception occured:org.openqa.selenium.TimeoutException: Expected condition failed: waiting for element to be clickable: By.xpath: //option[@value='386'] (tried for 10 second(s) with 500 MILLISECONDS interval)
2020-01-14 09:44:49 ERROR [main] (PurchaseProductPage.java:99) - Exception occured:org.openqa.selenium.TimeoutException: Expected condition failed: waiting for element to be clickable: By.xpath: //option[@value='390'] (tried for 10 second(s) with 500 MILLISECONDS interval)
2020-01-14 09:44:49 INFO  [main] (PurchaseProductPage.java:117) - product successfully added to cart...
2020-01-14 09:44:55 INFO  [main] (PurchaseTest.java:127) - storepage again opened successfully...
2020-01-14 09:44:55 INFO  [main] (PurchaseTest.java:128) - storepage again captured successfully....
2020-01-14 09:44:59 INFO  [main] (PurchaseTest.java:138) - cartpage opened successfully...
2020-01-14 09:44:59 INFO  [main] (PurchaseTest.java:139) - cartpage captured successfully....
2020-01-14 09:48:20 INFO  [main] (PurchaseTest.java:51) - system properties are set...
2020-01-14 09:48:31 INFO  [main] (PurchaseTest.java:53) - chrome browser is launched...
2020-01-14 09:48:36 INFO  [main] (PurchaseTest.java:65) - window is maximiesed...
2020-01-14 09:48:56 INFO  [main] (PurchaseTest.java:80) - storepage opened successfully...
2020-01-14 09:48:56 INFO  [main] (PurchaseTest.java:81) - storepage captured successfully....
2020-01-14 09:49:03 INFO  [main] (PurchaseTest.java:85) - category link successfully clicked...
2020-01-14 09:49:04 INFO  [main] (PurchaseTest.java:91) - prodcategory page successfully opened...
2020-01-14 09:49:04 INFO  [main] (PurchaseTest.java:92) - prodcategory page captured successfully...
2020-01-14 09:49:15 INFO  [main] (productPage.java:45) - product link successfully clicked...
2020-01-14 09:49:15 INFO  [main] (productPage.java:46) - product1 page successfully opened...
2020-01-14 09:49:16 INFO  [main] (PurchaseTest.java:102) - prodinprodcategory page successfully opened...
2020-01-14 09:49:16 INFO  [main] (PurchaseTest.java:103) - prodinprodcategory page captured successfully...
2020-01-14 09:49:36 ERROR [main] (productPage.java:50) - Exception occurred is:org.openqa.selenium.TimeoutException: Expected condition failed: waiting for element to be clickable: By.xpath: (//div[@class='content']//a[@href='http://localhost/Avactis/product-info.php?Pure_cotton_T-Shirt-pid47.html'])[2] (tried for 20 second(s) with 500 MILLISECONDS interval)
2020-01-14 09:49:57 ERROR [main] (PurchaseProductPage.java:90) - Exception occured:org.openqa.selenium.TimeoutException: Expected condition failed: waiting for element to be clickable: By.xpath: //option[@value='386'] (tried for 10 second(s) with 500 MILLISECONDS interval)
2020-01-14 09:50:17 ERROR [main] (PurchaseProductPage.java:99) - Exception occured:org.openqa.selenium.TimeoutException: Expected condition failed: waiting for element to be clickable: By.xpath: //option[@value='390'] (tried for 10 second(s) with 500 MILLISECONDS interval)
2020-01-14 09:50:17 INFO  [main] (PurchaseProductPage.java:117) - product successfully added to cart...
2020-01-14 09:50:23 INFO  [main] (PurchaseTest.java:127) - storepage again opened successfully...
2020-01-14 09:50:23 INFO  [main] (PurchaseTest.java:128) - storepage again captured successfully....
2020-01-14 09:50:28 INFO  [main] (PurchaseTest.java:138) - cartpage opened successfully...
2020-01-14 09:50:28 INFO  [main] (PurchaseTest.java:139) - cartpage captured successfully....
2020-01-14 09:50:36 INFO  [main] (PurchaseTest.java:80) - storepage opened successfully...
2020-01-14 09:50:36 INFO  [main] (PurchaseTest.java:81) - storepage captured successfully....
2020-01-14 09:50:40 INFO  [main] (PurchaseTest.java:85) - category link successfully clicked...
2020-01-14 09:50:40 INFO  [main] (PurchaseTest.java:91) - prodcategory page successfully opened...
2020-01-14 09:50:40 INFO  [main] (PurchaseTest.java:92) - prodcategory page captured successfully...
2020-01-14 09:50:49 INFO  [main] (productPage.java:45) - product link successfully clicked...
2020-01-14 09:50:49 INFO  [main] (productPage.java:46) - product1 page successfully opened...
2020-01-14 09:50:49 INFO  [main] (PurchaseTest.java:102) - prodinprodcategory page successfully opened...
2020-01-14 09:50:49 INFO  [main] (PurchaseTest.java:103) - prodinprodcategory page captured successfully...
2020-01-14 09:50:59 INFO  [main] (productPage.java:45) - product link successfully clicked...
2020-01-14 09:50:59 INFO  [main] (productPage.java:46) - product1 page successfully opened...
2020-01-14 09:51:00 INFO  [main] (PurchaseProductPage.java:117) - product successfully added to cart...
2020-01-14 09:51:05 INFO  [main] (PurchaseTest.java:127) - storepage again opened successfully...
2020-01-14 09:51:05 INFO  [main] (PurchaseTest.java:128) - storepage again captured successfully....
2020-01-14 09:51:09 INFO  [main] (PurchaseTest.java:138) - cartpage opened successfully...
2020-01-14 09:51:09 INFO  [main] (PurchaseTest.java:139) - cartpage captured successfully....
2020-01-14 09:51:17 INFO  [main] (PurchaseTest.java:80) - storepage opened successfully...
2020-01-14 09:51:17 INFO  [main] (PurchaseTest.java:81) - storepage captured successfully....
2020-01-14 09:51:21 INFO  [main] (PurchaseTest.java:85) - category link successfully clicked...
2020-01-14 09:51:22 INFO  [main] (PurchaseTest.java:91) - prodcategory page successfully opened...
2020-01-14 09:51:22 INFO  [main] (PurchaseTest.java:92) - prodcategory page captured successfully...
2020-01-14 09:51:31 INFO  [main] (productPage.java:45) - product link successfully clicked...
2020-01-14 09:51:31 INFO  [main] (productPage.java:46) - product1 page successfully opened...
2020-01-14 09:51:32 INFO  [main] (PurchaseTest.java:102) - prodinprodcategory page successfully opened...
2020-01-14 09:51:32 INFO  [main] (PurchaseTest.java:103) - prodinprodcategory page captured successfully...
2020-01-14 09:51:52 ERROR [main] (productPage.java:50) - Exception occurred is:org.openqa.selenium.TimeoutException: Expected condition failed: waiting for element to be clickable: By.xpath: (//div[@class='content']//a[@href='http://localhost/Avactis/product-info.php?Avactis_Shopping_Cart_Web_Manual_-_Downloadable_products-pid33.html'])[2] (tried for 20 second(s) with 500 MILLISECONDS interval)
2020-01-14 09:52:12 ERROR [main] (PurchaseProductPage.java:80) - Exception occured:org.openqa.selenium.TimeoutException: Expected condition failed: waiting for element to be clickable: By.xpath: //option[@value='93'] (tried for 10 second(s) with 500 MILLISECONDS interval)
2020-01-14 09:52:32 ERROR [main] (PurchaseProductPage.java:90) - Exception occured:org.openqa.selenium.TimeoutException: Expected condition failed: waiting for element to be clickable: By.xpath: //option[@value='386'] (tried for 10 second(s) with 500 MILLISECONDS interval)
2020-01-14 09:52:52 ERROR [main] (PurchaseProductPage.java:99) - Exception occured:org.openqa.selenium.TimeoutException: Expected condition failed: waiting for element to be clickable: By.xpath: //option[@value='390'] (tried for 10 second(s) with 500 MILLISECONDS interval)
2020-01-14 09:52:53 INFO  [main] (PurchaseProductPage.java:117) - product successfully added to cart...
2020-01-14 09:52:57 INFO  [main] (PurchaseTest.java:127) - storepage again opened successfully...
2020-01-14 09:52:57 INFO  [main] (PurchaseTest.java:128) - storepage again captured successfully....
2020-01-14 09:53:01 INFO  [main] (PurchaseTest.java:138) - cartpage opened successfully...
2020-01-14 09:53:01 INFO  [main] (PurchaseTest.java:139) - cartpage captured successfully....
